Processing file: /cluster/project/eawag/p01002/nsdm_save//outputs/nsdm-project/d15_ensembles-fut/reg/covariate/217/2020/Acer campestre/Acer.campestre_reg_covariate_217_2020_ensemble.tif
Processing file: /cluster/project/eawag/p01002/nsdm_save//outputs/nsdm-project/d15_ensembles-fut/reg/covariate/217/2020/Lynx lynx/Lynx.lynx_reg_covariate_217_2020_ensemble.tif
Processing file: /cluster/project/eawag/p01002/nsdm_save//outputs/nsdm-project/d15_ensembles-fut/reg/covariate/217/2020/Achillea millefolium/Achillea.millefolium_reg_covariate_217_2020_ensemble.tif
Average raster saved to /cluster/project/eawag/p01002/nsdm_save//outputs/nsdm-project/NCPs/PERFS/PERFS_217_2020.tif with compression and optimized data type
Processing file: /cluster/project/eawag/p01002/nsdm_save//outputs/nsdm-project/d15_ensembles-fut/reg/covariate/217/2025/Acer campestre/Acer.campestre_reg_covariate_217_2025_ensemble.tif
Processing file: /cluster/project/eawag/p01002/nsdm_save//outputs/nsdm-project/d15_ensembles-fut/reg/covariate/217/2025/Lynx lynx/Lynx.lynx_reg_covariate_217_2025_ensemble.tif
Processing file: /cluster/project/eawag/p01002/nsdm_save//outputs/nsdm-project/d15_ensembles-fut/reg/covariate/217/2025/Achillea millefolium/Achillea.millefolium_reg_covariate_217_2025_ensemble.tif
Average raster saved to /cluster/project/eawag/p01002/nsdm_save//outputs/nsdm-project/NCPs/PERFS/PERFS_217_2025.tif with compression and optimized data type
Processing file: /cluster/project/eawag/p01002/nsdm_save//outputs/nsdm-project/d15_ensembles-fut/reg/covariate/217/2030/Acer campestre/Acer.campestre_reg_covariate_217_2030_ensemble.tif
Processing file: /cluster/project/eawag/p01002/nsdm_save//outputs/nsdm-project/d15_ensembles-fut/reg/covariate/217/2030/Lynx lynx/Lynx.lynx_reg_covariate_217_2030_ensemble.tif
Processing file: /cluster/project/eawag/p01002/nsdm_save//outputs/nsdm-project/d15_ensembles-fut/reg/covariate/217/2030/Achillea millefolium/Achillea.millefolium_reg_covariate_217_2030_ensemble.tif
Average raster saved to /cluster/project/eawag/p01002/nsdm_save//outputs/nsdm-project/NCPs/PERFS/PERFS_217_2030.tif with compression and optimized data type
Processing file: /cluster/project/eawag/p01002/nsdm_save//outputs/nsdm-project/d15_ensembles-fut/reg/covariate/217/2035/Acer campestre/Acer.campestre_reg_covariate_217_2035_ensemble.tif
Processing file: /cluster/project/eawag/p01002/nsdm_save//outputs/nsdm-project/d15_ensembles-fut/reg/covariate/217/2035/Lynx lynx/Lynx.lynx_reg_covariate_217_2035_ensemble.tif
Processing file: /cluster/project/eawag/p01002/nsdm_save//outputs/nsdm-project/d15_ensembles-fut/reg/covariate/217/2035/Achillea millefolium/Achillea.millefolium_reg_covariate_217_2035_ensemble.tif
Average raster saved to /cluster/project/eawag/p01002/nsdm_save//outputs/nsdm-project/NCPs/PERFS/PERFS_217_2035.tif with compression and optimized data type
Processing file: /cluster/project/eawag/p01002/nsdm_save//outputs/nsdm-project/d15_ensembles-fut/reg/covariate/217/2040/Acer campestre/Acer.campestre_reg_covariate_217_2040_ensemble.tif
Processing file: /cluster/project/eawag/p01002/nsdm_save//outputs/nsdm-project/d15_ensembles-fut/reg/covariate/217/2040/Lynx lynx/Lynx.lynx_reg_covariate_217_2040_ensemble.tif
Processing file: /cluster/project/eawag/p01002/nsdm_save//outputs/nsdm-project/d15_ensembles-fut/reg/covariate/217/2040/Achillea millefolium/Achillea.millefolium_reg_covariate_217_2040_ensemble.tif
Average raster saved to /cluster/project/eawag/p01002/nsdm_save//outputs/nsdm-project/NCPs/PERFS/PERFS_217_2040.tif with compression and optimized data type
Processing file: /cluster/project/eawag/p01002/nsdm_save//outputs/nsdm-project/d15_ensembles-fut/reg/covariate/217/2045/Acer campestre/Acer.campestre_reg_covariate_217_2045_ensemble.tif
Processing file: /cluster/project/eawag/p01002/nsdm_save//outputs/nsdm-project/d15_ensembles-fut/reg/covariate/217/2045/Lynx lynx/Lynx.lynx_reg_covariate_217_2045_ensemble.tif
Processing file: /cluster/project/eawag/p01002/nsdm_save//outputs/nsdm-project/d15_ensembles-fut/reg/covariate/217/2045/Achillea millefolium/Achillea.millefolium_reg_covariate_217_2045_ensemble.tif
Average raster saved to /cluster/project/eawag/p01002/nsdm_save//outputs/nsdm-project/NCPs/PERFS/PERFS_217_2045.tif with compression and optimized data type
Processing file: /cluster/project/eawag/p01002/nsdm_save//outputs/nsdm-project/d15_ensembles-fut/reg/covariate/217/2050/Acer campestre/Acer.campestre_reg_covariate_217_2050_ensemble.tif
Processing file: /cluster/project/eawag/p01002/nsdm_save//outputs/nsdm-project/d15_ensembles-fut/reg/covariate/217/2050/Lynx lynx/Lynx.lynx_reg_covariate_217_2050_ensemble.tif
Processing file: /cluster/project/eawag/p01002/nsdm_save//outputs/nsdm-project/d15_ensembles-fut/reg/covariate/217/2050/Achillea millefolium/Achillea.millefolium_reg_covariate_217_2050_ensemble.tif
Average raster saved to /cluster/project/eawag/p01002/nsdm_save//outputs/nsdm-project/NCPs/PERFS/PERFS_217_2050.tif with compression and optimized data type
Processing file: /cluster/project/eawag/p01002/nsdm_save//outputs/nsdm-project/d15_ensembles-fut/reg/covariate/217/2055/Acer campestre/Acer.campestre_reg_covariate_217_2055_ensemble.tif
Processing file: /cluster/project/eawag/p01002/nsdm_save//outputs/nsdm-project/d15_ensembles-fut/reg/covariate/217/2055/Lynx lynx/Lynx.lynx_reg_covariate_217_2055_ensemble.tif
Processing file: /cluster/project/eawag/p01002/nsdm_save//outputs/nsdm-project/d15_ensembles-fut/reg/covariate/217/2055/Achillea millefolium/Achillea.millefolium_reg_covariate_217_2055_ensemble.tif
Average raster saved to /cluster/project/eawag/p01002/nsdm_save//outputs/nsdm-project/NCPs/PERFS/PERFS_217_2055.tif with compression and optimized data type
Processing file: /cluster/project/eawag/p01002/nsdm_save//outputs/nsdm-project/d15_ensembles-fut/reg/covariate/217/2060/Acer campestre/Acer.campestre_reg_covariate_217_2060_ensemble.tif
Processing file: /cluster/project/eawag/p01002/nsdm_save//outputs/nsdm-project/d15_ensembles-fut/reg/covariate/217/2060/Lynx lynx/Lynx.lynx_reg_covariate_217_2060_ensemble.tif
Processing file: /cluster/project/eawag/p01002/nsdm_save//outputs/nsdm-project/d15_ensembles-fut/reg/covariate/217/2060/Achillea millefolium/Achillea.millefolium_reg_covariate_217_2060_ensemble.tif
Average raster saved to /cluster/project/eawag/p01002/nsdm_save//outputs/nsdm-project/NCPs/PERFS/PERFS_217_2060.tif with compression and optimized data type
Processing file: /cluster/project/eawag/p01002/nsdm_save//outputs/nsdm-project/d15_ensembles-fut/reg/covariate/218/2020/Acer campestre/Acer.campestre_reg_covariate_218_2020_ensemble.tif
Processing file: /cluster/project/eawag/p01002/nsdm_save//outputs/nsdm-project/d15_ensembles-fut/reg/covariate/218/2020/Lynx lynx/Lynx.lynx_reg_covariate_218_2020_ensemble.tif
Processing file: /cluster/project/eawag/p01002/nsdm_save//outputs/nsdm-project/d15_ensembles-fut/reg/covariate/218/2020/Achillea millefolium/Achillea.millefolium_reg_covariate_218_2020_ensemble.tif
Average raster saved to /cluster/project/eawag/p01002/nsdm_save//outputs/nsdm-project/NCPs/PERFS/PERFS_218_2020.tif with compression and optimized data type
Processing file: /cluster/project/eawag/p01002/nsdm_save//outputs/nsdm-project/d15_ensembles-fut/reg/covariate/218/2025/Acer campestre/Acer.campestre_reg_covariate_218_2025_ensemble.tif
Processing file: /cluster/project/eawag/p01002/nsdm_save//outputs/nsdm-project/d15_ensembles-fut/reg/covariate/218/2025/Lynx lynx/Lynx.lynx_reg_covariate_218_2025_ensemble.tif
Processing file: /cluster/project/eawag/p01002/nsdm_save//outputs/nsdm-project/d15_ensembles-fut/reg/covariate/218/2025/Achillea millefolium/Achillea.millefolium_reg_covariate_218_2025_ensemble.tif
Average raster saved to /cluster/project/eawag/p01002/nsdm_save//outputs/nsdm-project/NCPs/PERFS/PERFS_218_2025.tif with compression and optimized data type
Processing file: /cluster/project/eawag/p01002/nsdm_save//outputs/nsdm-project/d15_ensembles-fut/reg/covariate/218/2030/Acer campestre/Acer.campestre_reg_covariate_218_2030_ensemble.tif
Processing file: /cluster/project/eawag/p01002/nsdm_save//outputs/nsdm-project/d15_ensembles-fut/reg/covariate/218/2030/Lynx lynx/Lynx.lynx_reg_covariate_218_2030_ensemble.tif
Processing file: /cluster/project/eawag/p01002/nsdm_save//outputs/nsdm-project/d15_ensembles-fut/reg/covariate/218/2030/Achillea millefolium/Achillea.millefolium_reg_covariate_218_2030_ensemble.tif
Average raster saved to /cluster/project/eawag/p01002/nsdm_save//outputs/nsdm-project/NCPs/PERFS/PERFS_218_2030.tif with compression and optimized data type
Processing file: /cluster/project/eawag/p01002/nsdm_save//outputs/nsdm-project/d15_ensembles-fut/reg/covariate/218/2035/Acer campestre/Acer.campestre_reg_covariate_218_2035_ensemble.tif
Processing file: /cluster/project/eawag/p01002/nsdm_save//outputs/nsdm-project/d15_ensembles-fut/reg/covariate/218/2035/Lynx lynx/Lynx.lynx_reg_covariate_218_2035_ensemble.tif
Processing file: /cluster/project/eawag/p01002/nsdm_save//outputs/nsdm-project/d15_ensembles-fut/reg/covariate/218/2035/Achillea millefolium/Achillea.millefolium_reg_covariate_218_2035_ensemble.tif
Average raster saved to /cluster/project/eawag/p01002/nsdm_save//outputs/nsdm-project/NCPs/PERFS/PERFS_218_2035.tif with compression and optimized data type
Processing file: /cluster/project/eawag/p01002/nsdm_save//outputs/nsdm-project/d15_ensembles-fut/reg/covariate/218/2040/Acer campestre/Acer.campestre_reg_covariate_218_2040_ensemble.tif
Processing file: /cluster/project/eawag/p01002/nsdm_save//outputs/nsdm-project/d15_ensembles-fut/reg/covariate/218/2040/Lynx lynx/Lynx.lynx_reg_covariate_218_2040_ensemble.tif
Processing file: /cluster/project/eawag/p01002/nsdm_save//outputs/nsdm-project/d15_ensembles-fut/reg/covariate/218/2040/Achillea millefolium/Achillea.millefolium_reg_covariate_218_2040_ensemble.tif
Average raster saved to /cluster/project/eawag/p01002/nsdm_save//outputs/nsdm-project/NCPs/PERFS/PERFS_218_2040.tif with compression and optimized data type
Processing file: /cluster/project/eawag/p01002/nsdm_save//outputs/nsdm-project/d15_ensembles-fut/reg/covariate/218/2045/Acer campestre/Acer.campestre_reg_covariate_218_2045_ensemble.tif
Processing file: /cluster/project/eawag/p01002/nsdm_save//outputs/nsdm-project/d15_ensembles-fut/reg/covariate/218/2045/Lynx lynx/Lynx.lynx_reg_covariate_218_2045_ensemble.tif
Processing file: /cluster/project/eawag/p01002/nsdm_save//outputs/nsdm-project/d15_ensembles-fut/reg/covariate/218/2045/Achillea millefolium/Achillea.millefolium_reg_covariate_218_2045_ensemble.tif
Average raster saved to /cluster/project/eawag/p01002/nsdm_save//outputs/nsdm-project/NCPs/PERFS/PERFS_218_2045.tif with compression and optimized data type
Processing file: /cluster/project/eawag/p01002/nsdm_save//outputs/nsdm-project/d15_ensembles-fut/reg/covariate/218/2050/Acer campestre/Acer.campestre_reg_covariate_218_2050_ensemble.tif
Processing file: /cluster/project/eawag/p01002/nsdm_save//outputs/nsdm-project/d15_ensembles-fut/reg/covariate/218/2050/Lynx lynx/Lynx.lynx_reg_covariate_218_2050_ensemble.tif
Processing file: /cluster/project/eawag/p01002/nsdm_save//outputs/nsdm-project/d15_ensembles-fut/reg/covariate/218/2050/Achillea millefolium/Achillea.millefolium_reg_covariate_218_2050_ensemble.tif
Average raster saved to /cluster/project/eawag/p01002/nsdm_save//outputs/nsdm-project/NCPs/PERFS/PERFS_218_2050.tif with compression and optimized data type
Processing file: /cluster/project/eawag/p01002/nsdm_save//outputs/nsdm-project/d15_ensembles-fut/reg/covariate/218/2055/Acer campestre/Acer.campestre_reg_covariate_218_2055_ensemble.tif
Processing file: /cluster/project/eawag/p01002/nsdm_save//outputs/nsdm-project/d15_ensembles-fut/reg/covariate/218/2055/Lynx lynx/Lynx.lynx_reg_covariate_218_2055_ensemble.tif
Processing file: /cluster/project/eawag/p01002/nsdm_save//outputs/nsdm-project/d15_ensembles-fut/reg/covariate/218/2055/Achillea millefolium/Achillea.millefolium_reg_covariate_218_2055_ensemble.tif
Average raster saved to /cluster/project/eawag/p01002/nsdm_save//outputs/nsdm-project/NCPs/PERFS/PERFS_218_2055.tif with compression and optimized data type
Processing file: /cluster/project/eawag/p01002/nsdm_save//outputs/nsdm-project/d15_ensembles-fut/reg/covariate/218/2060/Acer campestre/Acer.campestre_reg_covariate_218_2060_ensemble.tif
Processing file: /cluster/project/eawag/p01002/nsdm_save//outputs/nsdm-project/d15_ensembles-fut/reg/covariate/218/2060/Lynx lynx/Lynx.lynx_reg_covariate_218_2060_ensemble.tif
Processing file: /cluster/project/eawag/p01002/nsdm_save//outputs/nsdm-project/d15_ensembles-fut/reg/covariate/218/2060/Achillea millefolium/Achillea.millefolium_reg_covariate_218_2060_ensemble.tif
Average raster saved to /cluster/project/eawag/p01002/nsdm_save//outputs/nsdm-project/NCPs/PERFS/PERFS_218_2060.tif with compression and optimized data type
Processing file: /cluster/project/eawag/p01002/nsdm_save//outputs/nsdm-project/d15_ensembles-fut/reg/covariate/219/2020/Acer campestre/Acer.campestre_reg_covariate_219_2020_ensemble.tif
Processing file: /cluster/project/eawag/p01002/nsdm_save//outputs/nsdm-project/d15_ensembles-fut/reg/covariate/219/2020/Lynx lynx/Lynx.lynx_reg_covariate_219_2020_ensemble.tif
Processing file: /cluster/project/eawag/p01002/nsdm_save//outputs/nsdm-project/d15_ensembles-fut/reg/covariate/219/2020/Achillea millefolium/Achillea.millefolium_reg_covariate_219_2020_ensemble.tif
Average raster saved to /cluster/project/eawag/p01002/nsdm_save//outputs/nsdm-project/NCPs/PERFS/PERFS_219_2020.tif with compression and optimized data type
Processing file: /cluster/project/eawag/p01002/nsdm_save//outputs/nsdm-project/d15_ensembles-fut/reg/covariate/219/2025/Acer campestre/Acer.campestre_reg_covariate_219_2025_ensemble.tif
Processing file: /cluster/project/eawag/p01002/nsdm_save//outputs/nsdm-project/d15_ensembles-fut/reg/covariate/219/2025/Lynx lynx/Lynx.lynx_reg_covariate_219_2025_ensemble.tif
Processing file: /cluster/project/eawag/p01002/nsdm_save//outputs/nsdm-project/d15_ensembles-fut/reg/covariate/219/2025/Achillea millefolium/Achillea.millefolium_reg_covariate_219_2025_ensemble.tif
Average raster saved to /cluster/project/eawag/p01002/nsdm_save//outputs/nsdm-project/NCPs/PERFS/PERFS_219_2025.tif with compression and optimized data type
Processing file: /cluster/project/eawag/p01002/nsdm_save//outputs/nsdm-project/d15_ensembles-fut/reg/covariate/219/2030/Acer campestre/Acer.campestre_reg_covariate_219_2030_ensemble.tif
Processing file: /cluster/project/eawag/p01002/nsdm_save//outputs/nsdm-project/d15_ensembles-fut/reg/covariate/219/2030/Lynx lynx/Lynx.lynx_reg_covariate_219_2030_ensemble.tif
Processing file: /cluster/project/eawag/p01002/nsdm_save//outputs/nsdm-project/d15_ensembles-fut/reg/covariate/219/2030/Achillea millefolium/Achillea.millefolium_reg_covariate_219_2030_ensemble.tif
Average raster saved to /cluster/project/eawag/p01002/nsdm_save//outputs/nsdm-project/NCPs/PERFS/PERFS_219_2030.tif with compression and optimized data type
Processing file: /cluster/project/eawag/p01002/nsdm_save//outputs/nsdm-project/d15_ensembles-fut/reg/covariate/219/2035/Acer campestre/Acer.campestre_reg_covariate_219_2035_ensemble.tif
Processing file: /cluster/project/eawag/p01002/nsdm_save//outputs/nsdm-project/d15_ensembles-fut/reg/covariate/219/2035/Lynx lynx/Lynx.lynx_reg_covariate_219_2035_ensemble.tif
Processing file: /cluster/project/eawag/p01002/nsdm_save//outputs/nsdm-project/d15_ensembles-fut/reg/covariate/219/2035/Achillea millefolium/Achillea.millefolium_reg_covariate_219_2035_ensemble.tif
Average raster saved to /cluster/project/eawag/p01002/nsdm_save//outputs/nsdm-project/NCPs/PERFS/PERFS_219_2035.tif with compression and optimized data type
Processing file: /cluster/project/eawag/p01002/nsdm_save//outputs/nsdm-project/d15_ensembles-fut/reg/covariate/219/2040/Acer campestre/Acer.campestre_reg_covariate_219_2040_ensemble.tif
Processing file: /cluster/project/eawag/p01002/nsdm_save//outputs/nsdm-project/d15_ensembles-fut/reg/covariate/219/2040/Lynx lynx/Lynx.lynx_reg_covariate_219_2040_ensemble.tif
Processing file: /cluster/project/eawag/p01002/nsdm_save//outputs/nsdm-project/d15_ensembles-fut/reg/covariate/219/2040/Achillea millefolium/Achillea.millefolium_reg_covariate_219_2040_ensemble.tif
Average raster saved to /cluster/project/eawag/p01002/nsdm_save//outputs/nsdm-project/NCPs/PERFS/PERFS_219_2040.tif with compression and optimized data type
Processing file: /cluster/project/eawag/p01002/nsdm_save//outputs/nsdm-project/d15_ensembles-fut/reg/covariate/219/2045/Acer campestre/Acer.campestre_reg_covariate_219_2045_ensemble.tif
Processing file: /cluster/project/eawag/p01002/nsdm_save//outputs/nsdm-project/d15_ensembles-fut/reg/covariate/219/2045/Lynx lynx/Lynx.lynx_reg_covariate_219_2045_ensemble.tif
Processing file: /cluster/project/eawag/p01002/nsdm_save//outputs/nsdm-project/d15_ensembles-fut/reg/covariate/219/2045/Achillea millefolium/Achillea.millefolium_reg_covariate_219_2045_ensemble.tif
Average raster saved to /cluster/project/eawag/p01002/nsdm_save//outputs/nsdm-project/NCPs/PERFS/PERFS_219_2045.tif with compression and optimized data type
Processing file: /cluster/project/eawag/p01002/nsdm_save//outputs/nsdm-project/d15_ensembles-fut/reg/covariate/219/2050/Acer campestre/Acer.campestre_reg_covariate_219_2050_ensemble.tif
Processing file: /cluster/project/eawag/p01002/nsdm_save//outputs/nsdm-project/d15_ensembles-fut/reg/covariate/219/2050/Lynx lynx/Lynx.lynx_reg_covariate_219_2050_ensemble.tif
Processing file: /cluster/project/eawag/p01002/nsdm_save//outputs/nsdm-project/d15_ensembles-fut/reg/covariate/219/2050/Achillea millefolium/Achillea.millefolium_reg_covariate_219_2050_ensemble.tif
Average raster saved to /cluster/project/eawag/p01002/nsdm_save//outputs/nsdm-project/NCPs/PERFS/PERFS_219_2050.tif with compression and optimized data type
Processing file: /cluster/project/eawag/p01002/nsdm_save//outputs/nsdm-project/d15_ensembles-fut/reg/covariate/219/2055/Acer campestre/Acer.campestre_reg_covariate_219_2055_ensemble.tif
Processing file: /cluster/project/eawag/p01002/nsdm_save//outputs/nsdm-project/d15_ensembles-fut/reg/covariate/219/2055/Lynx lynx/Lynx.lynx_reg_covariate_219_2055_ensemble.tif
Processing file: /cluster/project/eawag/p01002/nsdm_save//outputs/nsdm-project/d15_ensembles-fut/reg/covariate/219/2055/Achillea millefolium/Achillea.millefolium_reg_covariate_219_2055_ensemble.tif
Average raster saved to /cluster/project/eawag/p01002/nsdm_save//outputs/nsdm-project/NCPs/PERFS/PERFS_219_2055.tif with compression and optimized data type
Processing file: /cluster/project/eawag/p01002/nsdm_save//outputs/nsdm-project/d15_ensembles-fut/reg/covariate/219/2060/Acer campestre/Acer.campestre_reg_covariate_219_2060_ensemble.tif
Processing file: /cluster/project/eawag/p01002/nsdm_save//outputs/nsdm-project/d15_ensembles-fut/reg/covariate/219/2060/Lynx lynx/Lynx.lynx_reg_covariate_219_2060_ensemble.tif
Processing file: /cluster/project/eawag/p01002/nsdm_save//outputs/nsdm-project/d15_ensembles-fut/reg/covariate/219/2060/Achillea millefolium/Achillea.millefolium_reg_covariate_219_2060_ensemble.tif
Average raster saved to /cluster/project/eawag/p01002/nsdm_save//outputs/nsdm-project/NCPs/PERFS/PERFS_219_2060.tif with compression and optimized data type
Processing file: /cluster/project/eawag/p01002/nsdm_save//outputs/nsdm-project/d15_ensembles-fut/reg/covariate/1076/2020/Acer campestre/Acer.campestre_reg_covariate_1076_2020_ensemble.tif
Processing file: /cluster/project/eawag/p01002/nsdm_save//outputs/nsdm-project/d15_ensembles-fut/reg/covariate/1076/2020/Lynx lynx/Lynx.lynx_reg_covariate_1076_2020_ensemble.tif
Processing file: /cluster/project/eawag/p01002/nsdm_save//outputs/nsdm-project/d15_ensembles-fut/reg/covariate/1076/2020/Achillea millefolium/Achillea.millefolium_reg_covariate_1076_2020_ensemble.tif
Average raster saved to /cluster/project/eawag/p01002/nsdm_save//outputs/nsdm-project/NCPs/PERFS/PERFS_1076_2020.tif with compression and optimized data type
Processing file: /cluster/project/eawag/p01002/nsdm_save//outputs/nsdm-project/d15_ensembles-fut/reg/covariate/1076/2025/Acer campestre/Acer.campestre_reg_covariate_1076_2025_ensemble.tif
Processing file: /cluster/project/eawag/p01002/nsdm_save//outputs/nsdm-project/d15_ensembles-fut/reg/covariate/1076/2025/Lynx lynx/Lynx.lynx_reg_covariate_1076_2025_ensemble.tif
Processing file: /cluster/project/eawag/p01002/nsdm_save//outputs/nsdm-project/d15_ensembles-fut/reg/covariate/1076/2025/Achillea millefolium/Achillea.millefolium_reg_covariate_1076_2025_ensemble.tif
Average raster saved to /cluster/project/eawag/p01002/nsdm_save//outputs/nsdm-project/NCPs/PERFS/PERFS_1076_2025.tif with compression and optimized data type
Processing file: /cluster/project/eawag/p01002/nsdm_save//outputs/nsdm-project/d15_ensembles-fut/reg/covariate/1076/2030/Acer campestre/Acer.campestre_reg_covariate_1076_2030_ensemble.tif
Processing file: /cluster/project/eawag/p01002/nsdm_save//outputs/nsdm-project/d15_ensembles-fut/reg/covariate/1076/2030/Lynx lynx/Lynx.lynx_reg_covariate_1076_2030_ensemble.tif
Processing file: /cluster/project/eawag/p01002/nsdm_save//outputs/nsdm-project/d15_ensembles-fut/reg/covariate/1076/2030/Achillea millefolium/Achillea.millefolium_reg_covariate_1076_2030_ensemble.tif
Average raster saved to /cluster/project/eawag/p01002/nsdm_save//outputs/nsdm-project/NCPs/PERFS/PERFS_1076_2030.tif with compression and optimized data type
Processing file: /cluster/project/eawag/p01002/nsdm_save//outputs/nsdm-project/d15_ensembles-fut/reg/covariate/1076/2035/Acer campestre/Acer.campestre_reg_covariate_1076_2035_ensemble.tif
Processing file: /cluster/project/eawag/p01002/nsdm_save//outputs/nsdm-project/d15_ensembles-fut/reg/covariate/1076/2035/Lynx lynx/Lynx.lynx_reg_covariate_1076_2035_ensemble.tif
Processing file: /cluster/project/eawag/p01002/nsdm_save//outputs/nsdm-project/d15_ensembles-fut/reg/covariate/1076/2035/Achillea millefolium/Achillea.millefolium_reg_covariate_1076_2035_ensemble.tif
Average raster saved to /cluster/project/eawag/p01002/nsdm_save//outputs/nsdm-project/NCPs/PERFS/PERFS_1076_2035.tif with compression and optimized data type
Processing file: /cluster/project/eawag/p01002/nsdm_save//outputs/nsdm-project/d15_ensembles-fut/reg/covariate/1076/2040/Acer campestre/Acer.campestre_reg_covariate_1076_2040_ensemble.tif
Processing file: /cluster/project/eawag/p01002/nsdm_save//outputs/nsdm-project/d15_ensembles-fut/reg/covariate/1076/2040/Lynx lynx/Lynx.lynx_reg_covariate_1076_2040_ensemble.tif
Processing file: /cluster/project/eawag/p01002/nsdm_save//outputs/nsdm-project/d15_ensembles-fut/reg/covariate/1076/2040/Achillea millefolium/Achillea.millefolium_reg_covariate_1076_2040_ensemble.tif
Average raster saved to /cluster/project/eawag/p01002/nsdm_save//outputs/nsdm-project/NCPs/PERFS/PERFS_1076_2040.tif with compression and optimized data type
Processing file: /cluster/project/eawag/p01002/nsdm_save//outputs/nsdm-project/d15_ensembles-fut/reg/covariate/1076/2045/Acer campestre/Acer.campestre_reg_covariate_1076_2045_ensemble.tif
Processing file: /cluster/project/eawag/p01002/nsdm_save//outputs/nsdm-project/d15_ensembles-fut/reg/covariate/1076/2045/Lynx lynx/Lynx.lynx_reg_covariate_1076_2045_ensemble.tif
Processing file: /cluster/project/eawag/p01002/nsdm_save//outputs/nsdm-project/d15_ensembles-fut/reg/covariate/1076/2045/Achillea millefolium/Achillea.millefolium_reg_covariate_1076_2045_ensemble.tif
Average raster saved to /cluster/project/eawag/p01002/nsdm_save//outputs/nsdm-project/NCPs/PERFS/PERFS_1076_2045.tif with compression and optimized data type
Processing file: /cluster/project/eawag/p01002/nsdm_save//outputs/nsdm-project/d15_ensembles-fut/reg/covariate/1076/2050/Acer campestre/Acer.campestre_reg_covariate_1076_2050_ensemble.tif
Processing file: /cluster/project/eawag/p01002/nsdm_save//outputs/nsdm-project/d15_ensembles-fut/reg/covariate/1076/2050/Lynx lynx/Lynx.lynx_reg_covariate_1076_2050_ensemble.tif
Processing file: /cluster/project/eawag/p01002/nsdm_save//outputs/nsdm-project/d15_ensembles-fut/reg/covariate/1076/2050/Achillea millefolium/Achillea.millefolium_reg_covariate_1076_2050_ensemble.tif
Average raster saved to /cluster/project/eawag/p01002/nsdm_save//outputs/nsdm-project/NCPs/PERFS/PERFS_1076_2050.tif with compression and optimized data type
Processing file: /cluster/project/eawag/p01002/nsdm_save//outputs/nsdm-project/d15_ensembles-fut/reg/covariate/1076/2055/Acer campestre/Acer.campestre_reg_covariate_1076_2055_ensemble.tif
Processing file: /cluster/project/eawag/p01002/nsdm_save//outputs/nsdm-project/d15_ensembles-fut/reg/covariate/1076/2055/Lynx lynx/Lynx.lynx_reg_covariate_1076_2055_ensemble.tif
Processing file: /cluster/project/eawag/p01002/nsdm_save//outputs/nsdm-project/d15_ensembles-fut/reg/covariate/1076/2055/Achillea millefolium/Achillea.millefolium_reg_covariate_1076_2055_ensemble.tif
Average raster saved to /cluster/project/eawag/p01002/nsdm_save//outputs/nsdm-project/NCPs/PERFS/PERFS_1076_2055.tif with compression and optimized data type
Processing file: /cluster/project/eawag/p01002/nsdm_save//outputs/nsdm-project/d15_ensembles-fut/reg/covariate/1076/2060/Acer campestre/Acer.campestre_reg_covariate_1076_2060_ensemble.tif
Processing file: /cluster/project/eawag/p01002/nsdm_save//outputs/nsdm-project/d15_ensembles-fut/reg/covariate/1076/2060/Lynx lynx/Lynx.lynx_reg_covariate_1076_2060_ensemble.tif
Processing file: /cluster/project/eawag/p01002/nsdm_save//outputs/nsdm-project/d15_ensembles-fut/reg/covariate/1076/2060/Achillea millefolium/Achillea.millefolium_reg_covariate_1076_2060_ensemble.tif
Average raster saved to /cluster/project/eawag/p01002/nsdm_save//outputs/nsdm-project/NCPs/PERFS/PERFS_1076_2060.tif with compression and optimized data type
Processing file: /cluster/project/eawag/p01002/nsdm_save//outputs/nsdm-project/d15_ensembles-fut/reg/covariate/1077/2020/Acer campestre/Acer.campestre_reg_covariate_1077_2020_ensemble.tif
Processing file: /cluster/project/eawag/p01002/nsdm_save//outputs/nsdm-project/d15_ensembles-fut/reg/covariate/1077/2020/Lynx lynx/Lynx.lynx_reg_covariate_1077_2020_ensemble.tif
Processing file: /cluster/project/eawag/p01002/nsdm_save//outputs/nsdm-project/d15_ensembles-fut/reg/covariate/1077/2020/Achillea millefolium/Achillea.millefolium_reg_covariate_1077_2020_ensemble.tif
Average raster saved to /cluster/project/eawag/p01002/nsdm_save//outputs/nsdm-project/NCPs/PERFS/PERFS_1077_2020.tif with compression and optimized data type
Processing file: /cluster/project/eawag/p01002/nsdm_save//outputs/nsdm-project/d15_ensembles-fut/reg/covariate/1077/2025/Acer campestre/Acer.campestre_reg_covariate_1077_2025_ensemble.tif
Processing file: /cluster/project/eawag/p01002/nsdm_save//outputs/nsdm-project/d15_ensembles-fut/reg/covariate/1077/2025/Lynx lynx/Lynx.lynx_reg_covariate_1077_2025_ensemble.tif
Processing file: /cluster/project/eawag/p01002/nsdm_save//outputs/nsdm-project/d15_ensembles-fut/reg/covariate/1077/2025/Achillea millefolium/Achillea.millefolium_reg_covariate_1077_2025_ensemble.tif
Average raster saved to /cluster/project/eawag/p01002/nsdm_save//outputs/nsdm-project/NCPs/PERFS/PERFS_1077_2025.tif with compression and optimized data type
Processing file: /cluster/project/eawag/p01002/nsdm_save//outputs/nsdm-project/d15_ensembles-fut/reg/covariate/1077/2030/Acer campestre/Acer.campestre_reg_covariate_1077_2030_ensemble.tif
Processing file: /cluster/project/eawag/p01002/nsdm_save//outputs/nsdm-project/d15_ensembles-fut/reg/covariate/1077/2030/Lynx lynx/Lynx.lynx_reg_covariate_1077_2030_ensemble.tif
Processing file: /cluster/project/eawag/p01002/nsdm_save//outputs/nsdm-project/d15_ensembles-fut/reg/covariate/1077/2030/Achillea millefolium/Achillea.millefolium_reg_covariate_1077_2030_ensemble.tif
Average raster saved to /cluster/project/eawag/p01002/nsdm_save//outputs/nsdm-project/NCPs/PERFS/PERFS_1077_2030.tif with compression and optimized data type
Processing file: /cluster/project/eawag/p01002/nsdm_save//outputs/nsdm-project/d15_ensembles-fut/reg/covariate/1077/2035/Acer campestre/Acer.campestre_reg_covariate_1077_2035_ensemble.tif
Processing file: /cluster/project/eawag/p01002/nsdm_save//outputs/nsdm-project/d15_ensembles-fut/reg/covariate/1077/2035/Lynx lynx/Lynx.lynx_reg_covariate_1077_2035_ensemble.tif
Processing file: /cluster/project/eawag/p01002/nsdm_save//outputs/nsdm-project/d15_ensembles-fut/reg/covariate/1077/2035/Achillea millefolium/Achillea.millefolium_reg_covariate_1077_2035_ensemble.tif
Average raster saved to /cluster/project/eawag/p01002/nsdm_save//outputs/nsdm-project/NCPs/PERFS/PERFS_1077_2035.tif with compression and optimized data type
Processing file: /cluster/project/eawag/p01002/nsdm_save//outputs/nsdm-project/d15_ensembles-fut/reg/covariate/1077/2040/Acer campestre/Acer.campestre_reg_covariate_1077_2040_ensemble.tif
Processing file: /cluster/project/eawag/p01002/nsdm_save//outputs/nsdm-project/d15_ensembles-fut/reg/covariate/1077/2040/Lynx lynx/Lynx.lynx_reg_covariate_1077_2040_ensemble.tif
Processing file: /cluster/project/eawag/p01002/nsdm_save//outputs/nsdm-project/d15_ensembles-fut/reg/covariate/1077/2040/Achillea millefolium/Achillea.millefolium_reg_covariate_1077_2040_ensemble.tif
Average raster saved to /cluster/project/eawag/p01002/nsdm_save//outputs/nsdm-project/NCPs/PERFS/PERFS_1077_2040.tif with compression and optimized data type
Processing file: /cluster/project/eawag/p01002/nsdm_save//outputs/nsdm-project/d15_ensembles-fut/reg/covariate/1077/2045/Acer campestre/Acer.campestre_reg_covariate_1077_2045_ensemble.tif
Processing file: /cluster/project/eawag/p01002/nsdm_save//outputs/nsdm-project/d15_ensembles-fut/reg/covariate/1077/2045/Lynx lynx/Lynx.lynx_reg_covariate_1077_2045_ensemble.tif
Processing file: /cluster/project/eawag/p01002/nsdm_save//outputs/nsdm-project/d15_ensembles-fut/reg/covariate/1077/2045/Achillea millefolium/Achillea.millefolium_reg_covariate_1077_2045_ensemble.tif
Average raster saved to /cluster/project/eawag/p01002/nsdm_save//outputs/nsdm-project/NCPs/PERFS/PERFS_1077_2045.tif with compression and optimized data type
Processing file: /cluster/project/eawag/p01002/nsdm_save//outputs/nsdm-project/d15_ensembles-fut/reg/covariate/1077/2050/Acer campestre/Acer.campestre_reg_covariate_1077_2050_ensemble.tif
Processing file: /cluster/project/eawag/p01002/nsdm_save//outputs/nsdm-project/d15_ensembles-fut/reg/covariate/1077/2050/Lynx lynx/Lynx.lynx_reg_covariate_1077_2050_ensemble.tif
Processing file: /cluster/project/eawag/p01002/nsdm_save//outputs/nsdm-project/d15_ensembles-fut/reg/covariate/1077/2050/Achillea millefolium/Achillea.millefolium_reg_covariate_1077_2050_ensemble.tif
Average raster saved to /cluster/project/eawag/p01002/nsdm_save//outputs/nsdm-project/NCPs/PERFS/PERFS_1077_2050.tif with compression and optimized data type
Processing file: /cluster/project/eawag/p01002/nsdm_save//outputs/nsdm-project/d15_ensembles-fut/reg/covariate/1077/2055/Acer campestre/Acer.campestre_reg_covariate_1077_2055_ensemble.tif
Processing file: /cluster/project/eawag/p01002/nsdm_save//outputs/nsdm-project/d15_ensembles-fut/reg/covariate/1077/2055/Lynx lynx/Lynx.lynx_reg_covariate_1077_2055_ensemble.tif
Processing file: /cluster/project/eawag/p01002/nsdm_save//outputs/nsdm-project/d15_ensembles-fut/reg/covariate/1077/2055/Achillea millefolium/Achillea.millefolium_reg_covariate_1077_2055_ensemble.tif
Average raster saved to /cluster/project/eawag/p01002/nsdm_save//outputs/nsdm-project/NCPs/PERFS/PERFS_1077_2055.tif with compression and optimized data type
Processing file: /cluster/project/eawag/p01002/nsdm_save//outputs/nsdm-project/d15_ensembles-fut/reg/covariate/1077/2060/Acer campestre/Acer.campestre_reg_covariate_1077_2060_ensemble.tif
Processing file: /cluster/project/eawag/p01002/nsdm_save//outputs/nsdm-project/d15_ensembles-fut/reg/covariate/1077/2060/Lynx lynx/Lynx.lynx_reg_covariate_1077_2060_ensemble.tif
Processing file: /cluster/project/eawag/p01002/nsdm_save//outputs/nsdm-project/d15_ensembles-fut/reg/covariate/1077/2060/Achillea millefolium/Achillea.millefolium_reg_covariate_1077_2060_ensemble.tif
Average raster saved to /cluster/project/eawag/p01002/nsdm_save//outputs/nsdm-project/NCPs/PERFS/PERFS_1077_2060.tif with compression and optimized data type
Processing file: /cluster/project/eawag/p01002/nsdm_save//outputs/nsdm-project/d15_ensembles-fut/reg/covariate/1078/2020/Acer campestre/Acer.campestre_reg_covariate_1078_2020_ensemble.tif
Processing file: /cluster/project/eawag/p01002/nsdm_save//outputs/nsdm-project/d15_ensembles-fut/reg/covariate/1078/2020/Lynx lynx/Lynx.lynx_reg_covariate_1078_2020_ensemble.tif
Processing file: /cluster/project/eawag/p01002/nsdm_save//outputs/nsdm-project/d15_ensembles-fut/reg/covariate/1078/2020/Achillea millefolium/Achillea.millefolium_reg_covariate_1078_2020_ensemble.tif
Average raster saved to /cluster/project/eawag/p01002/nsdm_save//outputs/nsdm-project/NCPs/PERFS/PERFS_1078_2020.tif with compression and optimized data type
Processing file: /cluster/project/eawag/p01002/nsdm_save//outputs/nsdm-project/d15_ensembles-fut/reg/covariate/1078/2025/Acer campestre/Acer.campestre_reg_covariate_1078_2025_ensemble.tif
Processing file: /cluster/project/eawag/p01002/nsdm_save//outputs/nsdm-project/d15_ensembles-fut/reg/covariate/1078/2025/Lynx lynx/Lynx.lynx_reg_covariate_1078_2025_ensemble.tif
Processing file: /cluster/project/eawag/p01002/nsdm_save//outputs/nsdm-project/d15_ensembles-fut/reg/covariate/1078/2025/Achillea millefolium/Achillea.millefolium_reg_covariate_1078_2025_ensemble.tif
Average raster saved to /cluster/project/eawag/p01002/nsdm_save//outputs/nsdm-project/NCPs/PERFS/PERFS_1078_2025.tif with compression and optimized data type
Processing file: /cluster/project/eawag/p01002/nsdm_save//outputs/nsdm-project/d15_ensembles-fut/reg/covariate/1078/2030/Acer campestre/Acer.campestre_reg_covariate_1078_2030_ensemble.tif
Processing file: /cluster/project/eawag/p01002/nsdm_save//outputs/nsdm-project/d15_ensembles-fut/reg/covariate/1078/2030/Lynx lynx/Lynx.lynx_reg_covariate_1078_2030_ensemble.tif
Processing file: /cluster/project/eawag/p01002/nsdm_save//outputs/nsdm-project/d15_ensembles-fut/reg/covariate/1078/2030/Achillea millefolium/Achillea.millefolium_reg_covariate_1078_2030_ensemble.tif
Average raster saved to /cluster/project/eawag/p01002/nsdm_save//outputs/nsdm-project/NCPs/PERFS/PERFS_1078_2030.tif with compression and optimized data type
Processing file: /cluster/project/eawag/p01002/nsdm_save//outputs/nsdm-project/d15_ensembles-fut/reg/covariate/1078/2035/Acer campestre/Acer.campestre_reg_covariate_1078_2035_ensemble.tif
Processing file: /cluster/project/eawag/p01002/nsdm_save//outputs/nsdm-project/d15_ensembles-fut/reg/covariate/1078/2035/Lynx lynx/Lynx.lynx_reg_covariate_1078_2035_ensemble.tif
Processing file: /cluster/project/eawag/p01002/nsdm_save//outputs/nsdm-project/d15_ensembles-fut/reg/covariate/1078/2035/Achillea millefolium/Achillea.millefolium_reg_covariate_1078_2035_ensemble.tif
Average raster saved to /cluster/project/eawag/p01002/nsdm_save//outputs/nsdm-project/NCPs/PERFS/PERFS_1078_2035.tif with compression and optimized data type
Processing file: /cluster/project/eawag/p01002/nsdm_save//outputs/nsdm-project/d15_ensembles-fut/reg/covariate/1078/2040/Acer campestre/Acer.campestre_reg_covariate_1078_2040_ensemble.tif
Processing file: /cluster/project/eawag/p01002/nsdm_save//outputs/nsdm-project/d15_ensembles-fut/reg/covariate/1078/2040/Lynx lynx/Lynx.lynx_reg_covariate_1078_2040_ensemble.tif
Processing file: /cluster/project/eawag/p01002/nsdm_save//outputs/nsdm-project/d15_ensembles-fut/reg/covariate/1078/2040/Achillea millefolium/Achillea.millefolium_reg_covariate_1078_2040_ensemble.tif
Average raster saved to /cluster/project/eawag/p01002/nsdm_save//outputs/nsdm-project/NCPs/PERFS/PERFS_1078_2040.tif with compression and optimized data type
Processing file: /cluster/project/eawag/p01002/nsdm_save//outputs/nsdm-project/d15_ensembles-fut/reg/covariate/1078/2045/Acer campestre/Acer.campestre_reg_covariate_1078_2045_ensemble.tif
Processing file: /cluster/project/eawag/p01002/nsdm_save//outputs/nsdm-project/d15_ensembles-fut/reg/covariate/1078/2045/Lynx lynx/Lynx.lynx_reg_covariate_1078_2045_ensemble.tif
Processing file: /cluster/project/eawag/p01002/nsdm_save//outputs/nsdm-project/d15_ensembles-fut/reg/covariate/1078/2045/Achillea millefolium/Achillea.millefolium_reg_covariate_1078_2045_ensemble.tif
Average raster saved to /cluster/project/eawag/p01002/nsdm_save//outputs/nsdm-project/NCPs/PERFS/PERFS_1078_2045.tif with compression and optimized data type
Processing file: /cluster/project/eawag/p01002/nsdm_save//outputs/nsdm-project/d15_ensembles-fut/reg/covariate/1078/2050/Acer campestre/Acer.campestre_reg_covariate_1078_2050_ensemble.tif
Processing file: /cluster/project/eawag/p01002/nsdm_save//outputs/nsdm-project/d15_ensembles-fut/reg/covariate/1078/2050/Lynx lynx/Lynx.lynx_reg_covariate_1078_2050_ensemble.tif
Processing file: /cluster/project/eawag/p01002/nsdm_save//outputs/nsdm-project/d15_ensembles-fut/reg/covariate/1078/2050/Achillea millefolium/Achillea.millefolium_reg_covariate_1078_2050_ensemble.tif
Average raster saved to /cluster/project/eawag/p01002/nsdm_save//outputs/nsdm-project/NCPs/PERFS/PERFS_1078_2050.tif with compression and optimized data type
Processing file: /cluster/project/eawag/p01002/nsdm_save//outputs/nsdm-project/d15_ensembles-fut/reg/covariate/1078/2055/Acer campestre/Acer.campestre_reg_covariate_1078_2055_ensemble.tif
Processing file: /cluster/project/eawag/p01002/nsdm_save//outputs/nsdm-project/d15_ensembles-fut/reg/covariate/1078/2055/Lynx lynx/Lynx.lynx_reg_covariate_1078_2055_ensemble.tif
Processing file: /cluster/project/eawag/p01002/nsdm_save//outputs/nsdm-project/d15_ensembles-fut/reg/covariate/1078/2055/Achillea millefolium/Achillea.millefolium_reg_covariate_1078_2055_ensemble.tif
Average raster saved to /cluster/project/eawag/p01002/nsdm_save//outputs/nsdm-project/NCPs/PERFS/PERFS_1078_2055.tif with compression and optimized data type
Processing file: /cluster/project/eawag/p01002/nsdm_save//outputs/nsdm-project/d15_ensembles-fut/reg/covariate/1078/2060/Acer campestre/Acer.campestre_reg_covariate_1078_2060_ensemble.tif
Processing file: /cluster/project/eawag/p01002/nsdm_save//outputs/nsdm-project/d15_ensembles-fut/reg/covariate/1078/2060/Lynx lynx/Lynx.lynx_reg_covariate_1078_2060_ensemble.tif
Processing file: /cluster/project/eawag/p01002/nsdm_save//outputs/nsdm-project/d15_ensembles-fut/reg/covariate/1078/2060/Achillea millefolium/Achillea.millefolium_reg_covariate_1078_2060_ensemble.tif
Average raster saved to /cluster/project/eawag/p01002/nsdm_save//outputs/nsdm-project/NCPs/PERFS/PERFS_1078_2060.tif with compression and optimized data type
Processing file: /cluster/project/eawag/p01002/nsdm_save//outputs/nsdm-project/d15_ensembles-fut/reg/covariate/609/2020/Acer campestre/Acer.campestre_reg_covariate_609_2020_ensemble.tif
Processing file: /cluster/project/eawag/p01002/nsdm_save//outputs/nsdm-project/d15_ensembles-fut/reg/covariate/609/2020/Lynx lynx/Lynx.lynx_reg_covariate_609_2020_ensemble.tif
Processing file: /cluster/project/eawag/p01002/nsdm_save//outputs/nsdm-project/d15_ensembles-fut/reg/covariate/609/2020/Achillea millefolium/Achillea.millefolium_reg_covariate_609_2020_ensemble.tif
Average raster saved to /cluster/project/eawag/p01002/nsdm_save//outputs/nsdm-project/NCPs/PERFS/PERFS_609_2020.tif with compression and optimized data type
Processing file: /cluster/project/eawag/p01002/nsdm_save//outputs/nsdm-project/d15_ensembles-fut/reg/covariate/609/2025/Acer campestre/Acer.campestre_reg_covariate_609_2025_ensemble.tif
Processing file: /cluster/project/eawag/p01002/nsdm_save//outputs/nsdm-project/d15_ensembles-fut/reg/covariate/609/2025/Lynx lynx/Lynx.lynx_reg_covariate_609_2025_ensemble.tif
Processing file: /cluster/project/eawag/p01002/nsdm_save//outputs/nsdm-project/d15_ensembles-fut/reg/covariate/609/2025/Achillea millefolium/Achillea.millefolium_reg_covariate_609_2025_ensemble.tif
Average raster saved to /cluster/project/eawag/p01002/nsdm_save//outputs/nsdm-project/NCPs/PERFS/PERFS_609_2025.tif with compression and optimized data type
Processing file: /cluster/project/eawag/p01002/nsdm_save//outputs/nsdm-project/d15_ensembles-fut/reg/covariate/609/2030/Acer campestre/Acer.campestre_reg_covariate_609_2030_ensemble.tif
Processing file: /cluster/project/eawag/p01002/nsdm_save//outputs/nsdm-project/d15_ensembles-fut/reg/covariate/609/2030/Lynx lynx/Lynx.lynx_reg_covariate_609_2030_ensemble.tif
Processing file: /cluster/project/eawag/p01002/nsdm_save//outputs/nsdm-project/d15_ensembles-fut/reg/covariate/609/2030/Achillea millefolium/Achillea.millefolium_reg_covariate_609_2030_ensemble.tif
Average raster saved to /cluster/project/eawag/p01002/nsdm_save//outputs/nsdm-project/NCPs/PERFS/PERFS_609_2030.tif with compression and optimized data type
Processing file: /cluster/project/eawag/p01002/nsdm_save//outputs/nsdm-project/d15_ensembles-fut/reg/covariate/609/2035/Acer campestre/Acer.campestre_reg_covariate_609_2035_ensemble.tif
Processing file: /cluster/project/eawag/p01002/nsdm_save//outputs/nsdm-project/d15_ensembles-fut/reg/covariate/609/2035/Lynx lynx/Lynx.lynx_reg_covariate_609_2035_ensemble.tif
Processing file: /cluster/project/eawag/p01002/nsdm_save//outputs/nsdm-project/d15_ensembles-fut/reg/covariate/609/2035/Achillea millefolium/Achillea.millefolium_reg_covariate_609_2035_ensemble.tif
Average raster saved to /cluster/project/eawag/p01002/nsdm_save//outputs/nsdm-project/NCPs/PERFS/PERFS_609_2035.tif with compression and optimized data type
Processing file: /cluster/project/eawag/p01002/nsdm_save//outputs/nsdm-project/d15_ensembles-fut/reg/covariate/609/2040/Acer campestre/Acer.campestre_reg_covariate_609_2040_ensemble.tif
Processing file: /cluster/project/eawag/p01002/nsdm_save//outputs/nsdm-project/d15_ensembles-fut/reg/covariate/609/2040/Lynx lynx/Lynx.lynx_reg_covariate_609_2040_ensemble.tif
Processing file: /cluster/project/eawag/p01002/nsdm_save//outputs/nsdm-project/d15_ensembles-fut/reg/covariate/609/2040/Achillea millefolium/Achillea.millefolium_reg_covariate_609_2040_ensemble.tif
Average raster saved to /cluster/project/eawag/p01002/nsdm_save//outputs/nsdm-project/NCPs/PERFS/PERFS_609_2040.tif with compression and optimized data type
Processing file: /cluster/project/eawag/p01002/nsdm_save//outputs/nsdm-project/d15_ensembles-fut/reg/covariate/609/2045/Acer campestre/Acer.campestre_reg_covariate_609_2045_ensemble.tif
Processing file: /cluster/project/eawag/p01002/nsdm_save//outputs/nsdm-project/d15_ensembles-fut/reg/covariate/609/2045/Lynx lynx/Lynx.lynx_reg_covariate_609_2045_ensemble.tif
Processing file: /cluster/project/eawag/p01002/nsdm_save//outputs/nsdm-project/d15_ensembles-fut/reg/covariate/609/2045/Achillea millefolium/Achillea.millefolium_reg_covariate_609_2045_ensemble.tif
Average raster saved to /cluster/project/eawag/p01002/nsdm_save//outputs/nsdm-project/NCPs/PERFS/PERFS_609_2045.tif with compression and optimized data type
Processing file: /cluster/project/eawag/p01002/nsdm_save//outputs/nsdm-project/d15_ensembles-fut/reg/covariate/609/2050/Acer campestre/Acer.campestre_reg_covariate_609_2050_ensemble.tif
Processing file: /cluster/project/eawag/p01002/nsdm_save//outputs/nsdm-project/d15_ensembles-fut/reg/covariate/609/2050/Lynx lynx/Lynx.lynx_reg_covariate_609_2050_ensemble.tif
Processing file: /cluster/project/eawag/p01002/nsdm_save//outputs/nsdm-project/d15_ensembles-fut/reg/covariate/609/2050/Achillea millefolium/Achillea.millefolium_reg_covariate_609_2050_ensemble.tif
Average raster saved to /cluster/project/eawag/p01002/nsdm_save//outputs/nsdm-project/NCPs/PERFS/PERFS_609_2050.tif with compression and optimized data type
Processing file: /cluster/project/eawag/p01002/nsdm_save//outputs/nsdm-project/d15_ensembles-fut/reg/covariate/609/2055/Acer campestre/Acer.campestre_reg_covariate_609_2055_ensemble.tif
Processing file: /cluster/project/eawag/p01002/nsdm_save//outputs/nsdm-project/d15_ensembles-fut/reg/covariate/609/2055/Lynx lynx/Lynx.lynx_reg_covariate_609_2055_ensemble.tif
Processing file: /cluster/project/eawag/p01002/nsdm_save//outputs/nsdm-project/d15_ensembles-fut/reg/covariate/609/2055/Achillea millefolium/Achillea.millefolium_reg_covariate_609_2055_ensemble.tif
Average raster saved to /cluster/project/eawag/p01002/nsdm_save//outputs/nsdm-project/NCPs/PERFS/PERFS_609_2055.tif with compression and optimized data type
Processing file: /cluster/project/eawag/p01002/nsdm_save//outputs/nsdm-project/d15_ensembles-fut/reg/covariate/609/2060/Acer campestre/Acer.campestre_reg_covariate_609_2060_ensemble.tif
Processing file: /cluster/project/eawag/p01002/nsdm_save//outputs/nsdm-project/d15_ensembles-fut/reg/covariate/609/2060/Lynx lynx/Lynx.lynx_reg_covariate_609_2060_ensemble.tif
Processing file: /cluster/project/eawag/p01002/nsdm_save//outputs/nsdm-project/d15_ensembles-fut/reg/covariate/609/2060/Achillea millefolium/Achillea.millefolium_reg_covariate_609_2060_ensemble.tif
Average raster saved to /cluster/project/eawag/p01002/nsdm_save//outputs/nsdm-project/NCPs/PERFS/PERFS_609_2060.tif with compression and optimized data type
Processing file: /cluster/project/eawag/p01002/nsdm_save//outputs/nsdm-project/d15_ensembles-fut/reg/covariate/610/2020/Acer campestre/Acer.campestre_reg_covariate_610_2020_ensemble.tif
Processing file: /cluster/project/eawag/p01002/nsdm_save//outputs/nsdm-project/d15_ensembles-fut/reg/covariate/610/2020/Lynx lynx/Lynx.lynx_reg_covariate_610_2020_ensemble.tif
Processing file: /cluster/project/eawag/p01002/nsdm_save//outputs/nsdm-project/d15_ensembles-fut/reg/covariate/610/2020/Achillea millefolium/Achillea.millefolium_reg_covariate_610_2020_ensemble.tif
Average raster saved to /cluster/project/eawag/p01002/nsdm_save//outputs/nsdm-project/NCPs/PERFS/PERFS_610_2020.tif with compression and optimized data type
Processing file: /cluster/project/eawag/p01002/nsdm_save//outputs/nsdm-project/d15_ensembles-fut/reg/covariate/610/2025/Acer campestre/Acer.campestre_reg_covariate_610_2025_ensemble.tif
Processing file: /cluster/project/eawag/p01002/nsdm_save//outputs/nsdm-project/d15_ensembles-fut/reg/covariate/610/2025/Lynx lynx/Lynx.lynx_reg_covariate_610_2025_ensemble.tif
Processing file: /cluster/project/eawag/p01002/nsdm_save//outputs/nsdm-project/d15_ensembles-fut/reg/covariate/610/2025/Achillea millefolium/Achillea.millefolium_reg_covariate_610_2025_ensemble.tif
Average raster saved to /cluster/project/eawag/p01002/nsdm_save//outputs/nsdm-project/NCPs/PERFS/PERFS_610_2025.tif with compression and optimized data type
Processing file: /cluster/project/eawag/p01002/nsdm_save//outputs/nsdm-project/d15_ensembles-fut/reg/covariate/610/2030/Acer campestre/Acer.campestre_reg_covariate_610_2030_ensemble.tif
Processing file: /cluster/project/eawag/p01002/nsdm_save//outputs/nsdm-project/d15_ensembles-fut/reg/covariate/610/2030/Lynx lynx/Lynx.lynx_reg_covariate_610_2030_ensemble.tif
Processing file: /cluster/project/eawag/p01002/nsdm_save//outputs/nsdm-project/d15_ensembles-fut/reg/covariate/610/2030/Achillea millefolium/Achillea.millefolium_reg_covariate_610_2030_ensemble.tif
Average raster saved to /cluster/project/eawag/p01002/nsdm_save//outputs/nsdm-project/NCPs/PERFS/PERFS_610_2030.tif with compression and optimized data type
Processing file: /cluster/project/eawag/p01002/nsdm_save//outputs/nsdm-project/d15_ensembles-fut/reg/covariate/610/2035/Acer campestre/Acer.campestre_reg_covariate_610_2035_ensemble.tif
Processing file: /cluster/project/eawag/p01002/nsdm_save//outputs/nsdm-project/d15_ensembles-fut/reg/covariate/610/2035/Lynx lynx/Lynx.lynx_reg_covariate_610_2035_ensemble.tif
Processing file: /cluster/project/eawag/p01002/nsdm_save//outputs/nsdm-project/d15_ensembles-fut/reg/covariate/610/2035/Achillea millefolium/Achillea.millefolium_reg_covariate_610_2035_ensemble.tif
Average raster saved to /cluster/project/eawag/p01002/nsdm_save//outputs/nsdm-project/NCPs/PERFS/PERFS_610_2035.tif with compression and optimized data type
Processing file: /cluster/project/eawag/p01002/nsdm_save//outputs/nsdm-project/d15_ensembles-fut/reg/covariate/610/2040/Acer campestre/Acer.campestre_reg_covariate_610_2040_ensemble.tif
Processing file: /cluster/project/eawag/p01002/nsdm_save//outputs/nsdm-project/d15_ensembles-fut/reg/covariate/610/2040/Lynx lynx/Lynx.lynx_reg_covariate_610_2040_ensemble.tif
Processing file: /cluster/project/eawag/p01002/nsdm_save//outputs/nsdm-project/d15_ensembles-fut/reg/covariate/610/2040/Achillea millefolium/Achillea.millefolium_reg_covariate_610_2040_ensemble.tif
Average raster saved to /cluster/project/eawag/p01002/nsdm_save//outputs/nsdm-project/NCPs/PERFS/PERFS_610_2040.tif with compression and optimized data type
Processing file: /cluster/project/eawag/p01002/nsdm_save//outputs/nsdm-project/d15_ensembles-fut/reg/covariate/610/2045/Acer campestre/Acer.campestre_reg_covariate_610_2045_ensemble.tif
Processing file: /cluster/project/eawag/p01002/nsdm_save//outputs/nsdm-project/d15_ensembles-fut/reg/covariate/610/2045/Lynx lynx/Lynx.lynx_reg_covariate_610_2045_ensemble.tif
Processing file: /cluster/project/eawag/p01002/nsdm_save//outputs/nsdm-project/d15_ensembles-fut/reg/covariate/610/2045/Achillea millefolium/Achillea.millefolium_reg_covariate_610_2045_ensemble.tif
Average raster saved to /cluster/project/eawag/p01002/nsdm_save//outputs/nsdm-project/NCPs/PERFS/PERFS_610_2045.tif with compression and optimized data type
Processing file: /cluster/project/eawag/p01002/nsdm_save//outputs/nsdm-project/d15_ensembles-fut/reg/covariate/610/2050/Acer campestre/Acer.campestre_reg_covariate_610_2050_ensemble.tif
Processing file: /cluster/project/eawag/p01002/nsdm_save//outputs/nsdm-project/d15_ensembles-fut/reg/covariate/610/2050/Lynx lynx/Lynx.lynx_reg_covariate_610_2050_ensemble.tif
Processing file: /cluster/project/eawag/p01002/nsdm_save//outputs/nsdm-project/d15_ensembles-fut/reg/covariate/610/2050/Achillea millefolium/Achillea.millefolium_reg_covariate_610_2050_ensemble.tif
Average raster saved to /cluster/project/eawag/p01002/nsdm_save//outputs/nsdm-project/NCPs/PERFS/PERFS_610_2050.tif with compression and optimized data type
Processing file: /cluster/project/eawag/p01002/nsdm_save//outputs/nsdm-project/d15_ensembles-fut/reg/covariate/610/2055/Acer campestre/Acer.campestre_reg_covariate_610_2055_ensemble.tif
Processing file: /cluster/project/eawag/p01002/nsdm_save//outputs/nsdm-project/d15_ensembles-fut/reg/covariate/610/2055/Lynx lynx/Lynx.lynx_reg_covariate_610_2055_ensemble.tif
Processing file: /cluster/project/eawag/p01002/nsdm_save//outputs/nsdm-project/d15_ensembles-fut/reg/covariate/610/2055/Achillea millefolium/Achillea.millefolium_reg_covariate_610_2055_ensemble.tif
Average raster saved to /cluster/project/eawag/p01002/nsdm_save//outputs/nsdm-project/NCPs/PERFS/PERFS_610_2055.tif with compression and optimized data type
Processing file: /cluster/project/eawag/p01002/nsdm_save//outputs/nsdm-project/d15_ensembles-fut/reg/covariate/610/2060/Acer campestre/Acer.campestre_reg_covariate_610_2060_ensemble.tif
Processing file: /cluster/project/eawag/p01002/nsdm_save//outputs/nsdm-project/d15_ensembles-fut/reg/covariate/610/2060/Lynx lynx/Lynx.lynx_reg_covariate_610_2060_ensemble.tif
Processing file: /cluster/project/eawag/p01002/nsdm_save//outputs/nsdm-project/d15_ensembles-fut/reg/covariate/610/2060/Achillea millefolium/Achillea.millefolium_reg_covariate_610_2060_ensemble.tif
Average raster saved to /cluster/project/eawag/p01002/nsdm_save//outputs/nsdm-project/NCPs/PERFS/PERFS_610_2060.tif with compression and optimized data type
Processing file: /cluster/project/eawag/p01002/nsdm_save//outputs/nsdm-project/d15_ensembles-fut/reg/covariate/611/2020/Acer campestre/Acer.campestre_reg_covariate_611_2020_ensemble.tif
Processing file: /cluster/project/eawag/p01002/nsdm_save//outputs/nsdm-project/d15_ensembles-fut/reg/covariate/611/2020/Lynx lynx/Lynx.lynx_reg_covariate_611_2020_ensemble.tif
Processing file: /cluster/project/eawag/p01002/nsdm_save//outputs/nsdm-project/d15_ensembles-fut/reg/covariate/611/2020/Achillea millefolium/Achillea.millefolium_reg_covariate_611_2020_ensemble.tif
Average raster saved to /cluster/project/eawag/p01002/nsdm_save//outputs/nsdm-project/NCPs/PERFS/PERFS_611_2020.tif with compression and optimized data type
Processing file: /cluster/project/eawag/p01002/nsdm_save//outputs/nsdm-project/d15_ensembles-fut/reg/covariate/611/2025/Acer campestre/Acer.campestre_reg_covariate_611_2025_ensemble.tif
Processing file: /cluster/project/eawag/p01002/nsdm_save//outputs/nsdm-project/d15_ensembles-fut/reg/covariate/611/2025/Lynx lynx/Lynx.lynx_reg_covariate_611_2025_ensemble.tif
Processing file: /cluster/project/eawag/p01002/nsdm_save//outputs/nsdm-project/d15_ensembles-fut/reg/covariate/611/2025/Achillea millefolium/Achillea.millefolium_reg_covariate_611_2025_ensemble.tif
Average raster saved to /cluster/project/eawag/p01002/nsdm_save//outputs/nsdm-project/NCPs/PERFS/PERFS_611_2025.tif with compression and optimized data type
Processing file: /cluster/project/eawag/p01002/nsdm_save//outputs/nsdm-project/d15_ensembles-fut/reg/covariate/611/2030/Acer campestre/Acer.campestre_reg_covariate_611_2030_ensemble.tif
Processing file: /cluster/project/eawag/p01002/nsdm_save//outputs/nsdm-project/d15_ensembles-fut/reg/covariate/611/2030/Lynx lynx/Lynx.lynx_reg_covariate_611_2030_ensemble.tif
Processing file: /cluster/project/eawag/p01002/nsdm_save//outputs/nsdm-project/d15_ensembles-fut/reg/covariate/611/2030/Achillea millefolium/Achillea.millefolium_reg_covariate_611_2030_ensemble.tif
Average raster saved to /cluster/project/eawag/p01002/nsdm_save//outputs/nsdm-project/NCPs/PERFS/PERFS_611_2030.tif with compression and optimized data type
Processing file: /cluster/project/eawag/p01002/nsdm_save//outputs/nsdm-project/d15_ensembles-fut/reg/covariate/611/2035/Acer campestre/Acer.campestre_reg_covariate_611_2035_ensemble.tif
Processing file: /cluster/project/eawag/p01002/nsdm_save//outputs/nsdm-project/d15_ensembles-fut/reg/covariate/611/2035/Lynx lynx/Lynx.lynx_reg_covariate_611_2035_ensemble.tif
Processing file: /cluster/project/eawag/p01002/nsdm_save//outputs/nsdm-project/d15_ensembles-fut/reg/covariate/611/2035/Achillea millefolium/Achillea.millefolium_reg_covariate_611_2035_ensemble.tif
Average raster saved to /cluster/project/eawag/p01002/nsdm_save//outputs/nsdm-project/NCPs/PERFS/PERFS_611_2035.tif with compression and optimized data type
Processing file: /cluster/project/eawag/p01002/nsdm_save//outputs/nsdm-project/d15_ensembles-fut/reg/covariate/611/2040/Acer campestre/Acer.campestre_reg_covariate_611_2040_ensemble.tif
Processing file: /cluster/project/eawag/p01002/nsdm_save//outputs/nsdm-project/d15_ensembles-fut/reg/covariate/611/2040/Lynx lynx/Lynx.lynx_reg_covariate_611_2040_ensemble.tif
Processing file: /cluster/project/eawag/p01002/nsdm_save//outputs/nsdm-project/d15_ensembles-fut/reg/covariate/611/2040/Achillea millefolium/Achillea.millefolium_reg_covariate_611_2040_ensemble.tif
Average raster saved to /cluster/project/eawag/p01002/nsdm_save//outputs/nsdm-project/NCPs/PERFS/PERFS_611_2040.tif with compression and optimized data type
Processing file: /cluster/project/eawag/p01002/nsdm_save//outputs/nsdm-project/d15_ensembles-fut/reg/covariate/611/2045/Acer campestre/Acer.campestre_reg_covariate_611_2045_ensemble.tif
Processing file: /cluster/project/eawag/p01002/nsdm_save//outputs/nsdm-project/d15_ensembles-fut/reg/covariate/611/2045/Lynx lynx/Lynx.lynx_reg_covariate_611_2045_ensemble.tif
Processing file: /cluster/project/eawag/p01002/nsdm_save//outputs/nsdm-project/d15_ensembles-fut/reg/covariate/611/2045/Achillea millefolium/Achillea.millefolium_reg_covariate_611_2045_ensemble.tif
Average raster saved to /cluster/project/eawag/p01002/nsdm_save//outputs/nsdm-project/NCPs/PERFS/PERFS_611_2045.tif with compression and optimized data type
Processing file: /cluster/project/eawag/p01002/nsdm_save//outputs/nsdm-project/d15_ensembles-fut/reg/covariate/611/2050/Acer campestre/Acer.campestre_reg_covariate_611_2050_ensemble.tif
Processing file: /cluster/project/eawag/p01002/nsdm_save//outputs/nsdm-project/d15_ensembles-fut/reg/covariate/611/2050/Lynx lynx/Lynx.lynx_reg_covariate_611_2050_ensemble.tif
Processing file: /cluster/project/eawag/p01002/nsdm_save//outputs/nsdm-project/d15_ensembles-fut/reg/covariate/611/2050/Achillea millefolium/Achillea.millefolium_reg_covariate_611_2050_ensemble.tif
Average raster saved to /cluster/project/eawag/p01002/nsdm_save//outputs/nsdm-project/NCPs/PERFS/PERFS_611_2050.tif with compression and optimized data type
Processing file: /cluster/project/eawag/p01002/nsdm_save//outputs/nsdm-project/d15_ensembles-fut/reg/covariate/611/2055/Acer campestre/Acer.campestre_reg_covariate_611_2055_ensemble.tif
Processing file: /cluster/project/eawag/p01002/nsdm_save//outputs/nsdm-project/d15_ensembles-fut/reg/covariate/611/2055/Lynx lynx/Lynx.lynx_reg_covariate_611_2055_ensemble.tif
Processing file: /cluster/project/eawag/p01002/nsdm_save//outputs/nsdm-project/d15_ensembles-fut/reg/covariate/611/2055/Achillea millefolium/Achillea.millefolium_reg_covariate_611_2055_ensemble.tif
Average raster saved to /cluster/project/eawag/p01002/nsdm_save//outputs/nsdm-project/NCPs/PERFS/PERFS_611_2055.tif with compression and optimized data type
Processing file: /cluster/project/eawag/p01002/nsdm_save//outputs/nsdm-project/d15_ensembles-fut/reg/covariate/611/2060/Acer campestre/Acer.campestre_reg_covariate_611_2060_ensemble.tif
Processing file: /cluster/project/eawag/p01002/nsdm_save//outputs/nsdm-project/d15_ensembles-fut/reg/covariate/611/2060/Lynx lynx/Lynx.lynx_reg_covariate_611_2060_ensemble.tif
Processing file: /cluster/project/eawag/p01002/nsdm_save//outputs/nsdm-project/d15_ensembles-fut/reg/covariate/611/2060/Achillea millefolium/Achillea.millefolium_reg_covariate_611_2060_ensemble.tif
Average raster saved to /cluster/project/eawag/p01002/nsdm_save//outputs/nsdm-project/NCPs/PERFS/PERFS_611_2060.tif with compression and optimized data type
Processing file: /cluster/project/eawag/p01002/nsdm_save//outputs/nsdm-project/d15_ensembles-fut/reg/covariate/772/2020/Acer campestre/Acer.campestre_reg_covariate_772_2020_ensemble.tif
Processing file: /cluster/project/eawag/p01002/nsdm_save//outputs/nsdm-project/d15_ensembles-fut/reg/covariate/772/2020/Lynx lynx/Lynx.lynx_reg_covariate_772_2020_ensemble.tif
Processing file: /cluster/project/eawag/p01002/nsdm_save//outputs/nsdm-project/d15_ensembles-fut/reg/covariate/772/2020/Achillea millefolium/Achillea.millefolium_reg_covariate_772_2020_ensemble.tif
Average raster saved to /cluster/project/eawag/p01002/nsdm_save//outputs/nsdm-project/NCPs/PERFS/PERFS_772_2020.tif with compression and optimized data type
Processing file: /cluster/project/eawag/p01002/nsdm_save//outputs/nsdm-project/d15_ensembles-fut/reg/covariate/772/2025/Acer campestre/Acer.campestre_reg_covariate_772_2025_ensemble.tif
Processing file: /cluster/project/eawag/p01002/nsdm_save//outputs/nsdm-project/d15_ensembles-fut/reg/covariate/772/2025/Lynx lynx/Lynx.lynx_reg_covariate_772_2025_ensemble.tif
Processing file: /cluster/project/eawag/p01002/nsdm_save//outputs/nsdm-project/d15_ensembles-fut/reg/covariate/772/2025/Achillea millefolium/Achillea.millefolium_reg_covariate_772_2025_ensemble.tif
Average raster saved to /cluster/project/eawag/p01002/nsdm_save//outputs/nsdm-project/NCPs/PERFS/PERFS_772_2025.tif with compression and optimized data type
Processing file: /cluster/project/eawag/p01002/nsdm_save//outputs/nsdm-project/d15_ensembles-fut/reg/covariate/772/2030/Acer campestre/Acer.campestre_reg_covariate_772_2030_ensemble.tif
Processing file: /cluster/project/eawag/p01002/nsdm_save//outputs/nsdm-project/d15_ensembles-fut/reg/covariate/772/2030/Lynx lynx/Lynx.lynx_reg_covariate_772_2030_ensemble.tif
Processing file: /cluster/project/eawag/p01002/nsdm_save//outputs/nsdm-project/d15_ensembles-fut/reg/covariate/772/2030/Achillea millefolium/Achillea.millefolium_reg_covariate_772_2030_ensemble.tif
Average raster saved to /cluster/project/eawag/p01002/nsdm_save//outputs/nsdm-project/NCPs/PERFS/PERFS_772_2030.tif with compression and optimized data type
Processing file: /cluster/project/eawag/p01002/nsdm_save//outputs/nsdm-project/d15_ensembles-fut/reg/covariate/772/2035/Acer campestre/Acer.campestre_reg_covariate_772_2035_ensemble.tif
Processing file: /cluster/project/eawag/p01002/nsdm_save//outputs/nsdm-project/d15_ensembles-fut/reg/covariate/772/2035/Lynx lynx/Lynx.lynx_reg_covariate_772_2035_ensemble.tif
Processing file: /cluster/project/eawag/p01002/nsdm_save//outputs/nsdm-project/d15_ensembles-fut/reg/covariate/772/2035/Achillea millefolium/Achillea.millefolium_reg_covariate_772_2035_ensemble.tif
Average raster saved to /cluster/project/eawag/p01002/nsdm_save//outputs/nsdm-project/NCPs/PERFS/PERFS_772_2035.tif with compression and optimized data type
Processing file: /cluster/project/eawag/p01002/nsdm_save//outputs/nsdm-project/d15_ensembles-fut/reg/covariate/772/2040/Acer campestre/Acer.campestre_reg_covariate_772_2040_ensemble.tif
Processing file: /cluster/project/eawag/p01002/nsdm_save//outputs/nsdm-project/d15_ensembles-fut/reg/covariate/772/2040/Lynx lynx/Lynx.lynx_reg_covariate_772_2040_ensemble.tif
Processing file: /cluster/project/eawag/p01002/nsdm_save//outputs/nsdm-project/d15_ensembles-fut/reg/covariate/772/2040/Achillea millefolium/Achillea.millefolium_reg_covariate_772_2040_ensemble.tif
Average raster saved to /cluster/project/eawag/p01002/nsdm_save//outputs/nsdm-project/NCPs/PERFS/PERFS_772_2040.tif with compression and optimized data type
Processing file: /cluster/project/eawag/p01002/nsdm_save//outputs/nsdm-project/d15_ensembles-fut/reg/covariate/772/2045/Acer campestre/Acer.campestre_reg_covariate_772_2045_ensemble.tif
Processing file: /cluster/project/eawag/p01002/nsdm_save//outputs/nsdm-project/d15_ensembles-fut/reg/covariate/772/2045/Lynx lynx/Lynx.lynx_reg_covariate_772_2045_ensemble.tif
Processing file: /cluster/project/eawag/p01002/nsdm_save//outputs/nsdm-project/d15_ensembles-fut/reg/covariate/772/2045/Achillea millefolium/Achillea.millefolium_reg_covariate_772_2045_ensemble.tif
Average raster saved to /cluster/project/eawag/p01002/nsdm_save//outputs/nsdm-project/NCPs/PERFS/PERFS_772_2045.tif with compression and optimized data type
Processing file: /cluster/project/eawag/p01002/nsdm_save//outputs/nsdm-project/d15_ensembles-fut/reg/covariate/772/2050/Acer campestre/Acer.campestre_reg_covariate_772_2050_ensemble.tif
Processing file: /cluster/project/eawag/p01002/nsdm_save//outputs/nsdm-project/d15_ensembles-fut/reg/covariate/772/2050/Lynx lynx/Lynx.lynx_reg_covariate_772_2050_ensemble.tif
Processing file: /cluster/project/eawag/p01002/nsdm_save//outputs/nsdm-project/d15_ensembles-fut/reg/covariate/772/2050/Achillea millefolium/Achillea.millefolium_reg_covariate_772_2050_ensemble.tif
Average raster saved to /cluster/project/eawag/p01002/nsdm_save//outputs/nsdm-project/NCPs/PERFS/PERFS_772_2050.tif with compression and optimized data type
Processing file: /cluster/project/eawag/p01002/nsdm_save//outputs/nsdm-project/d15_ensembles-fut/reg/covariate/772/2055/Acer campestre/Acer.campestre_reg_covariate_772_2055_ensemble.tif
Processing file: /cluster/project/eawag/p01002/nsdm_save//outputs/nsdm-project/d15_ensembles-fut/reg/covariate/772/2055/Lynx lynx/Lynx.lynx_reg_covariate_772_2055_ensemble.tif
Processing file: /cluster/project/eawag/p01002/nsdm_save//outputs/nsdm-project/d15_ensembles-fut/reg/covariate/772/2055/Achillea millefolium/Achillea.millefolium_reg_covariate_772_2055_ensemble.tif
Average raster saved to /cluster/project/eawag/p01002/nsdm_save//outputs/nsdm-project/NCPs/PERFS/PERFS_772_2055.tif with compression and optimized data type
Processing file: /cluster/project/eawag/p01002/nsdm_save//outputs/nsdm-project/d15_ensembles-fut/reg/covariate/772/2060/Acer campestre/Acer.campestre_reg_covariate_772_2060_ensemble.tif
Processing file: /cluster/project/eawag/p01002/nsdm_save//outputs/nsdm-project/d15_ensembles-fut/reg/covariate/772/2060/Lynx lynx/Lynx.lynx_reg_covariate_772_2060_ensemble.tif
Processing file: /cluster/project/eawag/p01002/nsdm_save//outputs/nsdm-project/d15_ensembles-fut/reg/covariate/772/2060/Achillea millefolium/Achillea.millefolium_reg_covariate_772_2060_ensemble.tif
Average raster saved to /cluster/project/eawag/p01002/nsdm_save//outputs/nsdm-project/NCPs/PERFS/PERFS_772_2060.tif with compression and optimized data type
Processing file: /cluster/project/eawag/p01002/nsdm_save//outputs/nsdm-project/d15_ensembles-fut/reg/covariate/773/2020/Acer campestre/Acer.campestre_reg_covariate_773_2020_ensemble.tif
Processing file: /cluster/project/eawag/p01002/nsdm_save//outputs/nsdm-project/d15_ensembles-fut/reg/covariate/773/2020/Lynx lynx/Lynx.lynx_reg_covariate_773_2020_ensemble.tif
Processing file: /cluster/project/eawag/p01002/nsdm_save//outputs/nsdm-project/d15_ensembles-fut/reg/covariate/773/2020/Achillea millefolium/Achillea.millefolium_reg_covariate_773_2020_ensemble.tif
Average raster saved to /cluster/project/eawag/p01002/nsdm_save//outputs/nsdm-project/NCPs/PERFS/PERFS_773_2020.tif with compression and optimized data type
Processing file: /cluster/project/eawag/p01002/nsdm_save//outputs/nsdm-project/d15_ensembles-fut/reg/covariate/773/2025/Acer campestre/Acer.campestre_reg_covariate_773_2025_ensemble.tif
Processing file: /cluster/project/eawag/p01002/nsdm_save//outputs/nsdm-project/d15_ensembles-fut/reg/covariate/773/2025/Lynx lynx/Lynx.lynx_reg_covariate_773_2025_ensemble.tif
Processing file: /cluster/project/eawag/p01002/nsdm_save//outputs/nsdm-project/d15_ensembles-fut/reg/covariate/773/2025/Achillea millefolium/Achillea.millefolium_reg_covariate_773_2025_ensemble.tif
Average raster saved to /cluster/project/eawag/p01002/nsdm_save//outputs/nsdm-project/NCPs/PERFS/PERFS_773_2025.tif with compression and optimized data type
Processing file: /cluster/project/eawag/p01002/nsdm_save//outputs/nsdm-project/d15_ensembles-fut/reg/covariate/773/2030/Acer campestre/Acer.campestre_reg_covariate_773_2030_ensemble.tif
Processing file: /cluster/project/eawag/p01002/nsdm_save//outputs/nsdm-project/d15_ensembles-fut/reg/covariate/773/2030/Lynx lynx/Lynx.lynx_reg_covariate_773_2030_ensemble.tif
Processing file: /cluster/project/eawag/p01002/nsdm_save//outputs/nsdm-project/d15_ensembles-fut/reg/covariate/773/2030/Achillea millefolium/Achillea.millefolium_reg_covariate_773_2030_ensemble.tif
Average raster saved to /cluster/project/eawag/p01002/nsdm_save//outputs/nsdm-project/NCPs/PERFS/PERFS_773_2030.tif with compression and optimized data type
Processing file: /cluster/project/eawag/p01002/nsdm_save//outputs/nsdm-project/d15_ensembles-fut/reg/covariate/773/2035/Acer campestre/Acer.campestre_reg_covariate_773_2035_ensemble.tif
Processing file: /cluster/project/eawag/p01002/nsdm_save//outputs/nsdm-project/d15_ensembles-fut/reg/covariate/773/2035/Lynx lynx/Lynx.lynx_reg_covariate_773_2035_ensemble.tif
Processing file: /cluster/project/eawag/p01002/nsdm_save//outputs/nsdm-project/d15_ensembles-fut/reg/covariate/773/2035/Achillea millefolium/Achillea.millefolium_reg_covariate_773_2035_ensemble.tif
Average raster saved to /cluster/project/eawag/p01002/nsdm_save//outputs/nsdm-project/NCPs/PERFS/PERFS_773_2035.tif with compression and optimized data type
Processing file: /cluster/project/eawag/p01002/nsdm_save//outputs/nsdm-project/d15_ensembles-fut/reg/covariate/773/2040/Acer campestre/Acer.campestre_reg_covariate_773_2040_ensemble.tif
Processing file: /cluster/project/eawag/p01002/nsdm_save//outputs/nsdm-project/d15_ensembles-fut/reg/covariate/773/2040/Lynx lynx/Lynx.lynx_reg_covariate_773_2040_ensemble.tif
Processing file: /cluster/project/eawag/p01002/nsdm_save//outputs/nsdm-project/d15_ensembles-fut/reg/covariate/773/2040/Achillea millefolium/Achillea.millefolium_reg_covariate_773_2040_ensemble.tif
Average raster saved to /cluster/project/eawag/p01002/nsdm_save//outputs/nsdm-project/NCPs/PERFS/PERFS_773_2040.tif with compression and optimized data type
Processing file: /cluster/project/eawag/p01002/nsdm_save//outputs/nsdm-project/d15_ensembles-fut/reg/covariate/773/2045/Acer campestre/Acer.campestre_reg_covariate_773_2045_ensemble.tif
Processing file: /cluster/project/eawag/p01002/nsdm_save//outputs/nsdm-project/d15_ensembles-fut/reg/covariate/773/2045/Lynx lynx/Lynx.lynx_reg_covariate_773_2045_ensemble.tif
Processing file: /cluster/project/eawag/p01002/nsdm_save//outputs/nsdm-project/d15_ensembles-fut/reg/covariate/773/2045/Achillea millefolium/Achillea.millefolium_reg_covariate_773_2045_ensemble.tif
Average raster saved to /cluster/project/eawag/p01002/nsdm_save//outputs/nsdm-project/NCPs/PERFS/PERFS_773_2045.tif with compression and optimized data type
Processing file: /cluster/project/eawag/p01002/nsdm_save//outputs/nsdm-project/d15_ensembles-fut/reg/covariate/773/2050/Acer campestre/Acer.campestre_reg_covariate_773_2050_ensemble.tif
Processing file: /cluster/project/eawag/p01002/nsdm_save//outputs/nsdm-project/d15_ensembles-fut/reg/covariate/773/2050/Lynx lynx/Lynx.lynx_reg_covariate_773_2050_ensemble.tif
Processing file: /cluster/project/eawag/p01002/nsdm_save//outputs/nsdm-project/d15_ensembles-fut/reg/covariate/773/2050/Achillea millefolium/Achillea.millefolium_reg_covariate_773_2050_ensemble.tif
Average raster saved to /cluster/project/eawag/p01002/nsdm_save//outputs/nsdm-project/NCPs/PERFS/PERFS_773_2050.tif with compression and optimized data type
Processing file: /cluster/project/eawag/p01002/nsdm_save//outputs/nsdm-project/d15_ensembles-fut/reg/covariate/773/2055/Acer campestre/Acer.campestre_reg_covariate_773_2055_ensemble.tif
Processing file: /cluster/project/eawag/p01002/nsdm_save//outputs/nsdm-project/d15_ensembles-fut/reg/covariate/773/2055/Lynx lynx/Lynx.lynx_reg_covariate_773_2055_ensemble.tif
Processing file: /cluster/project/eawag/p01002/nsdm_save//outputs/nsdm-project/d15_ensembles-fut/reg/covariate/773/2055/Achillea millefolium/Achillea.millefolium_reg_covariate_773_2055_ensemble.tif
Average raster saved to /cluster/project/eawag/p01002/nsdm_save//outputs/nsdm-project/NCPs/PERFS/PERFS_773_2055.tif with compression and optimized data type
Processing file: /cluster/project/eawag/p01002/nsdm_save//outputs/nsdm-project/d15_ensembles-fut/reg/covariate/773/2060/Acer campestre/Acer.campestre_reg_covariate_773_2060_ensemble.tif
Processing file: /cluster/project/eawag/p01002/nsdm_save//outputs/nsdm-project/d15_ensembles-fut/reg/covariate/773/2060/Lynx lynx/Lynx.lynx_reg_covariate_773_2060_ensemble.tif
Processing file: /cluster/project/eawag/p01002/nsdm_save//outputs/nsdm-project/d15_ensembles-fut/reg/covariate/773/2060/Achillea millefolium/Achillea.millefolium_reg_covariate_773_2060_ensemble.tif
Average raster saved to /cluster/project/eawag/p01002/nsdm_save//outputs/nsdm-project/NCPs/PERFS/PERFS_773_2060.tif with compression and optimized data type
Processing file: /cluster/project/eawag/p01002/nsdm_save//outputs/nsdm-project/d15_ensembles-fut/reg/covariate/774/2020/Acer campestre/Acer.campestre_reg_covariate_774_2020_ensemble.tif
Processing file: /cluster/project/eawag/p01002/nsdm_save//outputs/nsdm-project/d15_ensembles-fut/reg/covariate/774/2020/Lynx lynx/Lynx.lynx_reg_covariate_774_2020_ensemble.tif
Processing file: /cluster/project/eawag/p01002/nsdm_save//outputs/nsdm-project/d15_ensembles-fut/reg/covariate/774/2020/Achillea millefolium/Achillea.millefolium_reg_covariate_774_2020_ensemble.tif
Average raster saved to /cluster/project/eawag/p01002/nsdm_save//outputs/nsdm-project/NCPs/PERFS/PERFS_774_2020.tif with compression and optimized data type
Processing file: /cluster/project/eawag/p01002/nsdm_save//outputs/nsdm-project/d15_ensembles-fut/reg/covariate/774/2025/Acer campestre/Acer.campestre_reg_covariate_774_2025_ensemble.tif
Processing file: /cluster/project/eawag/p01002/nsdm_save//outputs/nsdm-project/d15_ensembles-fut/reg/covariate/774/2025/Lynx lynx/Lynx.lynx_reg_covariate_774_2025_ensemble.tif
Processing file: /cluster/project/eawag/p01002/nsdm_save//outputs/nsdm-project/d15_ensembles-fut/reg/covariate/774/2025/Achillea millefolium/Achillea.millefolium_reg_covariate_774_2025_ensemble.tif
Average raster saved to /cluster/project/eawag/p01002/nsdm_save//outputs/nsdm-project/NCPs/PERFS/PERFS_774_2025.tif with compression and optimized data type
Processing file: /cluster/project/eawag/p01002/nsdm_save//outputs/nsdm-project/d15_ensembles-fut/reg/covariate/774/2030/Acer campestre/Acer.campestre_reg_covariate_774_2030_ensemble.tif
Processing file: /cluster/project/eawag/p01002/nsdm_save//outputs/nsdm-project/d15_ensembles-fut/reg/covariate/774/2030/Lynx lynx/Lynx.lynx_reg_covariate_774_2030_ensemble.tif
Processing file: /cluster/project/eawag/p01002/nsdm_save//outputs/nsdm-project/d15_ensembles-fut/reg/covariate/774/2030/Achillea millefolium/Achillea.millefolium_reg_covariate_774_2030_ensemble.tif
Average raster saved to /cluster/project/eawag/p01002/nsdm_save//outputs/nsdm-project/NCPs/PERFS/PERFS_774_2030.tif with compression and optimized data type
Processing file: /cluster/project/eawag/p01002/nsdm_save//outputs/nsdm-project/d15_ensembles-fut/reg/covariate/774/2035/Acer campestre/Acer.campestre_reg_covariate_774_2035_ensemble.tif
Processing file: /cluster/project/eawag/p01002/nsdm_save//outputs/nsdm-project/d15_ensembles-fut/reg/covariate/774/2035/Lynx lynx/Lynx.lynx_reg_covariate_774_2035_ensemble.tif
Processing file: /cluster/project/eawag/p01002/nsdm_save//outputs/nsdm-project/d15_ensembles-fut/reg/covariate/774/2035/Achillea millefolium/Achillea.millefolium_reg_covariate_774_2035_ensemble.tif
Average raster saved to /cluster/project/eawag/p01002/nsdm_save//outputs/nsdm-project/NCPs/PERFS/PERFS_774_2035.tif with compression and optimized data type
Processing file: /cluster/project/eawag/p01002/nsdm_save//outputs/nsdm-project/d15_ensembles-fut/reg/covariate/774/2040/Acer campestre/Acer.campestre_reg_covariate_774_2040_ensemble.tif
Processing file: /cluster/project/eawag/p01002/nsdm_save//outputs/nsdm-project/d15_ensembles-fut/reg/covariate/774/2040/Lynx lynx/Lynx.lynx_reg_covariate_774_2040_ensemble.tif
Processing file: /cluster/project/eawag/p01002/nsdm_save//outputs/nsdm-project/d15_ensembles-fut/reg/covariate/774/2040/Achillea millefolium/Achillea.millefolium_reg_covariate_774_2040_ensemble.tif
Average raster saved to /cluster/project/eawag/p01002/nsdm_save//outputs/nsdm-project/NCPs/PERFS/PERFS_774_2040.tif with compression and optimized data type
Processing file: /cluster/project/eawag/p01002/nsdm_save//outputs/nsdm-project/d15_ensembles-fut/reg/covariate/774/2045/Acer campestre/Acer.campestre_reg_covariate_774_2045_ensemble.tif
Processing file: /cluster/project/eawag/p01002/nsdm_save//outputs/nsdm-project/d15_ensembles-fut/reg/covariate/774/2045/Lynx lynx/Lynx.lynx_reg_covariate_774_2045_ensemble.tif
Processing file: /cluster/project/eawag/p01002/nsdm_save//outputs/nsdm-project/d15_ensembles-fut/reg/covariate/774/2045/Achillea millefolium/Achillea.millefolium_reg_covariate_774_2045_ensemble.tif
Average raster saved to /cluster/project/eawag/p01002/nsdm_save//outputs/nsdm-project/NCPs/PERFS/PERFS_774_2045.tif with compression and optimized data type
Processing file: /cluster/project/eawag/p01002/nsdm_save//outputs/nsdm-project/d15_ensembles-fut/reg/covariate/774/2050/Acer campestre/Acer.campestre_reg_covariate_774_2050_ensemble.tif
Processing file: /cluster/project/eawag/p01002/nsdm_save//outputs/nsdm-project/d15_ensembles-fut/reg/covariate/774/2050/Lynx lynx/Lynx.lynx_reg_covariate_774_2050_ensemble.tif
Processing file: /cluster/project/eawag/p01002/nsdm_save//outputs/nsdm-project/d15_ensembles-fut/reg/covariate/774/2050/Achillea millefolium/Achillea.millefolium_reg_covariate_774_2050_ensemble.tif
Average raster saved to /cluster/project/eawag/p01002/nsdm_save//outputs/nsdm-project/NCPs/PERFS/PERFS_774_2050.tif with compression and optimized data type
Processing file: /cluster/project/eawag/p01002/nsdm_save//outputs/nsdm-project/d15_ensembles-fut/reg/covariate/774/2055/Acer campestre/Acer.campestre_reg_covariate_774_2055_ensemble.tif
Processing file: /cluster/project/eawag/p01002/nsdm_save//outputs/nsdm-project/d15_ensembles-fut/reg/covariate/774/2055/Lynx lynx/Lynx.lynx_reg_covariate_774_2055_ensemble.tif
Processing file: /cluster/project/eawag/p01002/nsdm_save//outputs/nsdm-project/d15_ensembles-fut/reg/covariate/774/2055/Achillea millefolium/Achillea.millefolium_reg_covariate_774_2055_ensemble.tif
Average raster saved to /cluster/project/eawag/p01002/nsdm_save//outputs/nsdm-project/NCPs/PERFS/PERFS_774_2055.tif with compression and optimized data type
Processing file: /cluster/project/eawag/p01002/nsdm_save//outputs/nsdm-project/d15_ensembles-fut/reg/covariate/774/2060/Acer campestre/Acer.campestre_reg_covariate_774_2060_ensemble.tif
Processing file: /cluster/project/eawag/p01002/nsdm_save//outputs/nsdm-project/d15_ensembles-fut/reg/covariate/774/2060/Lynx lynx/Lynx.lynx_reg_covariate_774_2060_ensemble.tif
Processing file: /cluster/project/eawag/p01002/nsdm_save//outputs/nsdm-project/d15_ensembles-fut/reg/covariate/774/2060/Achillea millefolium/Achillea.millefolium_reg_covariate_774_2060_ensemble.tif
Average raster saved to /cluster/project/eawag/p01002/nsdm_save//outputs/nsdm-project/NCPs/PERFS/PERFS_774_2060.tif with compression and optimized data type
