Ready for global-level MAX modelling of Acer campestre...
glo_A outputs loaded 
Modelling parameters defined 
                     max-1       max-2       max-3
AUC              0.9315005   0.9289878   0.9275747
AUC_S            0.8630010   0.8579757   0.8551494
RMSE             0.3840259   0.3830000   0.3811792
CBI              0.9912800   0.9904800   0.9925600
Score            0.8517247   0.8483559   0.8472837
threshold        0.1725773   0.1843894   0.1980032
maxSensitivity   0.8839829   0.8811834   0.8745072
maxSpecificity   0.8169103   0.8154286   0.8196346
maxAccuracy      0.8470103   0.8449373   0.8442597
maxPPV           0.7980078   0.7959109   0.7980877
maxNPV           0.8971093   0.8944280   0.8893447
maxJaccard       0.7216713   0.7183340   0.7159086
maxTSS           0.7008932   0.6966120   0.6941418
maxKappa         0.6938972   0.6897149   0.6880070
maxSEDI          0.8448744   0.8411781   0.8385541
user.self        0.0410000   0.0260000   0.0320000
sys.self         0.0410000   0.0560000   0.0500000
elapsed        117.9070000  87.5800000  73.3270000
user.child     522.0190000 511.8700000 403.2480000
sys.child       10.5550000  13.9110000   9.6790000


Models fitted and evaluated 
Top model max-1 refitted on full dataset for predictions 
                                          Covariate Importance
1  ch_bioclim_chclim25_present_pixel_1981_2010_bio1 1.00000000
2  ch_bioclim_chclim25_present_pixel_1981_2010_bio4 0.69648610
4  ch_bioclim_chclim25_present_pixel_1981_2010_bio3 0.32310516
6  ch_bioclim_chclim25_present_pixel_1981_2010_bio2 0.25628479
5 ch_bioclim_chclim25_present_pixel_1981_2010_bio12 0.22910479
3 ch_bioclim_chclim25_present_pixel_1981_2010_bio15 0.16878534
7  ch_bioclim_chclim25_present_pixel_1981_2010_bio8 0.02939241


Variable importance scores and response curves computed 
           used  (Mb) gc trigger   (Mb)  max used   (Mb)
Ncells  4291691 229.3    8417645  449.6   8417645  449.6
Vcells 48508819 370.1  201322914 1536.0 251131598 1916.0
Predictions calculated and saved 
Finished!
