Ready for global-level GAM modelling of Acer campestre...
glo_A outputs loaded 
Modelling parameters defined 
                    gam-1       gam-2       gam-3
AUC             0.9327266   0.9267311   0.9278855
AUC_S           0.8654532   0.8534622   0.8557710
RMSE            0.3191333   0.3268782   0.3248110
CBI             0.9985600   0.9954000   0.9970000
Score           0.8587266   0.8498593   0.8540169
threshold       0.4341084   0.5007817   0.5007800
maxSensitivity  0.9105652   0.8882106   0.8837380
maxSpecificity  0.8016013   0.8125050   0.8255415
maxAccuracy     0.8505009   0.8464793   0.8516583
maxPPV          0.7891303   0.7946919   0.8050738
maxNPV          0.9170325   0.8998004   0.8973194
maxJaccard      0.7321448   0.7219494   0.7277948
maxTSS          0.7121665   0.7007156   0.7092795
maxKappa        0.7021089   0.6931028   0.7028846
maxSEDI         0.8554696   0.8448802   0.8504874
user.self       0.7230000   0.5860000   0.6000000
sys.self        0.2600000   0.2800000   0.2540000
elapsed        12.2560000  82.2500000  95.2770000
user.child     36.1810000 350.7820000 464.4950000
sys.child       2.4770000   4.5080000   3.1780000


Models fitted and evaluated 
Top model gam-1 refitted on full dataset for predictions 
                                          Covariate Importance
1  ch_bioclim_chclim25_present_pixel_1981_2010_bio1 1.00000000
2  ch_bioclim_chclim25_present_pixel_1981_2010_bio4 0.79325905
3 ch_bioclim_chclim25_present_pixel_1981_2010_bio15 0.39271779
6  ch_bioclim_chclim25_present_pixel_1981_2010_bio2 0.35709624
4  ch_bioclim_chclim25_present_pixel_1981_2010_bio3 0.33580596
5 ch_bioclim_chclim25_present_pixel_1981_2010_bio12 0.15864152
7  ch_bioclim_chclim25_present_pixel_1981_2010_bio8 0.05953341


Variable importance scores and response curves computed 
            used  (Mb) gc trigger   (Mb)  max used   (Mb)
Ncells   4539037 242.5    8664864  462.8   8664864  462.8
Vcells 110947145 846.5  320649824 2446.4 320019115 2441.6
Predictions calculated and saved 
Finished!
