Ready for global-level GBM modelling of Achillea millefolium...
glo_A outputs loaded 
Modelling parameters defined 
                   gbm-1     gbm-2     gbm-3     gbm-4      gbm-5      gbm-6
AUC            0.8584358 0.8581837 0.8758581 0.8747224  0.8890544  0.8904388
AUC_S          0.7168715 0.7163674 0.7517162 0.7494448  0.7781089  0.7808776
RMSE           0.3930962 0.3933369 0.3776911 0.3785011  0.3653513  0.3651754
CBI            0.9998000 0.9998800 0.9999200 0.9998400  0.9999200  0.9999200
Score          0.7568347 0.7564197 0.7798133 0.7783699  0.7994992  0.7987452
threshold      0.5205991 0.5219649 0.4951590 0.4966671  0.4964599  0.4913106
maxSensitivity 0.8112970 0.8094338 0.8369108 0.8345074  0.8480693  0.8490390
maxSpecificity 0.7425357 0.7435778 0.7508928 0.7513176  0.7723996  0.7663989
maxAccuracy    0.7761851 0.7758054 0.7929870 0.7920278  0.8094297  0.8068401
maxPPV         0.7516476 0.7519688 0.7631443 0.7629191  0.7814174  0.7771661
maxNPV         0.8048170 0.8034202 0.8279076 0.8259110  0.8416503  0.8415198
maxJaccard     0.6394053 0.6384974 0.6642390 0.6625593  0.6852953  0.6826249
maxTSS         0.5538326 0.5530116 0.5878036 0.5858250  0.6204689  0.6154379
maxKappa       0.5529119 0.5521271 0.5866207 0.5846799  0.6193658  0.6142514
maxSEDI        0.7133707 0.7124518 0.7468026 0.7447967  0.7767711  0.7724976
user.self      0.0250000 0.0000000 0.0000000 0.0200000  0.0040000  0.0120000
sys.self       0.0370000 0.0670000 0.0680000 0.0810000  0.0670000  0.0550000
elapsed        0.7490000 0.6790000 1.2610000 1.2730000 17.5890000  3.6410000
user.child     2.3920000 3.0410000 4.9580000 4.9440000 66.0110000 29.0790000
sys.child      0.3320000 0.3750000 0.4990000 0.5090000  4.9280000  3.0170000
                   gbm-7      gbm-8     gbm-9    gbm-10      gbm-11     gbm-12
AUC            0.8658604  0.8659473 0.8841596 0.8833558   0.8893498  0.8929703
AUC_S          0.7317207  0.7318945 0.7683192 0.7667116   0.7786996  0.7859406
RMSE           0.3854846  0.3852446 0.3704697 0.3712052   0.3663552  0.3625427
CBI            0.9998000  0.9997600 0.9999200 0.9998800   0.9994400  0.9999600
Score          0.7669192  0.7670849 0.7914358 0.7901197   0.7998083  0.8024760
threshold      0.5164480  0.5119665 0.4867489 0.4897347   0.4760239  0.4825853
maxSensitivity 0.8200035  0.8233074 0.8494268 0.8458251   0.8515740  0.8556329
maxSpecificity 0.7492333  0.7462927 0.7566412 0.7579423   0.7697113  0.7658945
maxAccuracy    0.7838658  0.7839810 0.8020473 0.8009491   0.8097721  0.8098093
maxPPV         0.7582106  0.7569469 0.7699917 0.7702163   0.7801117  0.7781893
maxNPV         0.8130738  0.8154202 0.8400547 0.8370793   0.8442550  0.8473593
maxJaccard     0.6499137  0.6509386 0.6773985 0.6752632   0.6865781  0.6876399
maxTSS         0.5692368  0.5696001 0.6060681 0.6037674   0.6212853  0.6215274
maxKappa       0.5682697  0.5685585 0.6047664 0.6025333   0.6201000  0.6202386
maxSEDI        0.7283511  0.7290284 0.7642610 0.7619063   0.7777477  0.7783977
user.self      0.3470000  0.0030000 0.0030000 0.0140000   0.0120000  0.0070000
sys.self       0.0990000  0.0570000 0.0640000 0.0500000   0.0610000  0.0600000
elapsed        1.7890000  1.2170000 2.1510000 1.7910000  31.4250000  5.9840000
user.child     3.1950000 10.8720000 9.0360000 8.7160000 121.5870000 50.7790000
sys.child      0.4210000  1.9270000 0.8030000 0.5640000   7.1650000  3.9300000


Models fitted and evaluated 
Top model gbm-12 refitted on full dataset for predictions 
                                          Covariate Importance
1  ch_bioclim_chclim25_present_pixel_1981_2010_bio4  1.0000000
2  ch_bioclim_chclim25_present_pixel_1981_2010_bio1  0.7486504
3  ch_bioclim_chclim25_present_pixel_1981_2010_bio3  0.4338946
4  ch_bioclim_chclim25_present_pixel_1981_2010_bio8  0.3687543
5 ch_bioclim_chclim25_present_pixel_1981_2010_bio15  0.3660682
6 ch_bioclim_chclim25_present_pixel_1981_2010_bio12  0.3080303


Variable importance scores and response curves computed 
           used  (Mb) gc trigger   (Mb)  max used (Mb)
Ncells  5588233 298.5    9716601  519.0   9716601  519
Vcells 60462994 461.3  203995932 1556.4 254271158 1940
Predictions calculated and saved 
Finished!
