Ready for global-level GBM modelling of Achillea millefolium...
glo_A outputs loaded 
Modelling parameters defined 
                   gbm-1     gbm-2     gbm-3     gbm-4      gbm-5      gbm-6
AUC            0.8540604 0.8538721 0.8712465 0.8708246  0.8840122  0.8859864
AUC_S          0.7081208 0.7077443 0.7424929 0.7416493  0.7680244  0.7719729
RMSE           0.3953793 0.3955153 0.3805307 0.3809923  0.3696429  0.3685868
CBI            0.9997600 0.9997600 0.9999200 0.9998800  0.9994400  0.9999600
Score          0.7522430 0.7522539 0.7750602 0.7740363  0.7930040  0.7939989
threshold      0.5128658 0.5151519 0.4987354 0.5037583  0.4876389  0.4970257
maxSensitivity 0.8191931 0.8163463 0.8344519 0.8282320  0.8498632  0.8418078
maxSpecificity 0.7296552 0.7329111 0.7483156 0.7523475  0.7616844  0.7682560
maxAccuracy    0.7734496 0.7737207 0.7904463 0.7894639  0.8048141  0.8042314
maxPPV         0.7442513 0.7458629 0.7605509 0.7622247  0.7738938  0.7768465
maxNPV         0.8091165 0.8072769 0.8254199 0.8209663  0.8418458  0.8355700
maxJaccard     0.6387318 0.6381961 0.6607290 0.6579798  0.6804271  0.6777300
maxTSS         0.5488482 0.5492575 0.5827676 0.5805795  0.6115476  0.6100638
maxKappa       0.5476680 0.5481479 0.5815617 0.5795069  0.6102654  0.6089761
maxSEDI        0.7093221 0.7094153 0.7420199 0.7396321  0.7694297  0.7672060
user.self      0.0260000 0.0210000 0.0010000 0.0150000  0.0090000  0.0860000
sys.self       0.0560000 0.0890000 0.0720000 0.0560000  0.0600000  0.0630000
elapsed        1.1730000 1.4240000 1.7350000 1.3780000 20.4910000  4.8110000
user.child     3.6960000 5.6810000 7.9590000 5.9080000 77.7750000 36.5390000
sys.child      0.4410000 0.6510000 0.6590000 0.5040000  4.6040000  3.3530000
                    gbm-7     gbm-8      gbm-9     gbm-10      gbm-11
AUC             0.8614144 0.8619860  0.8794375  0.8795149   0.8845244
AUC_S           0.7228288 0.7239721  0.7588750  0.7590298   0.7690487
RMSE            0.3881901 0.3876446  0.3737658  0.3737727   0.3703664
CBI             0.9998400 0.9997600  0.9999600  0.9999200   0.9992800
Score           0.7612481 0.7620368  0.7858689  0.7859485   0.7934674
threshold       0.5042722 0.5016617  0.5020364  0.4945297   0.4742654
maxSensitivity  0.8278857 0.8301437  0.8362320  0.8400762   0.8522459
maxSpecificity  0.7331897 0.7322347  0.7625398  0.7588196   0.7598276
maxAccuracy     0.7795071 0.7801237  0.7985839  0.7985636   0.8050309
maxPPV          0.7484247 0.7483213  0.7714453  0.7694649   0.7727718
maxNPV          0.8169429 0.8188089  0.8297332  0.8323594   0.8433889
maxJaccard      0.6473965 0.6486469  0.6700083  0.6710055   0.6812945
maxTSS          0.5610754 0.5623785  0.5987718  0.5988958   0.6120735
maxKappa        0.5598048 0.5610666  0.5976990  0.5977242   0.6107317
maxSEDI         0.7213964 0.7229017  0.7567694  0.7571326   0.7698744
user.self       0.0160000 0.4580000  0.0090000  0.0120000   0.0160000
sys.self        0.0680000 0.1320000  0.0510000  0.0650000   0.0640000
elapsed         1.8330000 2.6650000  3.0360000  2.9610000  37.6590000
user.child     10.4270000 4.8830000 18.2240000 13.3850000 144.6690000
sys.child       0.9900000 0.7460000  2.1420000  0.7390000   7.4210000
                   gbm-12
AUC             0.8887524
AUC_S           0.7775048
RMSE            0.3659342
CBI             0.9999200
Score           0.7974559
threshold       0.4928068
maxSensitivity  0.8466009
maxSpecificity  0.7683422
maxAccuracy     0.8066198
maxPPV          0.7778999
maxNPV          0.8397646
maxJaccard      0.6816423
maxTSS          0.6149430
maxKappa        0.6137858
maxSEDI         0.7718550
user.self       0.0200000
sys.self        0.0650000
elapsed         7.5250000
user.child     63.4660000
sys.child       4.5820000


Models fitted and evaluated 
Top model gbm-12 refitted on full dataset for predictions 
                                          Covariate Importance
1  ch_bioclim_chclim25_present_pixel_1981_2010_bio4  1.0000000
2  ch_bioclim_chclim25_present_pixel_1981_2010_bio1  0.7293493
3  ch_bioclim_chclim25_present_pixel_1981_2010_bio3  0.3748441
4 ch_bioclim_chclim25_present_pixel_1981_2010_bio15  0.3434176
5  ch_bioclim_chclim25_present_pixel_1981_2010_bio8  0.3279984
6 ch_bioclim_chclim25_present_pixel_1981_2010_bio12  0.3181918


Variable importance scores and response curves computed 
           used  (Mb) gc trigger   (Mb)  max used   (Mb)
Ncells  5588253 298.5    9803105  523.6   9803105  523.6
Vcells 60473094 461.4  180440140 1376.7 225550174 1720.9
Predictions calculated and saved 
Finished!
