Ready for global-level GBM modelling of Lynx lynx...
glo_A outputs loaded 
Modelling parameters defined 
                   gbm-1     gbm-2     gbm-3     gbm-4      gbm-5      gbm-6
AUC            0.9208219 0.9208518 0.9350684 0.9343570  0.9403439  0.9431376
AUC_S          0.8416438 0.8417036 0.8701367 0.8687140  0.8806878  0.8862753
RMSE           0.3366832 0.3366768 0.3164485 0.3176194  0.3074582  0.3052249
CBI            0.9986800 0.9986400 0.9986400 0.9988800  0.9977200  0.9994400
Score          0.8443153 0.8443035 0.8665606 0.8656351  0.8765450  0.8795178
threshold      0.4662853 0.4616177 0.4381922 0.4449627  0.4552173  0.4481246
maxSensitivity 0.9026204 0.9042692 0.9216824 0.9182587  0.9212787  0.9240631
maxSpecificity 0.7900017 0.7882977 0.8092226 0.8110525  0.8299486  0.8287751
maxAccuracy    0.8396403 0.8394142 0.8587912 0.8583055  0.8702039  0.8707749
maxPPV         0.7722047 0.7710691 0.7921298 0.7930572  0.8103408  0.8097443
maxNPV         0.9115651 0.9126983 0.9292224 0.9264912  0.9305710  0.9327301
maxJaccard     0.7127360 0.7128343 0.7420914 0.7407052  0.7577765  0.7591572
maxTSS         0.6926221 0.6925669 0.7309050 0.7293112  0.7512273  0.7528382
maxKappa       0.6804433 0.6801210 0.7184542 0.7173114  0.7404786  0.7417403
maxSEDI        0.8401306 0.8402646 0.8696899 0.8680783  0.8829679  0.8843237
user.self      0.0190000 0.0160000 0.0250000 0.0170000  0.0160000  0.0050000
sys.self       0.0640000 0.0680000 0.0750000 0.0550000  0.0560000  0.0630000
elapsed        0.8990000 0.8750000 1.5620000 1.3560000 23.1350000  4.0980000
user.child     3.2770000 4.1130000 6.8320000 6.6510000 92.7190000 37.5110000
sys.child      0.2500000 0.2760000 0.4180000 0.3510000  2.9430000  2.1270000
                   gbm-7     gbm-8      gbm-9     gbm-10      gbm-11     gbm-12
AUC            0.9275401 0.9275496  0.9399629  0.9402326   0.9412958  0.9455092
AUC_S          0.8550802 0.8550991  0.8799259  0.8804652   0.8825917  0.8910184
RMSE           0.3268646 0.3268322  0.3098388  0.3096163   0.3086084  0.3015187
CBI            0.9992000 0.9990800  0.9994000  0.9990000   0.9966000  0.9993200
Score          0.8550149 0.8549531  0.8739898  0.8740860   0.8770399  0.8828512
threshold      0.4658140 0.4727397  0.4572917  0.4625448   0.3888971  0.4423944
maxSensitivity 0.9053544 0.9030158  0.9194111  0.9177371   0.9217077  0.9250641
maxSpecificity 0.8054102 0.8076645  0.8232322  0.8250555   0.8302205  0.8331510
maxAccuracy    0.8494624 0.8496923  0.8656248  0.8659066   0.8705451  0.8736633
maxPPV         0.7858071 0.7873113  0.8040781  0.8053341   0.8107000  0.8138970
maxNPV         0.9153070 0.9136173  0.9284973  0.9272596   0.9309952  0.9339236
maxJaccard     0.7261059 0.7258890  0.7510164  0.7510336   0.7583397  0.7634571
maxTSS         0.7107646 0.7106803  0.7426434  0.7427926   0.7519281  0.7582151
maxKappa       0.6994881 0.6997816  0.7315217  0.7319619   0.7411636  0.7473926
maxSEDI        0.8535008 0.8531484  0.8771634  0.8770124   0.8835432  0.8879208
user.self      0.0490000 0.0180000  0.0140000  0.3240000   0.0140000  0.0220000
sys.self       0.0870000 0.0640000  0.0590000  0.1160000   0.0680000  0.0600000
elapsed        1.5080000 1.4310000  2.8300000  3.0370000  41.2510000  7.0220000
user.child     9.1680000 6.9110000 12.3290000 14.3680000 166.8100000 66.3000000
sys.child      0.6340000 0.2830000  0.4630000  1.4500000   5.0770000  2.9030000


Models fitted and evaluated 
Top model gbm-12 refitted on full dataset for predictions 
                                          Covariate Importance
1  ch_bioclim_chclim25_present_pixel_1981_2010_bio1  1.0000000
2  ch_bioclim_chclim25_present_pixel_1981_2010_bio4  0.8791235
3  ch_bioclim_chclim25_present_pixel_1981_2010_bio3  0.4426991
4 ch_bioclim_chclim25_present_pixel_1981_2010_bio15  0.2826743
5 ch_bioclim_chclim25_present_pixel_1981_2010_bio12  0.2019985
6  ch_bioclim_chclim25_present_pixel_1981_2010_bio8  0.1676141
7  ch_bioclim_chclim25_present_pixel_1981_2010_bio9  0.1189015


Variable importance scores and response curves computed 
           used  (Mb) gc trigger   (Mb)  max used   (Mb)
Ncells  5584885 298.3   10400542  555.5  10400542  555.5
Vcells 63083563 481.3  230762015 1760.6 287380153 2192.6
Predictions calculated and saved 
Finished!
