Ready for global-level GLM modelling of Lynx lynx...
glo_A outputs loaded 
Modelling parameters defined 
                   glm-1
AUC            0.8949403
AUC_S          0.7898805
RMSE           0.3606352
CBI            0.9968800
Score          0.8110252
threshold      0.4954347
maxSensitivity 0.8613922
maxSpecificity 0.7849229
maxAccuracy    0.8186281
maxPPV         0.7595725
maxNPV         0.8779535
maxJaccard     0.6767310
maxTSS         0.6463151
maxKappa       0.6372584
maxSEDI        0.7996127
user.self      1.2870000
sys.self       0.2840000
elapsed        2.7130000
user.child     3.7770000
sys.child      1.8370000


Models fitted and evaluated 
Top model glm-1 refitted on full dataset for predictions 
                                          Covariate Importance
5  ch_bioclim_chclim25_present_pixel_1981_2010_bio4  1.0000000
1  ch_bioclim_chclim25_present_pixel_1981_2010_bio1  0.9052484
4  ch_bioclim_chclim25_present_pixel_1981_2010_bio3  0.4995761
7  ch_bioclim_chclim25_present_pixel_1981_2010_bio9  0.4710220
3 ch_bioclim_chclim25_present_pixel_1981_2010_bio15  0.4487905
2 ch_bioclim_chclim25_present_pixel_1981_2010_bio12  0.3461365
6  ch_bioclim_chclim25_present_pixel_1981_2010_bio8  0.2863956


Variable importance scores and response curves computed 
           used  (Mb) gc trigger   (Mb)  max used   (Mb)
Ncells  4340833 231.9    8465817  452.2   8465817  452.2
Vcells 93740531 715.2  294311075 2245.5 294311075 2245.5
Predictions calculated and saved 
Finished!
