Ready for global-level RF modelling of Lynx lynx...
glo_A outputs loaded 
Modelling parameters defined 
                      rf-1        rf-2
AUC              0.9462368   0.9463862
AUC_S            0.8924737   0.8927724
RMSE             0.3008716   0.3007309
CBI              0.9992000   0.9993200
Score            0.8832131   0.8833795
threshold        0.4173600   0.4141200
maxSensitivity   0.9179390   0.9190074
maxSpecificity   0.8400265   0.8390386
maxAccuracy      0.8743678   0.8742862
maxPPV           0.8191287   0.8183135
maxNPV           0.9287158   0.9294221
maxJaccard       0.7630617   0.7631597
maxTSS           0.7579655   0.7580460
maxKappa         0.7483859   0.7482824
maxSEDI          0.8870289   0.8870949
user.self        4.6320000   1.9270000
sys.self         0.8780000   1.6210000
elapsed         70.3300000 130.6510000
user.child     271.1000000 562.3340000
sys.child       11.2470000  24.3250000


Models fitted and evaluated 
Top model rf-2 refitted on full dataset for predictions 
                                          Covariate Importance
1  ch_bioclim_chclim25_present_pixel_1981_2010_bio1  1.0000000
2  ch_bioclim_chclim25_present_pixel_1981_2010_bio4  0.9262485
3  ch_bioclim_chclim25_present_pixel_1981_2010_bio3  0.7396716
6  ch_bioclim_chclim25_present_pixel_1981_2010_bio9  0.7275455
7  ch_bioclim_chclim25_present_pixel_1981_2010_bio8  0.6191589
5 ch_bioclim_chclim25_present_pixel_1981_2010_bio12  0.5728045
4 ch_bioclim_chclim25_present_pixel_1981_2010_bio15  0.5365893


Variable importance scores and response curves computed 
            used   (Mb) gc trigger    (Mb)   max used    (Mb)
Ncells   4284094  228.8    8445527   451.1    8445527   451.1
Vcells 768892504 5866.2 1659362079 12660.0 1658283614 12651.7
Predictions calculated and saved 
Finished!
