Ready for global-level GBM modelling of Lynx lynx...
glo_A outputs loaded 
Modelling parameters defined 
                   gbm-1     gbm-2     gbm-3     gbm-4      gbm-5      gbm-6
AUC            0.9207041 0.9206789 0.9349275 0.9341012  0.9401386  0.9430674
AUC_S          0.8414081 0.8413578 0.8698551 0.8682023  0.8802771  0.8861347
RMSE           0.3371154 0.3371281 0.3170920 0.3181346  0.3076741  0.3055350
CBI            0.9983200 0.9983200 0.9981600 0.9987200  0.9968000  0.9990400
Score          0.8440146 0.8439601 0.8652842 0.8646743  0.8765143  0.8788408
threshold      0.4767931 0.4871009 0.4519410 0.4376121  0.4435729  0.4434181
maxSensitivity 0.8963197 0.8920631 0.9169211 0.9201682  0.9239201  0.9228349
maxSpecificity 0.7959960 0.8001394 0.8109163 0.8069323  0.8285458  0.8285126
maxAccuracy    0.8402523 0.8406902 0.8576788 0.8568847  0.8706188  0.8701215
maxPPV         0.7765169 0.7792998 0.7931271 0.7901467  0.8097630  0.8096476
maxNPV         0.9070974 0.9041598 0.9254495 0.9277023  0.9325006  0.9317002
maxJaccard     0.7122464 0.7118199 0.7397290 0.7393466  0.7590686  0.7581462
maxTSS         0.6923157 0.6922025 0.7278375 0.7271005  0.7524659  0.7513475
maxKappa       0.6812231 0.6817828 0.7160460 0.7147044  0.7414507  0.7404311
maxSEDI        0.8393016 0.8387896 0.8671151 0.8669589  0.8840788  0.8833347
user.self      0.0160000 0.0040000 0.0240000 0.0130000  0.0130000  0.0080000
sys.self       0.0610000 0.0830000 0.0630000 0.0490000  0.0540000  0.0650000
elapsed        1.1590000 1.2070000 1.9400000 1.5710000 24.3710000  4.3250000
user.child     1.0160000 9.2050000 8.0070000 7.5870000 94.7340000 40.1340000
sys.child      0.0840000 0.8190000 0.7140000 0.5330000  4.5900000  3.4590000
                   gbm-7     gbm-8      gbm-9    gbm-10      gbm-11     gbm-12
AUC            0.9265864 0.9266553  0.9399662 0.9401531   0.9417617  0.9452565
AUC_S          0.8531728 0.8533107  0.8799324 0.8803061   0.8835233  0.8905129
RMSE           0.3281431 0.3279713  0.3103848 0.3100184   0.3077965  0.3020247
CBI            0.9985600 0.9990800  0.9985600 0.9991200   0.9969200  0.9993600
Score          0.8530576 0.8534015  0.8730158 0.8736770   0.8783252  0.8822266
threshold      0.4706277 0.4749841  0.4692004 0.4623933   0.4032128  0.4395633
maxSensitivity 0.8991798 0.8978339  0.9143134 0.9164921   0.9191672  0.9219264
maxSpecificity 0.8082603 0.8099801  0.8262417 0.8251129   0.8353652  0.8348805
maxAccuracy    0.8483681 0.8487355  0.8650932 0.8654235   0.8723332  0.8732795
maxPPV         0.7874714 0.7887239  0.8060998 0.8054692   0.8151297  0.8151585
maxNPV         0.9104806 0.9095611  0.9244902 0.9261242   0.9291156  0.9313297
maxJaccard     0.7234747 0.7236586  0.7493571 0.7502938   0.7605468  0.7624544
maxTSS         0.7074401 0.7078139  0.7405551 0.7416050   0.7545324  0.7568069
maxKappa       0.6970187 0.6976420  0.7302172 0.7309862   0.7445173  0.7465031
maxSEDI        0.8504555 0.8505740  0.8751629 0.8760828   0.8847996  0.8865851
user.self      0.0430000 0.0110000  0.0190000 0.3150000   0.0070000  0.0250000
sys.self       0.0980000 0.0560000  0.0370000 0.1670000   0.0560000  0.0510000
elapsed        1.6030000 1.4250000  2.7210000 3.1630000  42.4420000  7.9050000
user.child     9.7310000 7.4870000 12.0700000 9.2100000 169.0390000 69.8460000
sys.child      0.8270000 0.3960000  0.7200000 1.1640000   8.5800000  5.0540000


Models fitted and evaluated 
Top model gbm-12 refitted on full dataset for predictions 
                                          Covariate Importance
1  ch_bioclim_chclim25_present_pixel_1981_2010_bio1  1.0000000
2  ch_bioclim_chclim25_present_pixel_1981_2010_bio4  0.9164006
3  ch_bioclim_chclim25_present_pixel_1981_2010_bio3  0.4423528
4 ch_bioclim_chclim25_present_pixel_1981_2010_bio15  0.2738803
5 ch_bioclim_chclim25_present_pixel_1981_2010_bio12  0.2083443
6  ch_bioclim_chclim25_present_pixel_1981_2010_bio8  0.1758066
7  ch_bioclim_chclim25_present_pixel_1981_2010_bio9  0.1293865


Variable importance scores and response curves computed 
           used  (Mb) gc trigger   (Mb)  max used   (Mb)
Ncells  5584855 298.3   10400371  555.5  10400371  555.5
Vcells 63068158 481.2  230282933 1757.0 287362439 2192.5
Predictions calculated and saved 
Finished!
