Ready for global-level GAM modelling of Lynx lynx...
glo_A outputs loaded 
Modelling parameters defined 
                    gam-1       gam-2       gam-3
AUC             0.9070533   0.8939806   0.8999727
AUC_S           0.8141065   0.7879613   0.7999454
RMSE            0.3486578   0.3615065   0.3555483
CBI             0.9988400   0.9975600   0.9942000
Score           0.8266003   0.8096376   0.8149341
threshold       0.4275169   0.4865108   0.4455909
maxSensitivity  0.8858717   0.8623091   0.8777287
maxSpecificity  0.7809827   0.7810823   0.7729283
maxAccuracy     0.8272530   0.8169144   0.8191595
maxPPV          0.7615515   0.7567189   0.7535205
maxNPV          0.8966530   0.8778995   0.8893736
maxJaccard      0.6934646   0.6750982   0.6816391
maxTSS          0.6668544   0.6433915   0.6506570
maxKappa        0.6555773   0.6340699   0.6395321
maxSEDI         0.8184606   0.7971922   0.8049967
user.self       0.9220000   0.5440000   0.7280000
sys.self        0.3200000   0.2560000   0.3060000
elapsed        12.3800000  75.1560000  74.0170000
user.child     46.0020000 309.5410000 366.9910000
sys.child       4.3710000   3.5630000   3.5170000


Models fitted and evaluated 
Top model gam-1 refitted on full dataset for predictions 
                                          Covariate Importance
1  ch_bioclim_chclim25_present_pixel_1981_2010_bio1  1.0000000
2  ch_bioclim_chclim25_present_pixel_1981_2010_bio4  0.7561735
3  ch_bioclim_chclim25_present_pixel_1981_2010_bio3  0.5229276
5 ch_bioclim_chclim25_present_pixel_1981_2010_bio12  0.5018655
4 ch_bioclim_chclim25_present_pixel_1981_2010_bio15  0.3779536
6  ch_bioclim_chclim25_present_pixel_1981_2010_bio8  0.3237223
7  ch_bioclim_chclim25_present_pixel_1981_2010_bio9  0.2231795


Variable importance scores and response curves computed 
            used  (Mb) gc trigger   (Mb)  max used   (Mb)
Ncells   4538390 242.4    8663274  462.7   8663274  462.7
Vcells 110137924 840.3  319149180 2435.0 317115720 2419.5
Predictions calculated and saved 
Finished!
