Ready for global-level RF modelling of Lynx lynx...
glo_A outputs loaded 
Modelling parameters defined 
                      rf-1        rf-2
AUC              0.9471548   0.9473314
AUC_S            0.8943096   0.8946628
RMSE             0.2992404   0.2990546
CBI              0.9994000   0.9993600
Score            0.8854272   0.8856535
threshold        0.4162400   0.4295600
maxSensitivity   0.9195373   0.9152219
maxSpecificity   0.8430345   0.8477158
maxAccuracy      0.8767826   0.8774951
maxPPV           0.8222805   0.8261004
maxNPV           0.9300186   0.9270128
maxJaccard       0.7670201   0.7672104
maxTSS           0.7625719   0.7629377
maxKappa         0.7531819   0.7543496
maxSEDI          0.8899933   0.8899189
user.self        2.8140000   1.8850000
sys.self         0.9600000   2.0710000
elapsed         65.2140000 122.4340000
user.child     251.7330000 522.3840000
sys.child       11.4650000  41.2910000


Models fitted and evaluated 
Top model rf-2 refitted on full dataset for predictions 
                                          Covariate Importance
1  ch_bioclim_chclim25_present_pixel_1981_2010_bio1  1.0000000
2  ch_bioclim_chclim25_present_pixel_1981_2010_bio4  0.9306360
7  ch_bioclim_chclim25_present_pixel_1981_2010_bio9  0.7505331
3  ch_bioclim_chclim25_present_pixel_1981_2010_bio3  0.7435672
6  ch_bioclim_chclim25_present_pixel_1981_2010_bio8  0.6471457
5 ch_bioclim_chclim25_present_pixel_1981_2010_bio12  0.6002298
4 ch_bioclim_chclim25_present_pixel_1981_2010_bio15  0.5420496


Variable importance scores and response curves computed 
            used   (Mb) gc trigger    (Mb)   max used    (Mb)
Ncells   4284064  228.8    8445477   451.1    8445477   451.1
Vcells 766780264 5850.1 1656194349 12635.8 1655685046 12631.9
Predictions calculated and saved 
Finished!
