Ready for global-level GBM modelling of Acer campestre...
glo_A outputs loaded 
Modelling parameters defined 
                   gbm-1     gbm-2     gbm-3     gbm-4      gbm-5      gbm-6
AUC            0.9316377 0.9314443 0.9433010 0.9421993  0.9470356  0.9499557
AUC_S          0.8632754 0.8628886 0.8866019 0.8843987  0.8940711  0.8999115
RMSE           0.3214390 0.3215719 0.3045474 0.3065749  0.2970538  0.2945316
CBI            0.9984000 0.9984400 0.9990800 0.9993200  0.9976400  0.9993200
Score          0.8571792 0.8570210 0.8771645 0.8748166  0.8856631  0.8879946
threshold      0.4663177 0.4673061 0.4751201 0.4760110  0.4363695  0.4553402
maxSensitivity 0.9035707 0.9022812 0.9095613 0.9055295  0.9150377  0.9141400
maxSpecificity 0.8062917 0.8074531 0.8362502 0.8352016  0.8502406  0.8506122
maxAccuracy    0.8499195 0.8499817 0.8691288 0.8667423  0.8793009  0.8791032
maxPPV         0.7914732 0.7922260 0.8188675 0.8173346  0.8326761  0.8328646
maxNPV         0.9114538 0.9105368 0.9193184 0.9159505  0.9250629  0.9243258
maxJaccard     0.7297546 0.7295377 0.7570970 0.7529471  0.7727251  0.7722714
maxTSS         0.7098624 0.7097343 0.7458115 0.7407311  0.7652783  0.7647522
maxKappa       0.7005890 0.7006338 0.7381627 0.7333259  0.7582548  0.7578297
maxSEDI        0.8526699 0.8524530 0.8781442 0.8744030  0.8914218  0.8909841
user.self      0.0090000 0.0030000 0.0210000 0.0120000  0.0370000  0.0140000
sys.self       0.0680000 0.0970000 0.0880000 0.1200000  0.0640000  0.0650000
elapsed        0.7270000 0.7250000 1.3330000 1.1530000 23.5710000  3.9930000
user.child     2.5540000 3.1330000 5.7110000 5.5000000 86.7040000 35.3620000
sys.child      0.3410000 0.5130000 0.4790000 0.5710000  5.1470000  3.5540000
                   gbm-7     gbm-8      gbm-9    gbm-10      gbm-11     gbm-12
AUC            0.9363302 0.9365737  0.9471293 0.9472823   0.9474391  0.9513022
AUC_S          0.8726605 0.8731473  0.8942587 0.8945645   0.8948781  0.9026044
RMSE           0.3147392 0.3144371  0.2990292 0.2990598   0.2990809  0.2917797
CBI            0.9988800 0.9990400  0.9992800 0.9990000   0.9966000  0.9992800
Score          0.8645057 0.8649122  0.8831741 0.8829779   0.8856008  0.8908253
threshold      0.4686801 0.4671557  0.4746040 0.4698594   0.4129812  0.4506425
maxSensitivity 0.9018404 0.9024199  0.9084840 0.9093165   0.9157805  0.9174373
maxSpecificity 0.8201361 0.8201294  0.8474996 0.8460528   0.8495437  0.8531541
maxAccuracy    0.8567789 0.8570351  0.8748499 0.8744253   0.8792496  0.8819839
maxPPV         0.8032084 0.8033216  0.8290577 0.8278129   0.8320933  0.8357446
maxNPV         0.9115178 0.9120067  0.9194319 0.9199564   0.9255557  0.9272132
maxJaccard     0.7384769 0.7389513  0.7650170 0.7645726   0.7728042  0.7771165
maxTSS         0.7219765 0.7225493  0.7559836 0.7553692   0.7653242  0.7705914
maxKappa       0.7137734 0.7143020  0.7492660 0.7484756   0.7581895  0.7636059
maxSEDI        0.8611449 0.8616150  0.8847935 0.8844368   0.8914732  0.8949731
user.self      0.0060000 0.0110000  0.0110000 0.0970000   0.0200000  0.3900000
sys.self       0.0720000 0.0580000  0.0600000 0.0570000   0.0600000  0.1700000
elapsed        1.1470000 1.1480000  2.4730000 2.0520000  39.2650000  7.3610000
user.child     7.5260000 5.2030000 10.0280000 9.7530000 147.9120000 62.5080000
sys.child      0.8420000 0.4500000  0.6650000 0.8860000   8.5400000  5.7480000


Models fitted and evaluated 
Top model gbm-12 refitted on full dataset for predictions 
                                          Covariate Importance
1  ch_bioclim_chclim25_present_pixel_1981_2010_bio1 1.00000000
2  ch_bioclim_chclim25_present_pixel_1981_2010_bio4 0.43342476
3 ch_bioclim_chclim25_present_pixel_1981_2010_bio15 0.21661257
4 ch_bioclim_chclim25_present_pixel_1981_2010_bio12 0.11354722
5  ch_bioclim_chclim25_present_pixel_1981_2010_bio3 0.10270553
6  ch_bioclim_chclim25_present_pixel_1981_2010_bio8 0.08986505
7  ch_bioclim_chclim25_present_pixel_1981_2010_bio2 0.06940453


Variable importance scores and response curves computed 
           used  (Mb) gc trigger   (Mb)  max used   (Mb)
Ncells  5585352 298.3   11018608  588.5  11018608  588.5
Vcells 63323400 483.2  231549286 1766.6 287810064 2195.9
Predictions calculated and saved 
Finished!
