Ready for global-level GLM modelling of Lynx lynx...
glo_A outputs loaded 
Modelling parameters defined 
                   glm-1
AUC            0.8931018
AUC_S          0.7862036
RMSE           0.3621045
CBI            0.9957600
Score          0.8081240
threshold      0.4939283
maxSensitivity 0.8602902
maxSpecificity 0.7821182
maxAccuracy    0.8166027
maxPPV         0.7571989
maxNPV         0.8764986
maxJaccard     0.6742110
maxTSS         0.6424084
maxKappa       0.6333225
maxSEDI        0.7962390
user.self      3.8050000
sys.self       0.5380000
elapsed        6.5600000
user.child     1.5800000
sys.child      0.5400000


Models fitted and evaluated 
Top model glm-1 refitted on full dataset for predictions 
                                          Covariate Importance
5  ch_bioclim_chclim25_present_pixel_1981_2010_bio4  1.0000000
1  ch_bioclim_chclim25_present_pixel_1981_2010_bio1  0.9187845
7  ch_bioclim_chclim25_present_pixel_1981_2010_bio9  0.5158656
4  ch_bioclim_chclim25_present_pixel_1981_2010_bio3  0.4669714
3 ch_bioclim_chclim25_present_pixel_1981_2010_bio15  0.4643073
2 ch_bioclim_chclim25_present_pixel_1981_2010_bio12  0.3676360
6  ch_bioclim_chclim25_present_pixel_1981_2010_bio8  0.3207541


Variable importance scores and response curves computed 
           used  (Mb) gc trigger   (Mb)  max used   (Mb)
Ncells  4340803 231.9    8465677  452.2   8465677  452.2
Vcells 93699476 714.9  283950806 2166.4 282605231 2156.2
Predictions calculated and saved 
Finished!
