Ready for global-level RF modelling of Acer campestre...
glo_A outputs loaded 
Modelling parameters defined 
                      rf-1        rf-2
AUC              0.9513907   0.9515459
AUC_S            0.9027815   0.9030917
RMSE             0.2905753   0.2903930
CBI              0.9992400   0.9992800
Score            0.8920391   0.8921926
threshold        0.4160800   0.4238400
maxSensitivity   0.9225546   0.9198041
maxSpecificity   0.8515414   0.8544019
maxAccuracy      0.8833895   0.8837335
maxPPV           0.8350259   0.8371732
maxNPV           0.9313600   0.9291830
maxJaccard       0.7801244   0.7801319
maxTSS           0.7740960   0.7742060
maxKappa         0.7665720   0.7671255
maxSEDI          0.8976991   0.8973707
user.self        3.2900000   1.9660000
sys.self         0.8730000   2.1760000
elapsed         55.7180000 105.0100000
user.child     222.4080000 465.7130000
sys.child        8.6960000  26.7920000


Models fitted and evaluated 
Top model rf-2 refitted on full dataset for predictions 
                                          Covariate Importance
1  ch_bioclim_chclim25_present_pixel_1981_2010_bio1  1.0000000
2  ch_bioclim_chclim25_present_pixel_1981_2010_bio4  0.6513356
3 ch_bioclim_chclim25_present_pixel_1981_2010_bio15  0.6303791
5 ch_bioclim_chclim25_present_pixel_1981_2010_bio12  0.4614746
4  ch_bioclim_chclim25_present_pixel_1981_2010_bio3  0.3514117
7  ch_bioclim_chclim25_present_pixel_1981_2010_bio8  0.2907835
6  ch_bioclim_chclim25_present_pixel_1981_2010_bio2  0.2521462


Variable importance scores and response curves computed 
            used   (Mb) gc trigger    (Mb)   max used    (Mb)
Ncells   4284561  228.9    8447423   451.2    8447423   451.2
Vcells 761999299 5813.6 1657087096 12642.6 1654796741 12625.1
Predictions calculated and saved 
Finished!
