Ready for global-level GBM modelling of Acer campestre...
glo_A outputs loaded 
Modelling parameters defined 
                   gbm-1     gbm-2     gbm-3     gbm-4       gbm-5      gbm-6
AUC            0.9323904 0.9318749 0.9430464 0.9419427   0.9466360  0.9501438
AUC_S          0.8647807 0.8637498 0.8860929 0.8838853   0.8932720  0.9002876
RMSE           0.3208246 0.3213411 0.3051367 0.3071439   0.2977482  0.2944727
CBI            0.9982800 0.9985200 0.9989200 0.9982800   0.9980000  0.9993600
Score          0.8573454 0.8567704 0.8760461 0.8736665   0.8850269  0.8879169
threshold      0.4824378 0.4860196 0.4659306 0.4640555   0.4407935  0.4564705
maxSensitivity 0.8970088 0.8938421 0.9084677 0.9067211   0.9118221  0.9111528
maxSpecificity 0.8119668 0.8141993 0.8346578 0.8321130   0.8519867  0.8529502
maxAccuracy    0.8501309 0.8499405 0.8677813 0.8655947   0.8788389  0.8790697
maxPPV         0.7955988 0.7968027 0.8176689 0.8149263   0.8338698  0.8347304
maxNPV         0.9067949 0.9042170 0.9183346 0.9165367   0.9223694  0.9219744
maxJaccard     0.7286950 0.7277621 0.7551300 0.7517216   0.7715615  0.7717573
maxTSS         0.7089756 0.7080414 0.7431255 0.7388340   0.7638088  0.7641030
maxKappa       0.7006510 0.7001056 0.7355135 0.7311682   0.7572237  0.7576441
maxSEDI        0.8516101 0.8503902 0.8764272 0.8732284   0.8900894  0.8902929
user.self      0.0160000 0.0150000 0.0120000 0.0260000   0.0350000  0.0180000
sys.self       0.0440000 0.0570000 0.0610000 0.0320000   0.0800000  0.0570000
elapsed        1.0910000 1.6500000 1.8310000 1.4970000  29.6670000  5.5230000
user.child     3.7850000 5.0760000 9.0500000 7.2440000 106.7990000 48.4540000
sys.child      0.4540000 0.4250000 0.5950000 0.4610000   5.4930000  3.7110000
                    gbm-7     gbm-8      gbm-9     gbm-10      gbm-11
AUC             0.9366385 0.9363409  0.9469245  0.9468890   0.9471038
AUC_S           0.8732769 0.8726818  0.8938490  0.8937780   0.8942076
RMSE            0.3145530 0.3148863  0.2995903  0.2997507   0.2992611
CBI             0.9986000 0.9987200  0.9990400  0.9991600   0.9962800
Score           0.8639885 0.8636603  0.8821655  0.8821470   0.8849117
threshold       0.4861399 0.4802491  0.4497393  0.4592694   0.4351929
maxSensitivity  0.8914507 0.8944297  0.9156009  0.9104264   0.9102142
maxSpecificity  0.8286379 0.8251495  0.8380066  0.8430764   0.8540332
maxAccuracy     0.8568263 0.8562403  0.8728285  0.8733010   0.8792455
maxPPV          0.8093592 0.8066594  0.8217388  0.8254258   0.8356071
maxNPV          0.9039391 0.9059057  0.9244353  0.9205150   0.9212905
maxJaccard      0.7364481 0.7363075  0.7636677  0.7633070   0.7718382
maxTSS          0.7200886 0.7195792  0.7536075  0.7535029   0.7642475
maxKappa        0.7133431 0.7123601  0.7456765  0.7463504   0.7579473
maxSEDI         0.8590161 0.8588179  0.8839750  0.8833092   0.8903059
user.self       0.0210000 0.0130000  0.0090000  0.1240000   0.0180000
sys.self        0.0570000 0.0670000  0.0880000  0.0730000   0.0600000
elapsed         1.8800000 1.8570000  3.5110000  3.0090000  49.2910000
user.child     11.8820000 8.5800000 15.0560000 14.7730000 182.1450000
sys.child       1.0730000 0.5400000  0.8450000  0.9550000   9.4400000
                   gbm-12
AUC             0.9515201
AUC_S           0.9030402
RMSE            0.2919850
CBI             0.9991600
Score           0.8902396
threshold       0.4465556
maxSensitivity  0.9162130
maxSpecificity  0.8523056
maxAccuracy     0.8809853
maxPPV          0.8348449
maxNPV          0.9260231
maxJaccard      0.7755183
maxTSS          0.7685187
maxKappa        0.7616094
maxSEDI         0.8935010
user.self       0.4790000
sys.self        0.1250000
elapsed         9.4760000
user.child     82.1580000
sys.child       6.6820000


Models fitted and evaluated 
Top model gbm-12 refitted on full dataset for predictions 
                                          Covariate Importance
1  ch_bioclim_chclim25_present_pixel_1981_2010_bio1 1.00000000
2  ch_bioclim_chclim25_present_pixel_1981_2010_bio4 0.42264702
3 ch_bioclim_chclim25_present_pixel_1981_2010_bio15 0.21648928
4 ch_bioclim_chclim25_present_pixel_1981_2010_bio12 0.11366892
5  ch_bioclim_chclim25_present_pixel_1981_2010_bio3 0.09310146
6  ch_bioclim_chclim25_present_pixel_1981_2010_bio8 0.07771618
7  ch_bioclim_chclim25_present_pixel_1981_2010_bio2 0.06921388


Variable importance scores and response curves computed 
           used  (Mb) gc trigger   (Mb)  max used   (Mb)
Ncells  5585329 298.3   11018620  588.5  11018620  588.5
Vcells 63311622 483.1  202504611 1545.0 253130763 1931.3
Predictions calculated and saved 
Finished!
