Ready for global-level MAX modelling of Achillea millefolium...
glo_A outputs loaded 
Modelling parameters defined 
                     max-1       max-2       max-3
AUC              0.8465138   0.8403417   0.8353658
AUC_S            0.6930276   0.6806835   0.6707315
RMSE             0.4250341   0.4251568   0.4257594
CBI              0.9985200   0.9986800   0.9987600
Score            0.7399988   0.7322133   0.7261084
threshold        0.3146642   0.3226816   0.3465154
maxSensitivity   0.7902476   0.7900745   0.7708052
maxSpecificity   0.7382011   0.7272021   0.7380285
maxAccuracy      0.7636709   0.7579697   0.7540683
maxPPV           0.7435639   0.7351894   0.7385022
maxNPV           0.7866673   0.7834052   0.7709358
maxJaccard       0.6205738   0.6150004   0.6052810
maxTSS           0.5284487   0.5172766   0.5088337
maxKappa         0.5277506   0.5164721   0.5083667
maxSEDI          0.6871603   0.6753932   0.6660896
user.self        0.0230000   0.0210000   0.0190000
sys.self         0.0650000   0.0480000   0.0490000
elapsed         61.9070000  55.7770000  39.5020000
user.child     228.7670000 259.1260000 227.7530000
sys.child        6.9130000   9.3620000   8.1150000


Models fitted and evaluated 
Top model max-1 refitted on full dataset for predictions 
                                          Covariate Importance
1  ch_bioclim_chclim25_present_pixel_1981_2010_bio1  1.0000000
2  ch_bioclim_chclim25_present_pixel_1981_2010_bio4  0.5357400
4  ch_bioclim_chclim25_present_pixel_1981_2010_bio3  0.3029723
3 ch_bioclim_chclim25_present_pixel_1981_2010_bio12  0.2632339
5 ch_bioclim_chclim25_present_pixel_1981_2010_bio15  0.1306377
6  ch_bioclim_chclim25_present_pixel_1981_2010_bio8  0.1103393


Variable importance scores and response curves computed 
           used  (Mb) gc trigger   (Mb)  max used   (Mb)
Ncells  4294102 229.4    8422847  449.9   8422847  449.9
Vcells 44366847 338.5  169209272 1291.0 211511590 1613.8
Predictions calculated and saved 
Finished!
