Ready for global-level GLM modelling of Achillea millefolium...
glo_A outputs loaded 
Modelling parameters defined 
                   glm-1
AUC            0.8196563
AUC_S          0.6393125
RMSE           0.4157511
CBI            0.9987600
Score          0.7092788
threshold      0.5202795
maxSensitivity 0.7620848
maxSpecificity 0.7276790
maxAccuracy    0.7445075
maxPPV         0.7282448
maxNPV         0.7616329
maxJaccard     0.5933220
maxTSS         0.4897639
maxKappa       0.4892793
maxSEDI        0.6454948
user.self      4.8120000
sys.self       0.4620000
elapsed        7.6940000
user.child     1.7460000
sys.child      0.5920000


Models fitted and evaluated 
Top model glm-1 refitted on full dataset for predictions 
                                          Covariate Importance
1  ch_bioclim_chclim25_present_pixel_1981_2010_bio1  1.0000000
5  ch_bioclim_chclim25_present_pixel_1981_2010_bio4  0.7236224
4  ch_bioclim_chclim25_present_pixel_1981_2010_bio3  0.5114639
2 ch_bioclim_chclim25_present_pixel_1981_2010_bio12  0.3918139
6  ch_bioclim_chclim25_present_pixel_1981_2010_bio8  0.3832473
3 ch_bioclim_chclim25_present_pixel_1981_2010_bio15  0.3481014


Variable importance scores and response curves computed 
           used  (Mb) gc trigger   (Mb)  max used   (Mb)
Ncells  4341352 231.9    8469740  452.4   8469740  452.4
Vcells 89741351 684.7  254534786 1942.0 253460160 1933.8
Predictions calculated and saved 
Finished!
