Ready for global-level RF modelling of Achillea millefolium...
glo_A outputs loaded 
Modelling parameters defined 
                      rf-1        rf-2
AUC              0.8916868   0.8919008
AUC_S            0.7833736   0.7838015
RMSE             0.3641743   0.3640001
CBI              0.9998400   0.9998400
Score            0.8018592   0.8023560
threshold        0.4669600   0.4714000
maxSensitivity   0.8556398   0.8531879
maxSpecificity   0.7667241   0.7702387
maxAccuracy      0.8102143   0.8108105
maxPPV           0.7785465   0.7806137
maxNPV           0.8475189   0.8458292
maxJaccard       0.6879911   0.6880627
maxTSS           0.6223640   0.6234266
maxKappa         0.6210515   0.6221930
maxSEDI          0.7790394   0.7796721
user.self        3.3680000   2.7160000
sys.self         1.6870000   4.9630000
elapsed         75.3640000 145.1540000
user.child     288.8010000 607.9850000
sys.child       13.9740000  45.2750000


Models fitted and evaluated 
Top model rf-2 refitted on full dataset for predictions 
                                          Covariate Importance
2  ch_bioclim_chclim25_present_pixel_1981_2010_bio4  1.0000000
1  ch_bioclim_chclim25_present_pixel_1981_2010_bio1  0.8498720
4 ch_bioclim_chclim25_present_pixel_1981_2010_bio15  0.6806409
3 ch_bioclim_chclim25_present_pixel_1981_2010_bio12  0.6624919
5  ch_bioclim_chclim25_present_pixel_1981_2010_bio3  0.6303441
6  ch_bioclim_chclim25_present_pixel_1981_2010_bio8  0.6256295


Variable importance scores and response curves computed 
             used   (Mb) gc trigger    (Mb)   max used    (Mb)
Ncells    4286806  229.0    8419448   449.7    8419448   449.7
Vcells 1135438288 8662.8 1862065100 14206.5 1830496585 13965.6
Predictions calculated and saved 
Finished!
