Ready for global-level GLM modelling of Acer campestre...
glo_A outputs loaded 
Modelling parameters defined 
                   glm-1
AUC            0.9268783
AUC_S          0.8537566
RMSE           0.3266574
CBI            0.9952400
Score          0.8497824
threshold      0.4829270
maxSensitivity 0.8944705
maxSpecificity 0.8058802
maxAccuracy    0.8456113
maxPPV         0.7895323
maxNPV         0.9040228
maxJaccard     0.7220689
maxTSS         0.7003507
maxKappa       0.6917435
maxSEDI        0.8449019
user.self      1.6670000
sys.self       0.3280000
elapsed        3.2540000
user.child     1.5590000
sys.child      0.6830000


Models fitted and evaluated 
Top model glm-1 refitted on full dataset for predictions 
                                          Covariate Importance
1  ch_bioclim_chclim25_present_pixel_1981_2010_bio1  1.0000000
6  ch_bioclim_chclim25_present_pixel_1981_2010_bio4  0.6706360
3 ch_bioclim_chclim25_present_pixel_1981_2010_bio15  0.3490274
4  ch_bioclim_chclim25_present_pixel_1981_2010_bio2  0.2552160
2 ch_bioclim_chclim25_present_pixel_1981_2010_bio12  0.2211548
5  ch_bioclim_chclim25_present_pixel_1981_2010_bio3  0.2006571
7  ch_bioclim_chclim25_present_pixel_1981_2010_bio8  0.1255901


Variable importance scores and response curves computed 
           used  (Mb) gc trigger   (Mb)  max used   (Mb)
Ncells  4341300 231.9    8467018  452.2   8467018  452.2
Vcells 94379768 720.1  285018704 2174.6 284966119 2174.2
Predictions calculated and saved 
Finished!
