Ready for regional-level GBM modelling of Achillea millefolium using the covariate method for scale-nesting ...
reg_A outputs loaded 
Modelling parameters defined 
                   gbm-1     gbm-2     gbm-3     gbm-4      gbm-5      gbm-6
AUC            0.9447809 0.9445817 0.9565559 0.9555986  0.9565243  0.9609180
AUC_S          0.8895618 0.8891635 0.9131118 0.9111971  0.9130486  0.9218359
RMSE           0.3099787 0.3102343 0.2902373 0.2921936  0.2906084  0.2818283
CBI            0.9992000 0.9990400 0.9988000 0.9988800  0.9882800  0.9971600
Score          0.8709934 0.8706762 0.8924354 0.8901683  0.8915470  0.8982275
threshold      0.5148790 0.5063938 0.4991514 0.4897116  0.5012397  0.4790847
maxSensitivity 0.8627066 0.8682642 0.8932371 0.8933237  0.8905233  0.8955900
maxSpecificity 0.8615119 0.8555609 0.8721574 0.8671039  0.8827891  0.8800967
maxAccuracy    0.8620960 0.8617713 0.8824629 0.8799224  0.8865702  0.8876711
maxPPV         0.8572652 0.8527352 0.8702012 0.8658100  0.8792548  0.8778481
maxNPV         0.8687096 0.8724952 0.8955404 0.8950928  0.8941750  0.8986011
maxJaccard     0.7534755 0.7542703 0.7879167 0.7843501  0.7933059  0.7958378
maxTSS         0.7242185 0.7238251 0.7653945 0.7604276  0.7733124  0.7756867
maxKappa       0.7240995 0.7235229 0.7649477 0.7598959  0.7730926  0.7753365
maxSEDI        0.8614053 0.8610870 0.8903471 0.8870492  0.8954366  0.8973645
user.self      0.0160000 0.0060000 0.0090000 0.0190000  0.0010000  0.0570000
sys.self       0.0450000 0.0640000 0.0730000 0.0370000  0.0600000  0.0530000
elapsed        0.5250000 0.6090000 1.0230000 0.8860000 23.7440000  2.4460000
user.child     1.7870000 2.2950000 4.1080000 4.0040000 86.2010000 30.2280000
sys.child      0.2830000 0.3210000 0.5120000 0.3990000  5.2600000  3.0890000
                   gbm-7     gbm-8     gbm-9    gbm-10      gbm-11     gbm-12
AUC            0.9508770 0.9508659 0.9609617 0.9605672   0.9598996  0.9640159
AUC_S          0.9017541 0.9017317 0.9219235 0.9211344   0.9197991  0.9280317
RMSE           0.2995887 0.2996257 0.2812951 0.2824433   0.2895712  0.2755131
CBI            0.9989600 0.9987600 0.9981600 0.9978000   0.9710000  0.9957600
Score          0.8820751 0.8818564 0.8994400 0.8982342   0.8911246  0.9035274
threshold      0.4843606 0.4820235 0.5000996 0.5008776   0.4901411  0.4786767
maxSensitivity 0.8881415 0.8889643 0.8942187 0.8917503   0.8942764  0.9004114
maxSpecificity 0.8573697 0.8561132 0.8840179 0.8840179   0.8882982  0.8863790
maxAccuracy    0.8724135 0.8721736 0.8890049 0.8877982   0.8912209  0.8932392
maxPPV         0.8567372 0.8557929 0.8809725 0.8807051   0.8847916  0.8838439
maxNPV         0.8896464 0.8902723 0.8975908 0.8955391   0.8980397  0.9033915
maxJaccard     0.7728323 0.7726601 0.7975347 0.7952993   0.8007700  0.8047860
maxTSS         0.7455112 0.7450775 0.7782366 0.7757682   0.7825747  0.7867904
maxKappa       0.7449064 0.7444386 0.7779768 0.7755490   0.7823875  0.7864615
maxSEDI        0.8768307 0.8765978 0.8988026 0.8972074   0.9015769  0.9044746
user.self      0.0160000 0.0140000 0.0080000 0.0110000   0.0120000  0.0130000
sys.self       0.0440000 0.0410000 0.0450000 0.0410000   0.0480000  0.0490000
elapsed        0.9370000 0.8100000 1.8380000 1.3760000  38.0100000  4.8530000
user.child     4.9750000 3.6820000 7.4450000 6.7230000 142.8060000 52.5960000
sys.child      0.7740000 0.3600000 0.6180000 0.6000000   8.5310000  4.8280000


Models fitted and evaluated 
Top model gbm-12 refitted on full dataset for predictions 
                                     Covariate Importance
1                                      mainGLO 1.00000000
2   reg_topo_alti3d2016_pixel_hillshade_median 0.07416343
3   ch_lulc_agg11_present_pixel_2018_reg13_200 0.06110367
4  ch_hydro_gwn07_pixel_dist2riverstrahler_cl4 0.06074591
5  ch_lulc_agg11_present_pixel_2018_reg15_3000 0.05844310
6      reg_topo_alti3d2016_pixel_aspect_median 0.04971707
7  ch_lulc_agg11_present_pixel_2018_reg17_1500 0.04260225
8  ch_lulc_agg11_present_pixel_2018_reg16_3000 0.04168592
9  ch_lulc_agg11_present_pixel_2018_reg14_3000 0.04033018
10 ch_lulc_agg11_present_pixel_2018_reg18_3000 0.02933742
11 ch_lulc_agg11_present_pixel_2018_reg10_1500 0.02810925
12  ch_lulc_agg11_present_pixel_2018_reg12_500 0.02092363


Variable importance scores and response curves computed 
           used  (Mb) gc trigger   (Mb)  max used   (Mb)
Ncells  5568427 297.4   11004837  587.8  11004837  587.8
Vcells 79252443 604.7  375398222 2864.1 388703466 2965.6
Predictions calculated and saved 
Finished!
