Loading required package: nsdm
Loading required package: data.table
Loading required package: stringi
Loading required package: stringr
Loading required package: plyr
Loading required package: readxl
Loading required package: writexl
Loading required package: parallel
Loading required package: sp
Loading required package: raster
Loading required package: rgdal
Please note that rgdal will be retired during October 2023,
plan transition to sf/stars/terra functions using GDAL and PROJ
at your earliest convenience.
See https://r-spatial.org/r/2023/05/15/evolution4.html and https://github.com/r-spatial/evolution
rgdal: version: 1.6-7, (SVN revision (unknown))
Geospatial Data Abstraction Library extensions to R successfully loaded
Loaded GDAL runtime: GDAL 3.4.3, released 2022/04/22
Path to GDAL shared files: /cluster/software/stacks/2024-06/spack/opt/spack/linux-ubuntu22.04-x86_64_v3/gcc-12.2.0/gdal-3.4.3-e6k67ykdtq63e2upllktkzwvmglacg7p/share/gdal
GDAL binary built with GEOS: TRUE 
Loaded PROJ runtime: Rel. 9.2.1, June 1st, 2023, [PJ_VERSION: 921]
Path to PROJ shared files: /cluster/software/stacks/2024-06/spack/opt/spack/linux-ubuntu22.04-x86_64_v3/gcc-12.2.0/proj-9.2.1-trgscchjbfwywzkraanmqlpfkmopyqkn/share/proj
PROJ CDN enabled: TRUE
Linking to sp version:2.1-3
To mute warnings of possible GDAL/OSR exportToProj4() degradation,
use options("rgdal_show_exportToProj4_warnings"="none") before loading sp or rgdal.
Loading required package: zoo

Attaching package: ‘zoo’

The following objects are masked from ‘package:data.table’:

    yearmon, yearqtr

The following objects are masked from ‘package:base’:

    as.Date, as.Date.numeric

Loading required package: fst
Loading required package: tools
Loading required package: glmnet
Loading required package: Matrix
Loaded glmnet 4.1-8
Loading required package: gam
Loading required package: splines
Loading required package: foreach
Loaded gam 1.22-2

Loading required package: mgcv
Loading required package: nlme

Attaching package: ‘nlme’

The following object is masked from ‘package:raster’:

    getData

This is mgcv 1.9-1. For overview type 'help("mgcv-package")'.

Attaching package: ‘mgcv’

The following objects are masked from ‘package:gam’:

    gam, gam.control, gam.fit, s

Loading required package: randomForest
randomForest 4.7-1.1
Type rfNews() to see new features/changes/bug fixes.
Loading required package: RRF
Registered S3 method overwritten by 'RRF':
  method      from        
  plot.margin randomForest
RRF 1.9.4
Type rrfNews() to see new features/changes/bug fixes.

Attaching package: ‘RRF’

The following objects are masked from ‘package:randomForest’:

    classCenter, combine, getTree, grow, importance, margin, MDSplot,
    na.roughfix, outlier, partialPlot, treesize, varImpPlot, varUsed

Loading required package: lightgbm
Loading required package: R6
Loading required package: ranger

Attaching package: ‘ranger’

The following object is masked from ‘package:RRF’:

    importance

The following object is masked from ‘package:randomForest’:

    importance

Loading required package: maxnet
Loading required package: caret
Loading required package: ggplot2

Attaching package: ‘ggplot2’

The following object is masked from ‘package:RRF’:

    margin

The following object is masked from ‘package:randomForest’:

    margin

Loading required package: lattice
Loading required package: ROCR
Loading required package: chron

Attaching package: ‘chron’

The following object is masked from ‘package:foreach’:

    times

The following objects are masked from ‘package:raster’:

    origin, origin<-

Loading required package: ggpubr

Attaching package: ‘ggpubr’

The following object is masked from ‘package:raster’:

    rotate

The following object is masked from ‘package:plyr’:

    mutate

Warning messages:
1: In raster::readAll(maps) :
  cannot read values; there is no file associated with this RasterLayer
2: In raster::readAll(maps) :
  cannot read values; there is no file associated with this RasterLayer
3: In raster::readAll(maps) :
  cannot read values; there is no file associated with this RasterLayer
4: In raster::readAll(maps) :
  cannot read values; there is no file associated with this RasterLayer
5: In raster::readAll(maps) :
  cannot read values; there is no file associated with this RasterLayer
Warning message:
In raster::readAll(maps) :
  cannot read values; there is no file associated with this RasterLayer
Warning message:
In raster::readAll(maps) :
  cannot read values; there is no file associated with this RasterLayer
Warning messages:
1: In raster::readAll(maps) :
  cannot read values; there is no file associated with this RasterLayer
2: In raster::readAll(maps) :
  cannot read values; there is no file associated with this RasterLayer
