Ready for regional-level RF modelling of Lynx lynx using the covariate method for scale-nesting ...
reg_A outputs loaded 
Modelling parameters defined 
                      rf-1        rf-2
AUC              0.9690255   0.9691413
AUC_S            0.9380511   0.9382826
RMSE             0.2669332   0.2667545
CBI              0.9988400   0.9991600
Score            0.9140364   0.9145783
threshold        0.4979200   0.4947200
maxSensitivity   0.9017365   0.9032934
maxSpecificity   0.9034816   0.9029990
maxAccuracy      0.9026449   0.9031401
maxPPV           0.8963749   0.8958495
maxNPV           0.9093046   0.9103987
maxJaccard       0.8162245   0.8172530
maxTSS           0.8052181   0.8062924
maxKappa         0.8050138   0.8060209
maxSEDI          0.9160173   0.9165168
user.self        2.3550000   2.3270000
sys.self         0.5970000   1.2810000
elapsed         47.1210000  83.7130000
user.child     167.4690000 352.6010000
sys.child       10.2470000  18.8550000


Models fitted and evaluated 
Top model rf-2 refitted on full dataset for predictions 
                                     Covariate  Importance
1                                      mainGLO 1.000000000
3  ch_lulc_agg11_present_pixel_2018_reg13_3000 0.170152316
11 ch_lulc_agg11_present_pixel_2018_reg12_3000 0.157421683
2  ch_lulc_agg11_present_pixel_2018_reg16_3000 0.141498676
9         reg_topo_alti3d2016_pixel_slope_mean 0.138623732
4  ch_lulc_agg11_present_pixel_2018_reg17_3000 0.116955330
7           ch_hydro_gwn07_pixel_dist2lake_cl1 0.104311155
5  ch_lulc_agg11_present_pixel_2018_reg14_1500 0.072928695
6  ch_lulc_agg11_present_pixel_2018_reg10_3000 0.068091244
8  ch_lulc_agg11_present_pixel_2018_reg15_3000 0.058069568
10 ch_lulc_agg11_present_pixel_2018_reg18_3000 0.036238646
12 ch_lulc_agg11_present_pixel_2018_reg19_1500 0.009989232


Variable importance scores and response curves computed 
            used   (Mb) gc trigger   (Mb)   max used   (Mb)
Ncells   4270600  228.1    8293778  443.0    8293778  443.0
Vcells 471343293 3596.1 1036753164 7909.8 1010356706 7708.5
Predictions calculated and saved 
Finished!
