Ready for regional-level GAM modelling of Lynx lynx using the covariate method for scale-nesting ...
reg_A outputs loaded 
Modelling parameters defined 
                     gam-1       gam-2       gam-3
AUC              0.9567823   0.9500593   0.9550998
AUC_S            0.9135646   0.9001187   0.9101997
RMSE             0.2899115   0.3009170   0.2928406
CBI              0.9982800   0.9942000   0.9974800
Score            0.8921173   0.8803195   0.8889215
threshold        0.4526107   0.4906339   0.4488561
maxSensitivity   0.8983234   0.8845509   0.8960030
maxSpecificity   0.8661841   0.8620889   0.8630817
maxAccuracy      0.8815934   0.8728584   0.8788660
maxPPV           0.8609902   0.8553518   0.8578987
maxNPV           0.9026108   0.8903401   0.9003483
maxJaccard       0.7843782   0.7693481   0.7800262
maxTSS           0.7645074   0.7466398   0.7590847
maxKappa         0.7631955   0.7456300   0.7577476
maxSEDI          0.8898003   0.8771679   0.8861242
user.self        0.6430000   0.1320000   0.4670000
sys.self         0.1720000   0.1260000   0.1730000
elapsed         88.0580000  21.6720000  27.5960000
user.child     219.8560000 174.9500000 131.4910000
sys.child        4.3920000   3.5380000   4.0630000


Models fitted and evaluated 
Top model gam-1 refitted on full dataset for predictions 
                                     Covariate  Importance
1                                      mainGLO 1.000000000
2  ch_lulc_agg11_present_pixel_2018_reg16_3000 0.095394837
4  ch_lulc_agg11_present_pixel_2018_reg17_3000 0.083645355
3  ch_lulc_agg11_present_pixel_2018_reg13_3000 0.071341756
10 ch_lulc_agg11_present_pixel_2018_reg18_3000 0.067046645
9         reg_topo_alti3d2016_pixel_slope_mean 0.059509692
6  ch_lulc_agg11_present_pixel_2018_reg10_3000 0.037514900
11 ch_lulc_agg11_present_pixel_2018_reg12_3000 0.027752858
8  ch_lulc_agg11_present_pixel_2018_reg15_3000 0.022644575
5  ch_lulc_agg11_present_pixel_2018_reg14_1500 0.009389218
7           ch_hydro_gwn07_pixel_dist2lake_cl1 0.004329455
12 ch_lulc_agg11_present_pixel_2018_reg19_1500 0.001209425


Variable importance scores and response curves computed 
            used  (Mb) gc trigger   (Mb)  max used   (Mb)
Ncells   4555738 243.4    8572980  457.9   8572980  457.9
Vcells 114708192 875.2  353543895 2697.4 440562841 3361.3
Predictions calculated and saved 
Finished!
