Ready for regional-level MAX modelling of Acer campestre using the covariate method for scale-nesting ...
reg_A outputs loaded 
Modelling parameters defined 
                      max-1        max-2       max-3
AUC              0.97408035   0.97418100   0.9739464
AUC_S            0.94816070   0.94836200   0.9478928
RMSE             0.30751213   0.31197267   0.3128582
CBI              0.97604000   0.98264000   0.9862800
Score            0.91588916   0.91861419   0.9197777
threshold        0.09292525   0.08985376   0.0874279
maxSensitivity   0.92168623   0.92537887   0.9309712
maxSpecificity   0.90178054   0.89946170   0.8941891
maxAccuracy      0.90959765   0.90963956   0.9086337
maxPPV           0.85897594   0.85642076   0.8507940
maxNPV           0.94699119   0.94917617   0.9525504
maxJaccard       0.80023005   0.80092582   0.8001303
maxTSS           0.82346677   0.82484057   0.8251603
maxKappa         0.81293182   0.81324443   0.8116201
maxSEDI          0.92701782   0.92780998   0.9282576
user.self        0.03600000   0.03600000   0.0360000
sys.self         0.05300000   0.04400000   0.0360000
elapsed         38.79800000  30.77600000  25.5190000
user.child     168.83300000 160.56800000 141.6850000
sys.child        4.65600000   4.45200000   5.1430000


Models fitted and evaluated 
Top model max-3 refitted on full dataset for predictions 
                                     Covariate Importance
1                                      mainGLO 1.00000000
8     reg_topo_alti3d2016_pixel_hillshade_mean 0.21031235
4  ch_lulc_agg11_present_pixel_2018_reg10_3000 0.14984267
10          ch_hydro_gwn07_pixel_dist2lake_all 0.14466471
7  ch_lulc_agg11_present_pixel_2018_reg18_3000 0.14282161
2       ch_transport_tlm3d_pixel_dist2road_all 0.13988238
3  ch_lulc_agg11_present_pixel_2018_reg15_3000 0.13535050
9        reg_topo_alti3d2016_pixel_aspect_mean 0.12902259
6   ch_lulc_agg11_present_pixel_2018_reg13_200 0.11241070
5  ch_lulc_agg11_present_pixel_2018_reg17_1500 0.10553322
11 ch_lulc_agg11_present_pixel_2018_reg12_3000 0.08302465
12 ch_hydro_gwn07_pixel_dist2riverstrahler_cl4 0.07720212


Variable importance scores and response curves computed 
           used  (Mb) gc trigger   (Mb)  max used   (Mb)
Ncells  4272203 228.2    8288480  442.7   8288480  442.7
Vcells 71893685 548.6  363762603 2775.3 377935986 2883.5
Predictions calculated and saved 
Finished!
