Ready for regional-level GAM modelling of Achillea millefolium using the covariate method for scale-nesting ...
reg_A outputs loaded 
Modelling parameters defined 
                    gam-1      gam-2      gam-3
AUC             0.9490400  0.9404712  0.9464508
AUC_S           0.8980801  0.8809424  0.8929016
RMSE            0.3014243  0.3146790  0.3051278
CBI             0.9986400  0.9943600  0.9983200
Score           0.8803818  0.8632752  0.8770973
threshold       0.4874276  0.4807125  0.4772044
maxSensitivity  0.8787297  0.8677301  0.8779646
maxSpecificity  0.8656955  0.8467932  0.8621056
maxAccuracy     0.8720677  0.8570289  0.8698589
maxPPV          0.8627016  0.8449307  0.8591400
maxNPV          0.8822218  0.8706839  0.8809260
maxJaccard      0.7705513  0.7479223  0.7673491
maxTSS          0.7444252  0.7145233  0.7400703
maxKappa        0.7441182  0.7140942  0.7397147
maxSEDI         0.8757129  0.8540246  0.8724218
user.self       0.4140000  0.0600000  0.3500000
sys.self        0.1570000  0.1100000  0.1640000
elapsed        10.0770000 14.0930000 16.0050000
user.child     42.0870000 64.0870000 75.5370000
sys.child       2.6440000  2.5660000  2.2940000


Models fitted and evaluated 
Top model gam-1 refitted on full dataset for predictions 
                                     Covariate  Importance
1                                      mainGLO 1.000000000
2   ch_lulc_agg11_present_pixel_2018_reg13_200 0.114147051
8   reg_topo_alti3d2016_pixel_hillshade_median 0.085272094
3  ch_lulc_agg11_present_pixel_2018_reg15_3000 0.084894246
11 ch_lulc_agg11_present_pixel_2018_reg18_3000 0.073867233
10     reg_topo_alti3d2016_pixel_aspect_median 0.061059714
12 ch_lulc_agg11_present_pixel_2018_reg16_3000 0.053428751
9  ch_lulc_agg11_present_pixel_2018_reg14_3000 0.047257718
4  ch_hydro_gwn07_pixel_dist2riverstrahler_cl4 0.037017028
6   ch_lulc_agg11_present_pixel_2018_reg12_500 0.011456945
5  ch_lulc_agg11_present_pixel_2018_reg10_1500 0.006918792
7  ch_lulc_agg11_present_pixel_2018_reg17_1500 0.002640680


Variable importance scores and response curves computed 
            used  (Mb) gc trigger   (Mb)  max used   (Mb)
Ncells   4556054 243.4    8575474  458.0   8575474  458.0
Vcells 115851846 883.9  354948767 2708.1 441782349 3370.6
Predictions calculated and saved 
Finished!
