Ready for regional-level GBM modelling of Acer campestre using the covariate method for scale-nesting ...
reg_A outputs loaded 
Modelling parameters defined 
                   gbm-1     gbm-2     gbm-3     gbm-4      gbm-5      gbm-6
AUC            0.9719926 0.9717951 0.9800614 0.9791152  0.9750055  0.9810670
AUC_S          0.9439851 0.9435903 0.9601228 0.9582303  0.9500111  0.9621341
RMSE           0.2668168 0.2671874 0.2409914 0.2461152  0.2505660  0.2370995
CBI            0.9933600 0.9929600 0.9907200 0.9927600  0.9317200  0.9924400
Score          0.9199634 0.9194244 0.9345623 0.9327706  0.9080830  0.9369896
threshold      0.5963598 0.5901275 0.5596093 0.5623959  0.3729272  0.5571077
maxSensitivity 0.9367343 0.9380790 0.9459979 0.9454856  0.9351334  0.9433511
maxSpecificity 0.8858109 0.8836439 0.9068461 0.9018357  0.9073844  0.9130435
maxAccuracy    0.9058089 0.9050210 0.9222213 0.9189774  0.9182816  0.9249455
maxPPV         0.8416705 0.8393826 0.8681674 0.8621210  0.8673969  0.8754359
maxNPV         0.9560149 0.9567908 0.9630339 0.9625975  0.9558998  0.9615065
maxJaccard     0.7961746 0.7950993 0.8269609 0.8209356  0.8180296  0.8315822
maxTSS         0.8225452 0.8217229 0.8528440 0.8473213  0.8425178  0.8563946
maxKappa       0.8064124 0.8049668 0.8395138 0.8330275  0.8310256  0.8447915
maxSEDI        0.9272856 0.9269334 0.9438760 0.9411917  0.9378536  0.9454393
user.self      0.0070000 0.0170000 0.0110000 0.0140000  0.0100000  0.0140000
sys.self       0.0470000 0.0330000 0.0360000 0.0320000  0.0480000  0.0330000
elapsed        0.4940000 0.4880000 0.9560000 0.7520000 18.9040000  1.9540000
user.child     1.6640000 2.0990000 3.9180000 3.6490000 74.0840000 24.2040000
sys.child      0.2860000 0.3080000 0.4360000 0.3270000  4.2840000  2.6860000
                   gbm-7     gbm-8     gbm-9    gbm-10      gbm-11     gbm-12
AUC            0.9763439 0.9759674 0.9817114 0.9814094   0.9796209  0.9829353
AUC_S          0.9526878 0.9519348 0.9634228 0.9628189   0.9592419  0.9658706
RMSE           0.2543327 0.2551276 0.2331643 0.2359562   0.2487016  0.2278892
CBI            0.9917600 0.9920400 0.9893600 0.9913200   0.8691600  0.9869600
Score          0.9276062 0.9270622 0.9376517 0.9373790   0.8942168  0.9393197
threshold      0.6049063 0.5986876 0.5398425 0.5479753   0.3830135  0.5084282
maxSensitivity 0.9351547 0.9356243 0.9445891 0.9452721   0.9366916  0.9462327
maxSpecificity 0.9032160 0.9015873 0.9155832 0.9127260   0.9175569  0.9188958
maxAccuracy    0.9157586 0.9149539 0.9269740 0.9255071   0.9250712  0.9296312
maxPPV         0.8623037 0.8604541 0.8786672 0.8754365   0.8803867  0.8830673
maxNPV         0.9557246 0.9559948 0.9623783 0.9627902   0.9573520  0.9635956
maxJaccard     0.8134776 0.8121199 0.8355411 0.8329775   0.8308280  0.8408052
maxTSS         0.8383708 0.8372116 0.8601723 0.8579982   0.8542485  0.8651284
maxKappa       0.8260144 0.8244494 0.8489080 0.8460399   0.8446835  0.8543156
maxSEDI        0.9356826 0.9351476 0.9473354 0.9464357   0.9440489  0.9498737
user.self      0.0100000 0.0040000 0.0160000 0.0990000   0.0220000  0.0050000
sys.self       0.0360000 0.0400000 0.0320000 0.0450000   0.0370000  0.0440000
elapsed        0.7610000 0.7590000 1.7890000 1.3740000  33.7060000  3.8180000
user.child     4.3330000 3.3590000 7.3610000 6.8190000 131.9580000 44.8530000
sys.child      0.6900000 0.3530000 0.6010000 0.6370000   7.6630000  4.0870000


Models fitted and evaluated 
Top model gbm-12 refitted on full dataset for predictions 
                                     Covariate Importance
1                                      mainGLO 1.00000000
2  ch_lulc_agg11_present_pixel_2018_reg15_3000 0.07470542
3       ch_transport_tlm3d_pixel_dist2road_all 0.03922166
4     reg_topo_alti3d2016_pixel_hillshade_mean 0.03339253
5  ch_lulc_agg11_present_pixel_2018_reg17_1500 0.02977107
6  ch_lulc_agg11_present_pixel_2018_reg18_3000 0.02832455
7  ch_lulc_agg11_present_pixel_2018_reg10_3000 0.02684969
8   ch_lulc_agg11_present_pixel_2018_reg13_200 0.02384314
9           ch_hydro_gwn07_pixel_dist2lake_all 0.02332074
10 ch_hydro_gwn07_pixel_dist2riverstrahler_cl4 0.02289986
11       reg_topo_alti3d2016_pixel_aspect_mean 0.02183411
12 ch_lulc_agg11_present_pixel_2018_reg12_3000 0.01621869


Variable importance scores and response curves computed 
           used  (Mb) gc trigger   (Mb)  max used   (Mb)
Ncells  5565439 297.3   11899328  635.5  11899328  635.5
Vcells 77591436 592.0  372208112 2839.8 386393737 2948.0
Predictions calculated and saved 
Finished!
