Ready for regional-level GBM modelling of Lynx lynx using the covariate method for scale-nesting ...
reg_A outputs loaded 
Modelling parameters defined 
                   gbm-1     gbm-2     gbm-3     gbm-4      gbm-5      gbm-6
AUC            0.9540736 0.9541874 0.9632271 0.9626998  0.9632575  0.9665054
AUC_S          0.9081473 0.9083747 0.9264541 0.9253995  0.9265151  0.9330109
RMSE           0.2967322 0.2965765 0.2789685 0.2804266  0.2813189  0.2718343
CBI            0.9982000 0.9981600 0.9976400 0.9978400  0.9838400  0.9978000
Score          0.8859273 0.8861933 0.9017367 0.9006171  0.8992888  0.9075497
threshold      0.4356286 0.4321886 0.4665334 0.4575757  0.4510261  0.4857770
maxSensitivity 0.8955090 0.8983533 0.9059281 0.9061677  0.9027545  0.9014970
maxSpecificity 0.8559255 0.8536918 0.8751879 0.8724440  0.8847570  0.8903413
maxAccuracy    0.8749040 0.8751050 0.8899264 0.8886130  0.8933860  0.8956899
maxPPV         0.8516419 0.8501879 0.8700472 0.8675701  0.8785297  0.8836139
maxNPV         0.8992741 0.9016196 0.9100610 0.9099949  0.9082871  0.9077465
maxJaccard     0.7743593 0.7751852 0.7978323 0.7959580  0.8023729  0.8055948
maxTSS         0.7514345 0.7520451 0.7811160 0.7786116  0.7875115  0.7918383
maxKappa       0.7498981 0.7503522 0.7798419 0.7772427  0.7866477  0.7911978
maxSEDI        0.8810587 0.8817102 0.9008298 0.8992210  0.9048474  0.9075560
user.self      0.0200000 0.0220000 0.0090000 0.0140000  0.0100000  0.0590000
sys.self       0.0760000 0.0880000 0.0760000 0.0760000  0.0830000  0.0840000
elapsed        0.7170000 0.6910000 1.2840000 1.0740000 23.0820000  2.5600000
user.child     2.4570000 3.1120000 5.2200000 5.0380000 91.8520000 31.5230000
sys.child      0.2800000 0.3220000 0.3490000 0.3980000  3.2120000  1.9580000
                   gbm-7     gbm-8     gbm-9    gbm-10      gbm-11     gbm-12
AUC            0.9592935 0.9594491 0.9661136 0.9660577   0.9658378  0.9685215
AUC_S          0.9185869 0.9188982 0.9322271 0.9321154   0.9316756  0.9370430
RMSE           0.2869929 0.2866442 0.2722975 0.2729506   0.2811402  0.2671870
CBI            0.9967600 0.9974400 0.9962800 0.9975200   0.9603600  0.9959200
Score          0.8950389 0.8955723 0.9067128 0.9065403   0.8958520  0.9108480
threshold      0.4412364 0.4364166 0.4697070 0.4667346   0.4790610  0.4725659
maxSensitivity 0.9055988 0.9082485 0.9104042 0.9085928   0.9013323  0.9091018
maxSpecificity 0.8641710 0.8621303 0.8812272 0.8813926   0.8941882  0.8904791
maxAccuracy    0.8840337 0.8842419 0.8952162 0.8944339   0.8976135  0.8994079
maxPPV         0.8601529 0.8586252 0.8761900 0.8762145   0.8872091  0.8846288
maxNPV         0.9088031 0.9108594 0.9146226 0.9131014   0.9079842  0.9143244
maxJaccard     0.7892064 0.7899986 0.8064191 0.8049577   0.8084529  0.8124986
maxTSS         0.7697698 0.7703788 0.7916314 0.7899854   0.7955205  0.7995809
maxKappa       0.7681610 0.7686214 0.7904045 0.7888250   0.7950117  0.7986996
maxSEDI        0.8936174 0.8940831 0.9076766 0.9066374   0.9098645  0.9125459
user.self      0.0140000 0.0180000 0.0080000 0.0170000   0.0180000  0.0070000
sys.self       0.0760000 0.0680000 0.0830000 0.0710000   0.0730000  0.0860000
elapsed        1.0480000 1.1670000 2.1700000 1.6640000  36.9790000  5.0410000
user.child     6.2260000 4.9660000 9.3710000 8.2750000 148.6190000 52.8010000
sys.child      0.5830000 0.3410000 0.4640000 0.4830000   4.9620000  2.6990000


Models fitted and evaluated 
Top model gbm-12 refitted on full dataset for predictions 
                                     Covariate   Importance
1                                      mainGLO 1.0000000000
2  ch_lulc_agg11_present_pixel_2018_reg17_3000 0.0518395310
3         reg_topo_alti3d2016_pixel_slope_mean 0.0448514257
4  ch_lulc_agg11_present_pixel_2018_reg13_3000 0.0444043433
5  ch_lulc_agg11_present_pixel_2018_reg16_3000 0.0429302646
6           ch_hydro_gwn07_pixel_dist2lake_cl1 0.0344236171
7  ch_lulc_agg11_present_pixel_2018_reg12_3000 0.0312323086
8  ch_lulc_agg11_present_pixel_2018_reg18_3000 0.0303694502
9  ch_lulc_agg11_present_pixel_2018_reg14_1500 0.0266099874
10 ch_lulc_agg11_present_pixel_2018_reg10_3000 0.0222748250
11 ch_lulc_agg11_present_pixel_2018_reg15_3000 0.0214014076
12 ch_lulc_agg11_present_pixel_2018_reg19_1500 0.0005646832


Variable importance scores and response curves computed 
           used  (Mb) gc trigger   (Mb)  max used   (Mb)
Ncells  5568111 297.4   11033354  589.3  11033354  589.3
Vcells 79076786 603.4  378362806 2886.7 393834483 3004.8
Predictions calculated and saved 
Finished!
