Ready for mapping and ensembling 217 2020 future REG predictions obtained for Acer campestre under covariate nesting method...
glm predictions saved 
gam predictions saved 
max predictions saved 
rf predictions saved 
gbm predictions saved 
Ready for mapping and ensembling 217 2025 future REG predictions obtained for Acer campestre under covariate nesting method...
glm predictions saved 
gam predictions saved 
max predictions saved 
rf predictions saved 
gbm predictions saved 
Ready for mapping and ensembling 217 2030 future REG predictions obtained for Acer campestre under covariate nesting method...
glm predictions saved 
gam predictions saved 
max predictions saved 
rf predictions saved 
gbm predictions saved 
Ready for mapping and ensembling 217 2035 future REG predictions obtained for Acer campestre under covariate nesting method...
glm predictions saved 
gam predictions saved 
max predictions saved 
rf predictions saved 
gbm predictions saved 
Ready for mapping and ensembling 217 2040 future REG predictions obtained for Acer campestre under covariate nesting method...
glm predictions saved 
gam predictions saved 
max predictions saved 
rf predictions saved 
gbm predictions saved 
Ready for mapping and ensembling 217 2045 future REG predictions obtained for Acer campestre under covariate nesting method...
glm predictions saved 
gam predictions saved 
max predictions saved 
rf predictions saved 
gbm predictions saved 
Ready for mapping and ensembling 217 2050 future REG predictions obtained for Acer campestre under covariate nesting method...
glm predictions saved 
gam predictions saved 
max predictions saved 
rf predictions saved 
gbm predictions saved 
Ready for mapping and ensembling 217 2055 future REG predictions obtained for Acer campestre under covariate nesting method...
glm predictions saved 
gam predictions saved 
max predictions saved 
rf predictions saved 
gbm predictions saved 
Ready for mapping and ensembling 217 2060 future REG predictions obtained for Acer campestre under covariate nesting method...
glm predictions saved 
gam predictions saved 
max predictions saved 
rf predictions saved 
gbm predictions saved 
Ready for mapping and ensembling 218 2020 future REG predictions obtained for Acer campestre under covariate nesting method...
glm predictions saved 
gam predictions saved 
max predictions saved 
rf predictions saved 
gbm predictions saved 
Ready for mapping and ensembling 218 2025 future REG predictions obtained for Acer campestre under covariate nesting method...
glm predictions saved 
gam predictions saved 
max predictions saved 
rf predictions saved 
gbm predictions saved 
Ready for mapping and ensembling 218 2030 future REG predictions obtained for Acer campestre under covariate nesting method...
glm predictions saved 
gam predictions saved 
max predictions saved 
rf predictions saved 
gbm predictions saved 
Ready for mapping and ensembling 218 2035 future REG predictions obtained for Acer campestre under covariate nesting method...
glm predictions saved 
gam predictions saved 
max predictions saved 
rf predictions saved 
gbm predictions saved 
Ready for mapping and ensembling 218 2040 future REG predictions obtained for Acer campestre under covariate nesting method...
glm predictions saved 
gam predictions saved 
max predictions saved 
rf predictions saved 
gbm predictions saved 
Ready for mapping and ensembling 218 2045 future REG predictions obtained for Acer campestre under covariate nesting method...
glm predictions saved 
gam predictions saved 
max predictions saved 
rf predictions saved 
gbm predictions saved 
Ready for mapping and ensembling 218 2050 future REG predictions obtained for Acer campestre under covariate nesting method...
glm predictions saved 
gam predictions saved 
max predictions saved 
rf predictions saved 
gbm predictions saved 
Ready for mapping and ensembling 218 2055 future REG predictions obtained for Acer campestre under covariate nesting method...
glm predictions saved 
gam predictions saved 
max predictions saved 
rf predictions saved 
gbm predictions saved 
Ready for mapping and ensembling 218 2060 future REG predictions obtained for Acer campestre under covariate nesting method...
glm predictions saved 
gam predictions saved 
max predictions saved 
rf predictions saved 
gbm predictions saved 
Ready for mapping and ensembling 219 2020 future REG predictions obtained for Acer campestre under covariate nesting method...
glm predictions saved 
gam predictions saved 
max predictions saved 
rf predictions saved 
gbm predictions saved 
Ready for mapping and ensembling 219 2025 future REG predictions obtained for Acer campestre under covariate nesting method...
glm predictions saved 
gam predictions saved 
max predictions saved 
rf predictions saved 
gbm predictions saved 
Ready for mapping and ensembling 219 2030 future REG predictions obtained for Acer campestre under covariate nesting method...
glm predictions saved 
gam predictions saved 
max predictions saved 
rf predictions saved 
gbm predictions saved 
Ready for mapping and ensembling 219 2035 future REG predictions obtained for Acer campestre under covariate nesting method...
glm predictions saved 
gam predictions saved 
max predictions saved 
rf predictions saved 
gbm predictions saved 
Ready for mapping and ensembling 219 2040 future REG predictions obtained for Acer campestre under covariate nesting method...
glm predictions saved 
gam predictions saved 
max predictions saved 
rf predictions saved 
gbm predictions saved 
Ready for mapping and ensembling 219 2045 future REG predictions obtained for Acer campestre under covariate nesting method...
glm predictions saved 
gam predictions saved 
max predictions saved 
rf predictions saved 
gbm predictions saved 
Ready for mapping and ensembling 219 2050 future REG predictions obtained for Acer campestre under covariate nesting method...
glm predictions saved 
gam predictions saved 
max predictions saved 
rf predictions saved 
gbm predictions saved 
Ready for mapping and ensembling 219 2055 future REG predictions obtained for Acer campestre under covariate nesting method...
glm predictions saved 
gam predictions saved 
max predictions saved 
rf predictions saved 
gbm predictions saved 
Ready for mapping and ensembling 219 2060 future REG predictions obtained for Acer campestre under covariate nesting method...
glm predictions saved 
gam predictions saved 
max predictions saved 
rf predictions saved 
gbm predictions saved 
Ready for mapping and ensembling 1076 2020 future REG predictions obtained for Acer campestre under covariate nesting method...
glm predictions saved 
gam predictions saved 
max predictions saved 
rf predictions saved 
gbm predictions saved 
Ready for mapping and ensembling 1076 2025 future REG predictions obtained for Acer campestre under covariate nesting method...
glm predictions saved 
gam predictions saved 
max predictions saved 
rf predictions saved 
gbm predictions saved 
Ready for mapping and ensembling 1076 2030 future REG predictions obtained for Acer campestre under covariate nesting method...
glm predictions saved 
gam predictions saved 
max predictions saved 
rf predictions saved 
gbm predictions saved 
Ready for mapping and ensembling 1076 2035 future REG predictions obtained for Acer campestre under covariate nesting method...
glm predictions saved 
gam predictions saved 
max predictions saved 
rf predictions saved 
gbm predictions saved 
Ready for mapping and ensembling 1076 2040 future REG predictions obtained for Acer campestre under covariate nesting method...
glm predictions saved 
gam predictions saved 
max predictions saved 
rf predictions saved 
gbm predictions saved 
Ready for mapping and ensembling 1076 2045 future REG predictions obtained for Acer campestre under covariate nesting method...
glm predictions saved 
gam predictions saved 
max predictions saved 
rf predictions saved 
gbm predictions saved 
Ready for mapping and ensembling 1076 2050 future REG predictions obtained for Acer campestre under covariate nesting method...
glm predictions saved 
gam predictions saved 
max predictions saved 
rf predictions saved 
gbm predictions saved 
Ready for mapping and ensembling 1076 2055 future REG predictions obtained for Acer campestre under covariate nesting method...
glm predictions saved 
gam predictions saved 
max predictions saved 
rf predictions saved 
gbm predictions saved 
Ready for mapping and ensembling 1076 2060 future REG predictions obtained for Acer campestre under covariate nesting method...
glm predictions saved 
gam predictions saved 
max predictions saved 
rf predictions saved 
gbm predictions saved 
Ready for mapping and ensembling 1077 2020 future REG predictions obtained for Acer campestre under covariate nesting method...
glm predictions saved 
gam predictions saved 
max predictions saved 
rf predictions saved 
gbm predictions saved 
Ready for mapping and ensembling 1077 2025 future REG predictions obtained for Acer campestre under covariate nesting method...
glm predictions saved 
gam predictions saved 
max predictions saved 
rf predictions saved 
gbm predictions saved 
Ready for mapping and ensembling 1077 2030 future REG predictions obtained for Acer campestre under covariate nesting method...
glm predictions saved 
gam predictions saved 
max predictions saved 
rf predictions saved 
gbm predictions saved 
Ready for mapping and ensembling 1077 2035 future REG predictions obtained for Acer campestre under covariate nesting method...
glm predictions saved 
gam predictions saved 
max predictions saved 
rf predictions saved 
gbm predictions saved 
Ready for mapping and ensembling 1077 2040 future REG predictions obtained for Acer campestre under covariate nesting method...
glm predictions saved 
gam predictions saved 
max predictions saved 
rf predictions saved 
gbm predictions saved 
Ready for mapping and ensembling 1077 2045 future REG predictions obtained for Acer campestre under covariate nesting method...
glm predictions saved 
gam predictions saved 
max predictions saved 
rf predictions saved 
gbm predictions saved 
Ready for mapping and ensembling 1077 2050 future REG predictions obtained for Acer campestre under covariate nesting method...
glm predictions saved 
gam predictions saved 
max predictions saved 
rf predictions saved 
gbm predictions saved 
Ready for mapping and ensembling 1077 2055 future REG predictions obtained for Acer campestre under covariate nesting method...
glm predictions saved 
gam predictions saved 
max predictions saved 
rf predictions saved 
gbm predictions saved 
Ready for mapping and ensembling 1077 2060 future REG predictions obtained for Acer campestre under covariate nesting method...
glm predictions saved 
gam predictions saved 
max predictions saved 
rf predictions saved 
gbm predictions saved 
Ready for mapping and ensembling 1078 2020 future REG predictions obtained for Acer campestre under covariate nesting method...
glm predictions saved 
gam predictions saved 
max predictions saved 
rf predictions saved 
gbm predictions saved 
Ready for mapping and ensembling 1078 2025 future REG predictions obtained for Acer campestre under covariate nesting method...
glm predictions saved 
gam predictions saved 
max predictions saved 
rf predictions saved 
gbm predictions saved 
Ready for mapping and ensembling 1078 2030 future REG predictions obtained for Acer campestre under covariate nesting method...
glm predictions saved 
gam predictions saved 
max predictions saved 
rf predictions saved 
gbm predictions saved 
Ready for mapping and ensembling 1078 2035 future REG predictions obtained for Acer campestre under covariate nesting method...
glm predictions saved 
gam predictions saved 
max predictions saved 
rf predictions saved 
gbm predictions saved 
Ready for mapping and ensembling 1078 2040 future REG predictions obtained for Acer campestre under covariate nesting method...
glm predictions saved 
gam predictions saved 
max predictions saved 
rf predictions saved 
gbm predictions saved 
Ready for mapping and ensembling 1078 2045 future REG predictions obtained for Acer campestre under covariate nesting method...
glm predictions saved 
gam predictions saved 
max predictions saved 
rf predictions saved 
gbm predictions saved 
Ready for mapping and ensembling 1078 2050 future REG predictions obtained for Acer campestre under covariate nesting method...
glm predictions saved 
gam predictions saved 
max predictions saved 
rf predictions saved 
gbm predictions saved 
Ready for mapping and ensembling 1078 2055 future REG predictions obtained for Acer campestre under covariate nesting method...
glm predictions saved 
gam predictions saved 
max predictions saved 
rf predictions saved 
gbm predictions saved 
Ready for mapping and ensembling 1078 2060 future REG predictions obtained for Acer campestre under covariate nesting method...
glm predictions saved 
gam predictions saved 
max predictions saved 
rf predictions saved 
gbm predictions saved 
Ready for mapping and ensembling 609 2020 future REG predictions obtained for Acer campestre under covariate nesting method...
glm predictions saved 
gam predictions saved 
max predictions saved 
rf predictions saved 
gbm predictions saved 
Ready for mapping and ensembling 609 2025 future REG predictions obtained for Acer campestre under covariate nesting method...
glm predictions saved 
gam predictions saved 
max predictions saved 
rf predictions saved 
gbm predictions saved 
Ready for mapping and ensembling 609 2030 future REG predictions obtained for Acer campestre under covariate nesting method...
glm predictions saved 
gam predictions saved 
max predictions saved 
rf predictions saved 
gbm predictions saved 
Ready for mapping and ensembling 609 2035 future REG predictions obtained for Acer campestre under covariate nesting method...
glm predictions saved 
gam predictions saved 
max predictions saved 
rf predictions saved 
gbm predictions saved 
Ready for mapping and ensembling 609 2040 future REG predictions obtained for Acer campestre under covariate nesting method...
glm predictions saved 
gam predictions saved 
max predictions saved 
rf predictions saved 
gbm predictions saved 
Ready for mapping and ensembling 609 2045 future REG predictions obtained for Acer campestre under covariate nesting method...
glm predictions saved 
gam predictions saved 
max predictions saved 
rf predictions saved 
gbm predictions saved 
Ready for mapping and ensembling 609 2050 future REG predictions obtained for Acer campestre under covariate nesting method...
glm predictions saved 
gam predictions saved 
max predictions saved 
rf predictions saved 
gbm predictions saved 
Ready for mapping and ensembling 609 2055 future REG predictions obtained for Acer campestre under covariate nesting method...
glm predictions saved 
gam predictions saved 
max predictions saved 
rf predictions saved 
gbm predictions saved 
Ready for mapping and ensembling 609 2060 future REG predictions obtained for Acer campestre under covariate nesting method...
glm predictions saved 
gam predictions saved 
max predictions saved 
rf predictions saved 
gbm predictions saved 
Ready for mapping and ensembling 610 2020 future REG predictions obtained for Acer campestre under covariate nesting method...
glm predictions saved 
gam predictions saved 
max predictions saved 
rf predictions saved 
gbm predictions saved 
Ready for mapping and ensembling 610 2025 future REG predictions obtained for Acer campestre under covariate nesting method...
glm predictions saved 
gam predictions saved 
max predictions saved 
rf predictions saved 
gbm predictions saved 
Ready for mapping and ensembling 610 2030 future REG predictions obtained for Acer campestre under covariate nesting method...
glm predictions saved 
gam predictions saved 
max predictions saved 
rf predictions saved 
gbm predictions saved 
Ready for mapping and ensembling 610 2035 future REG predictions obtained for Acer campestre under covariate nesting method...
glm predictions saved 
gam predictions saved 
max predictions saved 
rf predictions saved 
gbm predictions saved 
Ready for mapping and ensembling 610 2040 future REG predictions obtained for Acer campestre under covariate nesting method...
glm predictions saved 
gam predictions saved 
max predictions saved 
rf predictions saved 
gbm predictions saved 
Ready for mapping and ensembling 610 2045 future REG predictions obtained for Acer campestre under covariate nesting method...
glm predictions saved 
gam predictions saved 
max predictions saved 
rf predictions saved 
gbm predictions saved 
Ready for mapping and ensembling 610 2050 future REG predictions obtained for Acer campestre under covariate nesting method...
glm predictions saved 
gam predictions saved 
max predictions saved 
rf predictions saved 
gbm predictions saved 
Ready for mapping and ensembling 610 2055 future REG predictions obtained for Acer campestre under covariate nesting method...
glm predictions saved 
gam predictions saved 
max predictions saved 
rf predictions saved 
gbm predictions saved 
Ready for mapping and ensembling 610 2060 future REG predictions obtained for Acer campestre under covariate nesting method...
glm predictions saved 
gam predictions saved 
max predictions saved 
rf predictions saved 
gbm predictions saved 
Ready for mapping and ensembling 611 2020 future REG predictions obtained for Acer campestre under covariate nesting method...
glm predictions saved 
gam predictions saved 
max predictions saved 
rf predictions saved 
gbm predictions saved 
Ready for mapping and ensembling 611 2025 future REG predictions obtained for Acer campestre under covariate nesting method...
glm predictions saved 
gam predictions saved 
max predictions saved 
rf predictions saved 
gbm predictions saved 
Ready for mapping and ensembling 611 2030 future REG predictions obtained for Acer campestre under covariate nesting method...
glm predictions saved 
gam predictions saved 
max predictions saved 
rf predictions saved 
gbm predictions saved 
Ready for mapping and ensembling 611 2035 future REG predictions obtained for Acer campestre under covariate nesting method...
glm predictions saved 
gam predictions saved 
max predictions saved 
rf predictions saved 
gbm predictions saved 
Ready for mapping and ensembling 611 2040 future REG predictions obtained for Acer campestre under covariate nesting method...
glm predictions saved 
gam predictions saved 
max predictions saved 
rf predictions saved 
gbm predictions saved 
Ready for mapping and ensembling 611 2045 future REG predictions obtained for Acer campestre under covariate nesting method...
glm predictions saved 
gam predictions saved 
max predictions saved 
rf predictions saved 
gbm predictions saved 
Ready for mapping and ensembling 611 2050 future REG predictions obtained for Acer campestre under covariate nesting method...
glm predictions saved 
gam predictions saved 
max predictions saved 
rf predictions saved 
gbm predictions saved 
Ready for mapping and ensembling 611 2055 future REG predictions obtained for Acer campestre under covariate nesting method...
glm predictions saved 
gam predictions saved 
max predictions saved 
rf predictions saved 
gbm predictions saved 
Ready for mapping and ensembling 611 2060 future REG predictions obtained for Acer campestre under covariate nesting method...
glm predictions saved 
gam predictions saved 
max predictions saved 
rf predictions saved 
gbm predictions saved 
Ready for mapping and ensembling 772 2020 future REG predictions obtained for Acer campestre under covariate nesting method...
glm predictions saved 
gam predictions saved 
max predictions saved 
rf predictions saved 
gbm predictions saved 
Ready for mapping and ensembling 772 2025 future REG predictions obtained for Acer campestre under covariate nesting method...
glm predictions saved 
gam predictions saved 
max predictions saved 
rf predictions saved 
gbm predictions saved 
Ready for mapping and ensembling 772 2030 future REG predictions obtained for Acer campestre under covariate nesting method...
glm predictions saved 
gam predictions saved 
max predictions saved 
rf predictions saved 
gbm predictions saved 
Ready for mapping and ensembling 772 2035 future REG predictions obtained for Acer campestre under covariate nesting method...
glm predictions saved 
gam predictions saved 
max predictions saved 
rf predictions saved 
gbm predictions saved 
Ready for mapping and ensembling 772 2040 future REG predictions obtained for Acer campestre under covariate nesting method...
glm predictions saved 
gam predictions saved 
max predictions saved 
rf predictions saved 
gbm predictions saved 
Ready for mapping and ensembling 772 2045 future REG predictions obtained for Acer campestre under covariate nesting method...
glm predictions saved 
gam predictions saved 
max predictions saved 
rf predictions saved 
gbm predictions saved 
Ready for mapping and ensembling 772 2050 future REG predictions obtained for Acer campestre under covariate nesting method...
glm predictions saved 
gam predictions saved 
max predictions saved 
rf predictions saved 
gbm predictions saved 
Ready for mapping and ensembling 772 2055 future REG predictions obtained for Acer campestre under covariate nesting method...
glm predictions saved 
gam predictions saved 
max predictions saved 
rf predictions saved 
gbm predictions saved 
Ready for mapping and ensembling 772 2060 future REG predictions obtained for Acer campestre under covariate nesting method...
glm predictions saved 
gam predictions saved 
max predictions saved 
rf predictions saved 
gbm predictions saved 
Ready for mapping and ensembling 773 2020 future REG predictions obtained for Acer campestre under covariate nesting method...
glm predictions saved 
gam predictions saved 
max predictions saved 
rf predictions saved 
gbm predictions saved 
Ready for mapping and ensembling 773 2025 future REG predictions obtained for Acer campestre under covariate nesting method...
glm predictions saved 
gam predictions saved 
max predictions saved 
rf predictions saved 
gbm predictions saved 
Ready for mapping and ensembling 773 2030 future REG predictions obtained for Acer campestre under covariate nesting method...
glm predictions saved 
gam predictions saved 
max predictions saved 
rf predictions saved 
gbm predictions saved 
Ready for mapping and ensembling 773 2035 future REG predictions obtained for Acer campestre under covariate nesting method...
glm predictions saved 
gam predictions saved 
max predictions saved 
rf predictions saved 
gbm predictions saved 
Ready for mapping and ensembling 773 2040 future REG predictions obtained for Acer campestre under covariate nesting method...
glm predictions saved 
gam predictions saved 
max predictions saved 
rf predictions saved 
gbm predictions saved 
Ready for mapping and ensembling 773 2045 future REG predictions obtained for Acer campestre under covariate nesting method...
glm predictions saved 
gam predictions saved 
max predictions saved 
rf predictions saved 
gbm predictions saved 
Ready for mapping and ensembling 773 2050 future REG predictions obtained for Acer campestre under covariate nesting method...
glm predictions saved 
gam predictions saved 
max predictions saved 
rf predictions saved 
gbm predictions saved 
Ready for mapping and ensembling 773 2055 future REG predictions obtained for Acer campestre under covariate nesting method...
glm predictions saved 
gam predictions saved 
max predictions saved 
rf predictions saved 
gbm predictions saved 
Ready for mapping and ensembling 773 2060 future REG predictions obtained for Acer campestre under covariate nesting method...
glm predictions saved 
gam predictions saved 
max predictions saved 
rf predictions saved 
gbm predictions saved 
Ready for mapping and ensembling 774 2020 future REG predictions obtained for Acer campestre under covariate nesting method...
glm predictions saved 
gam predictions saved 
max predictions saved 
rf predictions saved 
gbm predictions saved 
Ready for mapping and ensembling 774 2025 future REG predictions obtained for Acer campestre under covariate nesting method...
glm predictions saved 
gam predictions saved 
max predictions saved 
rf predictions saved 
gbm predictions saved 
Ready for mapping and ensembling 774 2030 future REG predictions obtained for Acer campestre under covariate nesting method...
glm predictions saved 
gam predictions saved 
max predictions saved 
rf predictions saved 
gbm predictions saved 
Ready for mapping and ensembling 774 2035 future REG predictions obtained for Acer campestre under covariate nesting method...
glm predictions saved 
gam predictions saved 
max predictions saved 
rf predictions saved 
gbm predictions saved 
Ready for mapping and ensembling 774 2040 future REG predictions obtained for Acer campestre under covariate nesting method...
glm predictions saved 
gam predictions saved 
max predictions saved 
rf predictions saved 
gbm predictions saved 
Ready for mapping and ensembling 774 2045 future REG predictions obtained for Acer campestre under covariate nesting method...
glm predictions saved 
gam predictions saved 
max predictions saved 
rf predictions saved 
gbm predictions saved 
Ready for mapping and ensembling 774 2050 future REG predictions obtained for Acer campestre under covariate nesting method...
glm predictions saved 
gam predictions saved 
max predictions saved 
rf predictions saved 
gbm predictions saved 
Ready for mapping and ensembling 774 2055 future REG predictions obtained for Acer campestre under covariate nesting method...
glm predictions saved 
gam predictions saved 
max predictions saved 
rf predictions saved 
gbm predictions saved 
Ready for mapping and ensembling 774 2060 future REG predictions obtained for Acer campestre under covariate nesting method...
glm predictions saved 
gam predictions saved 
max predictions saved 
rf predictions saved 
gbm predictions saved 
GLO and REG predictions nested and saved 
Finished!
