Ready for mapping and ensembling rcp26 2020 future GLO predictions obtained for Achillea millefolium ...
glm predictions saved 
gam predictions saved 
max predictions saved 
rf predictions saved 
gbm predictions saved 
Ready for mapping and ensembling rcp26 2025 future GLO predictions obtained for Achillea millefolium ...
glm predictions saved 
gam predictions saved 
max predictions saved 
rf predictions saved 
gbm predictions saved 
Ready for mapping and ensembling rcp26 2030 future GLO predictions obtained for Achillea millefolium ...
glm predictions saved 
gam predictions saved 
max predictions saved 
rf predictions saved 
gbm predictions saved 
Ready for mapping and ensembling rcp26 2035 future GLO predictions obtained for Achillea millefolium ...
glm predictions saved 
gam predictions saved 
max predictions saved 
rf predictions saved 
gbm predictions saved 
Ready for mapping and ensembling rcp26 2040 future GLO predictions obtained for Achillea millefolium ...
glm predictions saved 
gam predictions saved 
max predictions saved 
rf predictions saved 
gbm predictions saved 
Ready for mapping and ensembling rcp26 2045 future GLO predictions obtained for Achillea millefolium ...
glm predictions saved 
gam predictions saved 
max predictions saved 
rf predictions saved 
gbm predictions saved 
Ready for mapping and ensembling rcp26 2050 future GLO predictions obtained for Achillea millefolium ...
glm predictions saved 
gam predictions saved 
max predictions saved 
rf predictions saved 
gbm predictions saved 
Ready for mapping and ensembling rcp26 2055 future GLO predictions obtained for Achillea millefolium ...
glm predictions saved 
gam predictions saved 
max predictions saved 
rf predictions saved 
gbm predictions saved 
Ready for mapping and ensembling rcp26 2060 future GLO predictions obtained for Achillea millefolium ...
glm predictions saved 
gam predictions saved 
max predictions saved 
rf predictions saved 
gbm predictions saved 
Ready for mapping and ensembling rcp45 2020 future GLO predictions obtained for Achillea millefolium ...
glm predictions saved 
gam predictions saved 
max predictions saved 
rf predictions saved 
gbm predictions saved 
Ready for mapping and ensembling rcp45 2025 future GLO predictions obtained for Achillea millefolium ...
glm predictions saved 
gam predictions saved 
max predictions saved 
rf predictions saved 
gbm predictions saved 
Ready for mapping and ensembling rcp45 2030 future GLO predictions obtained for Achillea millefolium ...
glm predictions saved 
gam predictions saved 
max predictions saved 
rf predictions saved 
gbm predictions saved 
Ready for mapping and ensembling rcp45 2035 future GLO predictions obtained for Achillea millefolium ...
glm predictions saved 
gam predictions saved 
max predictions saved 
rf predictions saved 
gbm predictions saved 
Ready for mapping and ensembling rcp45 2040 future GLO predictions obtained for Achillea millefolium ...
glm predictions saved 
gam predictions saved 
max predictions saved 
rf predictions saved 
gbm predictions saved 
Ready for mapping and ensembling rcp45 2045 future GLO predictions obtained for Achillea millefolium ...
glm predictions saved 
gam predictions saved 
max predictions saved 
rf predictions saved 
gbm predictions saved 
Ready for mapping and ensembling rcp45 2050 future GLO predictions obtained for Achillea millefolium ...
glm predictions saved 
gam predictions saved 
max predictions saved 
rf predictions saved 
gbm predictions saved 
Ready for mapping and ensembling rcp45 2055 future GLO predictions obtained for Achillea millefolium ...
glm predictions saved 
gam predictions saved 
max predictions saved 
rf predictions saved 
gbm predictions saved 
Ready for mapping and ensembling rcp45 2060 future GLO predictions obtained for Achillea millefolium ...
glm predictions saved 
gam predictions saved 
max predictions saved 
rf predictions saved 
gbm predictions saved 
Ready for mapping and ensembling rcp85 2020 future GLO predictions obtained for Achillea millefolium ...
glm predictions saved 
gam predictions saved 
max predictions saved 
rf predictions saved 
gbm predictions saved 
Ready for mapping and ensembling rcp85 2025 future GLO predictions obtained for Achillea millefolium ...
glm predictions saved 
gam predictions saved 
max predictions saved 
rf predictions saved 
gbm predictions saved 
Ready for mapping and ensembling rcp85 2030 future GLO predictions obtained for Achillea millefolium ...
glm predictions saved 
gam predictions saved 
max predictions saved 
rf predictions saved 
gbm predictions saved 
Ready for mapping and ensembling rcp85 2035 future GLO predictions obtained for Achillea millefolium ...
glm predictions saved 
gam predictions saved 
max predictions saved 
rf predictions saved 
gbm predictions saved 
Ready for mapping and ensembling rcp85 2040 future GLO predictions obtained for Achillea millefolium ...
glm predictions saved 
gam predictions saved 
max predictions saved 
rf predictions saved 
gbm predictions saved 
Ready for mapping and ensembling rcp85 2045 future GLO predictions obtained for Achillea millefolium ...
glm predictions saved 
gam predictions saved 
max predictions saved 
rf predictions saved 
gbm predictions saved 
Ready for mapping and ensembling rcp85 2050 future GLO predictions obtained for Achillea millefolium ...
glm predictions saved 
gam predictions saved 
max predictions saved 
rf predictions saved 
gbm predictions saved 
Ready for mapping and ensembling rcp85 2055 future GLO predictions obtained for Achillea millefolium ...
glm predictions saved 
gam predictions saved 
max predictions saved 
rf predictions saved 
gbm predictions saved 
Ready for mapping and ensembling rcp85 2060 future GLO predictions obtained for Achillea millefolium ...
glm predictions saved 
gam predictions saved 
max predictions saved 
rf predictions saved 
gbm predictions saved 
Ensemble predictions saved 
Finished!
