Ready for 1077 2020 GLM future REG predictions of Lynx lynx  using the  covariate  method for scale-nesting ...
Ready for 1077 2025 GLM future REG predictions of Lynx lynx  using the  covariate  method for scale-nesting ...
Ready for 1077 2030 GLM future REG predictions of Lynx lynx  using the  covariate  method for scale-nesting ...
Ready for 1077 2035 GLM future REG predictions of Lynx lynx  using the  covariate  method for scale-nesting ...
Ready for 1077 2040 GLM future REG predictions of Lynx lynx  using the  covariate  method for scale-nesting ...
Ready for 1077 2045 GLM future REG predictions of Lynx lynx  using the  covariate  method for scale-nesting ...
Ready for 1077 2050 GLM future REG predictions of Lynx lynx  using the  covariate  method for scale-nesting ...
Ready for 1077 2055 GLM future REG predictions of Lynx lynx  using the  covariate  method for scale-nesting ...
Ready for 1077 2060 GLM future REG predictions of Lynx lynx  using the  covariate  method for scale-nesting ...
Ready for 1077 2020 GAM future REG predictions of Lynx lynx  using the  covariate  method for scale-nesting ...
Ready for 1077 2025 GAM future REG predictions of Lynx lynx  using the  covariate  method for scale-nesting ...
Ready for 1077 2030 GAM future REG predictions of Lynx lynx  using the  covariate  method for scale-nesting ...
Ready for 1077 2035 GAM future REG predictions of Lynx lynx  using the  covariate  method for scale-nesting ...
Ready for 1077 2040 GAM future REG predictions of Lynx lynx  using the  covariate  method for scale-nesting ...
Ready for 1077 2045 GAM future REG predictions of Lynx lynx  using the  covariate  method for scale-nesting ...
Ready for 1077 2050 GAM future REG predictions of Lynx lynx  using the  covariate  method for scale-nesting ...
Ready for 1077 2055 GAM future REG predictions of Lynx lynx  using the  covariate  method for scale-nesting ...
Ready for 1077 2060 GAM future REG predictions of Lynx lynx  using the  covariate  method for scale-nesting ...
Ready for 1077 2020 MAX future REG predictions of Lynx lynx  using the  covariate  method for scale-nesting ...
Ready for 1077 2025 MAX future REG predictions of Lynx lynx  using the  covariate  method for scale-nesting ...
Ready for 1077 2030 MAX future REG predictions of Lynx lynx  using the  covariate  method for scale-nesting ...
Ready for 1077 2035 MAX future REG predictions of Lynx lynx  using the  covariate  method for scale-nesting ...
Ready for 1077 2040 MAX future REG predictions of Lynx lynx  using the  covariate  method for scale-nesting ...
Ready for 1077 2045 MAX future REG predictions of Lynx lynx  using the  covariate  method for scale-nesting ...
Ready for 1077 2050 MAX future REG predictions of Lynx lynx  using the  covariate  method for scale-nesting ...
Ready for 1077 2055 MAX future REG predictions of Lynx lynx  using the  covariate  method for scale-nesting ...
Ready for 1077 2060 MAX future REG predictions of Lynx lynx  using the  covariate  method for scale-nesting ...
Ready for 1077 2020 RF future REG predictions of Lynx lynx  using the  covariate  method for scale-nesting ...
Ready for 1077 2025 RF future REG predictions of Lynx lynx  using the  covariate  method for scale-nesting ...
Ready for 1077 2030 RF future REG predictions of Lynx lynx  using the  covariate  method for scale-nesting ...
Ready for 1077 2035 RF future REG predictions of Lynx lynx  using the  covariate  method for scale-nesting ...
Ready for 1077 2040 RF future REG predictions of Lynx lynx  using the  covariate  method for scale-nesting ...
Ready for 1077 2045 RF future REG predictions of Lynx lynx  using the  covariate  method for scale-nesting ...
Ready for 1077 2050 RF future REG predictions of Lynx lynx  using the  covariate  method for scale-nesting ...
Ready for 1077 2055 RF future REG predictions of Lynx lynx  using the  covariate  method for scale-nesting ...
Ready for 1077 2060 RF future REG predictions of Lynx lynx  using the  covariate  method for scale-nesting ...
Ready for 1077 2020 GBM future REG predictions of Lynx lynx  using the  covariate  method for scale-nesting ...
Ready for 1077 2025 GBM future REG predictions of Lynx lynx  using the  covariate  method for scale-nesting ...
Ready for 1077 2030 GBM future REG predictions of Lynx lynx  using the  covariate  method for scale-nesting ...
Ready for 1077 2035 GBM future REG predictions of Lynx lynx  using the  covariate  method for scale-nesting ...
Ready for 1077 2040 GBM future REG predictions of Lynx lynx  using the  covariate  method for scale-nesting ...
Ready for 1077 2045 GBM future REG predictions of Lynx lynx  using the  covariate  method for scale-nesting ...
Ready for 1077 2050 GBM future REG predictions of Lynx lynx  using the  covariate  method for scale-nesting ...
Ready for 1077 2055 GBM future REG predictions of Lynx lynx  using the  covariate  method for scale-nesting ...
Ready for 1077 2060 GBM future REG predictions of Lynx lynx  using the  covariate  method for scale-nesting ...
Predictions calculated and saved 
Finished!
