Ready for rcp85 2020 GLM future GLO predictions for Acer campestre ...
Ready for rcp85 2025 GLM future GLO predictions for Acer campestre ...
Ready for rcp85 2030 GLM future GLO predictions for Acer campestre ...
Ready for rcp85 2035 GLM future GLO predictions for Acer campestre ...
Ready for rcp85 2040 GLM future GLO predictions for Acer campestre ...
Ready for rcp85 2045 GLM future GLO predictions for Acer campestre ...
Ready for rcp85 2050 GLM future GLO predictions for Acer campestre ...
Ready for rcp85 2055 GLM future GLO predictions for Acer campestre ...
Ready for rcp85 2060 GLM future GLO predictions for Acer campestre ...
Ready for rcp85 2020 GAM future GLO predictions for Acer campestre ...
Ready for rcp85 2025 GAM future GLO predictions for Acer campestre ...
Ready for rcp85 2030 GAM future GLO predictions for Acer campestre ...
Ready for rcp85 2035 GAM future GLO predictions for Acer campestre ...
Ready for rcp85 2040 GAM future GLO predictions for Acer campestre ...
Ready for rcp85 2045 GAM future GLO predictions for Acer campestre ...
Ready for rcp85 2050 GAM future GLO predictions for Acer campestre ...
Ready for rcp85 2055 GAM future GLO predictions for Acer campestre ...
Ready for rcp85 2060 GAM future GLO predictions for Acer campestre ...
Ready for rcp85 2020 MAX future GLO predictions for Acer campestre ...
Ready for rcp85 2025 MAX future GLO predictions for Acer campestre ...
Ready for rcp85 2030 MAX future GLO predictions for Acer campestre ...
Ready for rcp85 2035 MAX future GLO predictions for Acer campestre ...
Ready for rcp85 2040 MAX future GLO predictions for Acer campestre ...
Ready for rcp85 2045 MAX future GLO predictions for Acer campestre ...
Ready for rcp85 2050 MAX future GLO predictions for Acer campestre ...
Ready for rcp85 2055 MAX future GLO predictions for Acer campestre ...
Ready for rcp85 2060 MAX future GLO predictions for Acer campestre ...
Ready for rcp85 2020 RF future GLO predictions for Acer campestre ...
Ready for rcp85 2025 RF future GLO predictions for Acer campestre ...
Ready for rcp85 2030 RF future GLO predictions for Acer campestre ...
Ready for rcp85 2035 RF future GLO predictions for Acer campestre ...
Ready for rcp85 2040 RF future GLO predictions for Acer campestre ...
Ready for rcp85 2045 RF future GLO predictions for Acer campestre ...
Ready for rcp85 2050 RF future GLO predictions for Acer campestre ...
Ready for rcp85 2055 RF future GLO predictions for Acer campestre ...
Ready for rcp85 2060 RF future GLO predictions for Acer campestre ...
Ready for rcp85 2020 GBM future GLO predictions for Acer campestre ...
Ready for rcp85 2025 GBM future GLO predictions for Acer campestre ...
Ready for rcp85 2030 GBM future GLO predictions for Acer campestre ...
Ready for rcp85 2035 GBM future GLO predictions for Acer campestre ...
Ready for rcp85 2040 GBM future GLO predictions for Acer campestre ...
Ready for rcp85 2045 GBM future GLO predictions for Acer campestre ...
Ready for rcp85 2050 GBM future GLO predictions for Acer campestre ...
Ready for rcp85 2055 GBM future GLO predictions for Acer campestre ...
Ready for rcp85 2060 GBM future GLO predictions for Acer campestre ...
Predictions calculated and saved 
Finished!
